
-----
Starting optimization with optimizer MCTS_3_10 in experiment exp_1_MCTS_depth_triangs_MCTS_3_10_homology_b0pab1_Dim.4.deg.4_4_4_seed_0


New homological profile found : 1 10 10 1


New homological profile found : 1 7 7 1


New homological profile found : 1 8 8 1


New homological profile found : 1 11 11 1


New homological profile found : 2 11 11 2


New homological profile found : 3 10 10 3


New homological profile found : 5 9 9 5


New homological profile found : 5 8 8 5


New homological profile found : 5 10 10 5


New homological profile found : 1 15 15 1


New homological profile found : 1 12 12 1


New homological profile found : 1 9 9 1


New homological profile found : 1 13 13 1


New homological profile found : 3 12 12 3


New homological profile found : 7 7 7 7


New homological profile found : 3 11 11 3


New homological profile found : 1 4 4 1


New homological profile found : 1 14 14 1


New homological profile found : 1 6 6 1


New homological profile found : 1 5 5 1


New homological profile found : 4 8 8 4


New homological profile found : 2 10 10 2


New homological profile found : 2 12 12 2


New homological profile found : 3 9 9 3


New homological profile found : 1 17 17 1


New homological profile found : 7 8 8 7


New homological profile found : 2 8 8 2


New homological profile found : 1 16 16 1

New good score found : 7.8
New good score found : 7.7
New good score found : 6.0
New good score found : 5.9
New good score found : 5.8

New homological profile found : 4 7 7 4


New homological profile found : 3 8 8 3


New homological profile found : 1 3 3 1


New homological profile found : 6 9 9 6


New homological profile found : 6 10 10 6


New homological profile found : 9 6 6 9


New homological profile found : 3 13 13 3


New homological profile found : 4 10 10 4


New homological profile found : 2 5 5 2

New good score found : 9.6
New good score found : 7.7
New good score found : 7.0

New homological profile found : 3 6 6 3


New homological profile found : 2 9 9 2


New homological profile found : 4 11 11 4


New homological profile found : 3 7 7 3


New homological profile found : 6 6 6 6


New homological profile found : 6 8 8 6


New homological profile found : 2 13 13 2


New homological profile found : 5 7 7 5

New good score found : 7.7

New homological profile found : 5 11 11 5


New homological profile found : 7 9 9 7


New homological profile found : 7 6 6 7


New homological profile found : 5 6 6 5

New good score found : 7.9

New homological profile found : 7 10 10 7


New homological profile found : 4 6 6 4


New homological profile found : 4 9 9 4

New good score found : 8.0
New good score found : 7.8

New homological profile found : 2 7 7 2


New homological profile found : 3 14 14 3


MCTS sub-iteration : 17, best score of sub-iteration : 6.1, number of solutions evaluated : 80
Current sequence : [1, 0, 1, 0, 0, 0, 1, 1, 0, 0, 0, 1, 1, 1, 1, 0, 0]

MCTS sub-iteration : 34, best score of sub-iteration : 6.1, number of solutions evaluated : 80
Current sequence : [1, 0, 1, 0, 0, 0, 1, 1, 0, 0, 0, 1, 1, 1, 1, 0, 0, 1, 0, 0, 0, 1, 1, 0, 0, 0, 0, 1, 0, 0, 0, 0, 0, 0]

MCTS sub-iteration : 51, best score of sub-iteration : 6.1, number of solutions evaluated : 8
Current sequence : [1, 0, 1, 0, 0, 0, 1, 1, 0, 0, 0, 1, 1, 1, 1, 0, 0, 1, 0, 0, 0, 1, 1, 0, 0, 0, 0, 1, 0, 0, 0, 0, 0, 0, 0, 0, 0, 0, 0, 0, 0, 0, 0, 0, 0, 0, 0, 1, 0, 0, 0]

Iteration 0 for optimizer MCTS_3_10
Current scores : [6.1 6.1 5.9 5.9 4.1]
Mean score : 5.0, mean score among 20 best scores : 5.0
The current all time best score is 9.6
Duration of the MCTS_3_10 iteration = 4.67e+03, duration of the scoring phase = 4.67e+03

New homological profile found : 2 6 6 2


New homological profile found : 6 7 7 6


New homological profile found : 4 12 12 4


New homological profile found : 9 7 7 9


New homological profile found : 8 8 8 8

New good score found : 9.7
New good score found : 8.8

New homological profile found : 4 13 13 4


New homological profile found : 8 7 7 8

New good score found : 8.7
New good score found : 9.7

New homological profile found : 2 4 4 2


New homological profile found : 9 9 9 9

New good score found : 9.9
New good score found : 9.7
New good score found : 9.9
New good score found : 9.9
New good score found : 9.9

New homological profile found : 9 10 10 9

New good score found : 10.0

New homological profile found : 8 10 10 8


New homological profile found : 8 9 9 8

New good score found : 10.0
New good score found : 10.0

New homological profile found : 9 8 8 9

New good score found : 10.0
New good score found : 10.0

MCTS sub-iteration : 17, best score of sub-iteration : 10.0, number of solutions evaluated : 80
Current sequence : [1, 1, 1, 1, 0, 1, 0, 1, 1, 1, 0, 1, 1, 0, 1, 1, 1]

MCTS sub-iteration : 34, best score of sub-iteration : 10.0, number of solutions evaluated : 80
Current sequence : [1, 1, 1, 1, 0, 1, 0, 1, 1, 1, 0, 1, 1, 0, 1, 1, 1, 0, 1, 0, 0, 0, 0, 1, 0, 0, 0, 1, 0, 0, 0, 0, 0, 0]

MCTS sub-iteration : 51, best score of sub-iteration : 10.0, number of solutions evaluated : 8
Current sequence : [1, 1, 1, 1, 0, 1, 0, 1, 1, 1, 0, 1, 1, 0, 1, 1, 1, 0, 1, 0, 0, 0, 0, 1, 0, 0, 0, 1, 0, 0, 0, 0, 0, 0, 0, 0, 0, 0, 0, 0, 0, 0, 0, 0, 0, 0, 0, 0, 0, 0, 0]

Iteration 1 for optimizer MCTS_3_10
Current scores : [10.  10.   9.8  9.8  8. ]
Mean score : 8.9, mean score among 20 best scores : 8.9
The current all time best score is 10.0
Duration of the MCTS_3_10 iteration = 4.31e+03, duration of the scoring phase = 4.31e+03
Maximal running time reached for MCTS_3_10
End of the run for optimizer MCTS_3_10
CPU time passed: 8976.73, wall time passed: 9039.33
Best score found : 10.0 


-----
Starting optimization with optimizer MCTS_3_10 in experiment exp_1_MCTS_depth_triangs_MCTS_3_10_homology_b0pab1_Dim.4.deg.4_4_4_seed_1


New homological profile found : 1 10 10 1


New homological profile found : 1 11 11 1


New homological profile found : 1 13 13 1


New homological profile found : 1 12 12 1


New homological profile found : 1 8 8 1


New homological profile found : 1 5 5 1


New homological profile found : 3 12 12 3


New homological profile found : 4 7 7 4


New homological profile found : 1 9 9 1


New homological profile found : 1 6 6 1


New homological profile found : 1 15 15 1


New homological profile found : 3 9 9 3


New homological profile found : 5 10 10 5


New homological profile found : 1 7 7 1


New homological profile found : 1 14 14 1


New homological profile found : 2 10 10 2


New homological profile found : 1 16 16 1


New homological profile found : 3 11 11 3


New homological profile found : 4 8 8 4


New homological profile found : 2 11 11 2


New homological profile found : 2 12 12 2


New homological profile found : 1 3 3 1


New homological profile found : 7 6 6 7


New homological profile found : 4 10 10 4


New homological profile found : 2 4 4 2


New homological profile found : 9 6 6 9


New homological profile found : 2 9 9 2

New good score found : 9.6
New good score found : 7.6
New good score found : 6.0
New good score found : 6.0
New good score found : 5.0

New homological profile found : 8 9 9 8


New homological profile found : 4 11 11 4


New homological profile found : 2 6 6 2


New homological profile found : 3 10 10 3


New homological profile found : 3 8 8 3


New homological profile found : 3 7 7 3


New homological profile found : 1 4 4 1


New homological profile found : 5 11 11 5


New homological profile found : 7 7 7 7


New homological profile found : 6 10 10 6

New good score found : 8.9
New good score found : 7.7
New good score found : 7.0

New homological profile found : 7 9 9 7


New homological profile found : 5 8 8 5


New homological profile found : 5 6 6 5


New homological profile found : 6 8 8 6


New homological profile found : 4 9 9 4


New homological profile found : 9 7 7 9

New good score found : 9.7
New good score found : 7.9

New homological profile found : 4 12 12 4


New homological profile found : 2 8 8 2


New homological profile found : 2 7 7 2

New good score found : 9.7
New good score found : 8.9

New homological profile found : 9 8 8 9


New homological profile found : 8 8 8 8


New homological profile found : 7 10 10 7


New homological profile found : 6 9 9 6

New good score found : 9.8
New good score found : 9.6

New homological profile found : 8 7 7 8


New homological profile found : 7 8 8 7


New homological profile found : 1 17 17 1


New homological profile found : 6 6 6 6


New homological profile found : 2 13 13 2


New homological profile found : 9 9 9 9

New good score found : 9.9
New good score found : 9.8
New good score found : 9.8

New homological profile found : 8 10 10 8

New good score found : 9.9

New homological profile found : 8 6 6 8

New good score found : 9.9

New homological profile found : 9 10 10 9


New homological profile found : 3 13 13 3

New good score found : 10.0
New good score found : 9.9
New good score found : 10.0
New good score found : 10.0
New good score found : 10.0
New good score found : 10.0

MCTS sub-iteration : 17, best score of sub-iteration : 10.0, number of solutions evaluated : 80
Current sequence : [0, 0, 0, 0, 1, 1, 1, 0, 1, 0, 0, 0, 0, 0, 0, 0, 0]

MCTS sub-iteration : 34, best score of sub-iteration : 10.0, number of solutions evaluated : 80
Current sequence : [0, 0, 0, 0, 1, 1, 1, 0, 1, 0, 0, 0, 0, 0, 0, 0, 0, 1, 0, 0, 0, 0, 1, 1, 0, 0, 0, 0, 1, 0, 0, 0, 0, 0]

MCTS sub-iteration : 51, best score of sub-iteration : 10.0, number of solutions evaluated : 8
Current sequence : [0, 0, 0, 0, 1, 1, 1, 0, 1, 0, 0, 0, 0, 0, 0, 0, 0, 1, 0, 0, 0, 0, 1, 1, 0, 0, 0, 0, 1, 0, 0, 0, 0, 0, 1, 0, 0, 0, 0, 0, 0, 0, 0, 0, 0, 0, 0, 1, 0, 0, 1]

Iteration 0 for optimizer MCTS_3_10
Current scores : [10.  10.   9.8  9.8  8. ]
Mean score : 8.9, mean score among 20 best scores : 8.9
The current all time best score is 10.0
Duration of the MCTS_3_10 iteration = 4.26e+03, duration of the scoring phase = 4.26e+03

New homological profile found : 5 7 7 5


New homological profile found : 3 14 14 3


New homological profile found : 6 7 7 6


New homological profile found : 2 5 5 2


New homological profile found : 4 13 13 4


New homological profile found : 5 9 9 5


New homological profile found : 4 6 6 4


New homological profile found : 3 6 6 3


MCTS sub-iteration : 17, best score of sub-iteration : 8.0, number of solutions evaluated : 80
Current sequence : [1, 0, 0, 0, 0, 1, 0, 0, 1, 0, 0, 0, 0, 1, 0, 1, 1]

MCTS sub-iteration : 34, best score of sub-iteration : 8.0, number of solutions evaluated : 80
Current sequence : [1, 0, 0, 0, 0, 1, 0, 0, 1, 0, 0, 0, 0, 1, 0, 1, 1, 0, 1, 0, 1, 1, 1, 0, 0, 0, 0, 0, 1, 0, 0, 0, 0, 0]

MCTS sub-iteration : 51, best score of sub-iteration : 8.0, number of solutions evaluated : 8
Current sequence : [1, 0, 0, 0, 0, 1, 0, 0, 1, 0, 0, 0, 0, 1, 0, 1, 1, 0, 1, 0, 1, 1, 1, 0, 0, 0, 0, 0, 1, 0, 0, 0, 0, 0, 0, 0, 0, 0, 0, 0, 1, 0, 0, 0, 0, 0, 0, 0, 0, 0, 1]

Iteration 1 for optimizer MCTS_3_10
Current scores : [8.  8.  7.8 7.8 6. ]
Mean score : 6.9, mean score among 20 best scores : 6.9
The current all time best score is 10.0
Duration of the MCTS_3_10 iteration = 4.38e+03, duration of the scoring phase = 4.38e+03
Maximal running time reached for MCTS_3_10
End of the run for optimizer MCTS_3_10
CPU time passed: 8641.5, wall time passed: 8703.31
Best score found : 10.0 


-----
Starting optimization with optimizer MCTS_3_10 in experiment exp_1_MCTS_depth_triangs_MCTS_3_10_homology_b0pab1_Dim.4.deg.4_4_4_seed_2


New homological profile found : 1 7 7 1


New homological profile found : 1 14 14 1


New homological profile found : 2 11 11 2


New homological profile found : 1 15 15 1


New homological profile found : 1 9 9 1


New homological profile found : 3 10 10 3


New homological profile found : 1 11 11 1


New homological profile found : 7 9 9 7


New homological profile found : 1 17 17 1


New homological profile found : 1 5 5 1


New homological profile found : 3 8 8 3


New homological profile found : 2 9 9 2


New homological profile found : 1 8 8 1


New homological profile found : 1 16 16 1


New homological profile found : 3 9 9 3


New homological profile found : 1 12 12 1


New homological profile found : 3 12 12 3


New homological profile found : 1 10 10 1


New homological profile found : 3 11 11 3


New homological profile found : 7 7 7 7


New homological profile found : 1 13 13 1


New homological profile found : 5 9 9 5


New homological profile found : 1 6 6 1


New homological profile found : 2 10 10 2


New homological profile found : 2 8 8 2

New good score found : 7.9
New good score found : 7.7
New good score found : 5.9
New good score found : 4.2
New good score found : 4.2

New homological profile found : 4 12 12 4


New homological profile found : 4 11 11 4


New homological profile found : 9 8 8 9


New homological profile found : 2 7 7 2


New homological profile found : 3 13 13 3


New homological profile found : 8 9 9 8


New homological profile found : 4 13 13 4


New homological profile found : 9 9 9 9


New homological profile found : 1 4 4 1


New homological profile found : 7 8 8 7


New homological profile found : 5 8 8 5


New homological profile found : 2 13 13 2


New homological profile found : 6 6 6 6


New homological profile found : 5 7 7 5


New homological profile found : 3 7 7 3

New good score found : 9.9
New good score found : 9.8
New good score found : 8.9
New good score found : 8.9

New homological profile found : 8 10 10 8


New homological profile found : 8 8 8 8


New homological profile found : 4 9 9 4


New homological profile found : 6 9 9 6


New homological profile found : 7 10 10 7


New homological profile found : 4 10 10 4


New homological profile found : 2 6 6 2

New good score found : 9.0
New good score found : 9.0

New homological profile found : 5 10 10 5

New good score found : 9.8

New homological profile found : 7 6 6 7


New homological profile found : 9 6 6 9


New homological profile found : 6 7 7 6


New homological profile found : 2 12 12 2


New homological profile found : 2 5 5 2

New good score found : 9.6

New homological profile found : 9 7 7 9


New homological profile found : 9 10 10 9


New homological profile found : 8 6 6 8


New homological profile found : 6 8 8 6

New good score found : 10.0
New good score found : 9.8

New homological profile found : 8 7 7 8


New homological profile found : 6 10 10 6

New good score found : 9.9
New good score found : 9.9
New good score found : 10.0
New good score found : 10.0
New good score found : 10.0
New good score found : 10.0

MCTS sub-iteration : 17, best score of sub-iteration : 10.0, number of solutions evaluated : 80
Current sequence : [0, 1, 0, 0, 1, 1, 0, 0, 1, 0, 0, 0, 0, 1, 0, 1, 0]

MCTS sub-iteration : 34, best score of sub-iteration : 10.0, number of solutions evaluated : 80
Current sequence : [0, 1, 0, 0, 1, 1, 0, 0, 1, 0, 0, 0, 0, 1, 0, 1, 0, 1, 0, 0, 0, 0, 0, 0, 0, 0, 0, 0, 1, 0, 0, 0, 0, 0]

MCTS sub-iteration : 51, best score of sub-iteration : 10.0, number of solutions evaluated : 8
Current sequence : [0, 1, 0, 0, 1, 1, 0, 0, 1, 0, 0, 0, 0, 1, 0, 1, 0, 1, 0, 0, 0, 0, 0, 0, 0, 0, 0, 0, 1, 0, 0, 0, 0, 0, 0, 0, 0, 0, 0, 0, 0, 0, 0, 0, 0, 0, 0, 0, 0, 0, 1]

Iteration 0 for optimizer MCTS_3_10
Current scores : [10.  10.   9.8  9.8  8. ]
Mean score : 8.9, mean score among 20 best scores : 8.9
The current all time best score is 10.0
Duration of the MCTS_3_10 iteration = 4.24e+03, duration of the scoring phase = 4.24e+03

New homological profile found : 4 8 8 4


New homological profile found : 4 6 6 4


New homological profile found : 4 7 7 4


New homological profile found : 2 4 4 2


New homological profile found : 3 6 6 3


New homological profile found : 1 3 3 1


MCTS sub-iteration : 17, best score of sub-iteration : 10.0, number of solutions evaluated : 80
Current sequence : [1, 0, 1, 1, 1, 1, 1, 1, 1, 1, 0, 1, 1, 0, 1, 1, 0]

MCTS sub-iteration : 34, best score of sub-iteration : 10.0, number of solutions evaluated : 80
Current sequence : [1, 0, 1, 1, 1, 1, 1, 1, 1, 1, 0, 1, 1, 0, 1, 1, 0, 0, 0, 1, 0, 0, 0, 1, 0, 0, 0, 1, 0, 0, 0, 0, 0, 0]

MCTS sub-iteration : 51, best score of sub-iteration : 10.0, number of solutions evaluated : 8
Current sequence : [1, 0, 1, 1, 1, 1, 1, 1, 1, 1, 0, 1, 1, 0, 1, 1, 0, 0, 0, 1, 0, 0, 0, 1, 0, 0, 0, 1, 0, 0, 0, 0, 0, 0, 0, 0, 0, 0, 1, 0, 0, 0, 0, 0, 0, 0, 0, 0, 0, 0, 0]

Iteration 1 for optimizer MCTS_3_10
Current scores : [10.  10.   9.8  9.8  8. ]
Mean score : 8.9, mean score among 20 best scores : 8.9
The current all time best score is 10.0
Duration of the MCTS_3_10 iteration = 4.28e+03, duration of the scoring phase = 4.28e+03
Maximal running time reached for MCTS_3_10
End of the run for optimizer MCTS_3_10
CPU time passed: 8525.56, wall time passed: 8583.71
Best score found : 10.0 


-----
Starting optimization with optimizer MCTS_3_10 in experiment exp_1_MCTS_depth_triangs_MCTS_3_10_homology_b0pab1_Dim.4.deg.4_4_4_seed_3


New homological profile found : 1 10 10 1


New homological profile found : 6 7 7 6


New homological profile found : 1 7 7 1


New homological profile found : 3 12 12 3


New homological profile found : 3 9 9 3


New homological profile found : 4 12 12 4


New homological profile found : 1 12 12 1


New homological profile found : 1 13 13 1


New homological profile found : 6 9 9 6


New homological profile found : 1 16 16 1


New homological profile found : 1 8 8 1


New homological profile found : 5 8 8 5


New homological profile found : 1 11 11 1


New homological profile found : 7 9 9 7


New homological profile found : 3 8 8 3


New homological profile found : 9 9 9 9


New homological profile found : 1 14 14 1


New homological profile found : 1 9 9 1


New homological profile found : 3 10 10 3


New homological profile found : 1 15 15 1


New homological profile found : 1 6 6 1


New homological profile found : 3 11 11 3


New homological profile found : 2 13 13 2


New homological profile found : 1 4 4 1


New homological profile found : 4 8 8 4

New good score found : 9.9
New good score found : 7.9
New good score found : 6.9
New good score found : 6.7
New good score found : 5.8

New homological profile found : 2 12 12 2


New homological profile found : 2 9 9 2


New homological profile found : 2 11 11 2


New homological profile found : 1 5 5 1


New homological profile found : 4 9 9 4


New homological profile found : 2 10 10 2


New homological profile found : 4 10 10 4


New homological profile found : 2 6 6 2


New homological profile found : 5 10 10 5

New good score found : 7.9

New homological profile found : 9 7 7 9


New homological profile found : 4 13 13 4


New homological profile found : 4 11 11 4


New homological profile found : 8 7 7 8


New homological profile found : 6 8 8 6


New homological profile found : 2 8 8 2


New homological profile found : 1 3 3 1


New homological profile found : 7 7 7 7


New homological profile found : 3 13 13 3

New good score found : 9.7
New good score found : 8.7

New homological profile found : 2 4 4 2


New homological profile found : 5 11 11 5


New homological profile found : 3 14 14 3


New homological profile found : 2 7 7 2


New homological profile found : 9 10 10 9


New homological profile found : 4 6 6 4

New good score found : 10.0

New homological profile found : 7 8 8 7


New homological profile found : 8 10 10 8


New homological profile found : 1 17 17 1

New good score found : 9.0

New homological profile found : 2 5 5 2


New homological profile found : 9 8 8 9

New good score found : 9.9
New good score found : 9.9
New good score found : 9.8

New homological profile found : 9 6 6 9


New homological profile found : 6 6 6 6


New homological profile found : 7 6 6 7

New good score found : 9.9

New homological profile found : 8 8 8 8


New homological profile found : 8 9 9 8


New homological profile found : 7 10 10 7

New good score found : 10.0
New good score found : 10.0
New good score found : 10.0
New good score found : 10.0

MCTS sub-iteration : 17, best score of sub-iteration : 10.0, number of solutions evaluated : 80
Current sequence : [0, 1, 0, 0, 0, 0, 0, 0, 1, 1, 1, 0, 0, 0, 0, 0, 0]

MCTS sub-iteration : 34, best score of sub-iteration : 10.0, number of solutions evaluated : 80
Current sequence : [0, 1, 0, 0, 0, 0, 0, 0, 1, 1, 1, 0, 0, 0, 0, 0, 0, 0, 0, 1, 0, 1, 0, 0, 0, 0, 0, 0, 1, 0, 0, 0, 0, 0]

MCTS sub-iteration : 51, best score of sub-iteration : 10.0, number of solutions evaluated : 8
Current sequence : [0, 1, 0, 0, 0, 0, 0, 0, 1, 1, 1, 0, 0, 0, 0, 0, 0, 0, 0, 1, 0, 1, 0, 0, 0, 0, 0, 0, 1, 0, 0, 0, 0, 0, 0, 0, 0, 0, 0, 0, 0, 0, 0, 0, 0, 0, 0, 1, 0, 0, 1]

Iteration 0 for optimizer MCTS_3_10
Current scores : [10.  10.   9.8  9.8  8. ]
Mean score : 8.9, mean score among 20 best scores : 8.9
The current all time best score is 10.0
Duration of the MCTS_3_10 iteration = 4.26e+03, duration of the scoring phase = 4.26e+03

New homological profile found : 8 6 6 8


New homological profile found : 5 9 9 5


New homological profile found : 5 6 6 5


New homological profile found : 3 6 6 3


New homological profile found : 5 7 7 5


New homological profile found : 6 10 10 6


MCTS sub-iteration : 17, best score of sub-iteration : 10.0, number of solutions evaluated : 80
Current sequence : [1, 0, 0, 1, 0, 1, 1, 1, 0, 0, 0, 1, 1, 1, 1, 1, 1]

MCTS sub-iteration : 34, best score of sub-iteration : 10.0, number of solutions evaluated : 80
Current sequence : [1, 0, 0, 1, 0, 1, 1, 1, 0, 0, 0, 1, 1, 1, 1, 1, 1, 1, 0, 0, 0, 0, 1, 0, 1, 0, 0, 1, 0, 0, 0, 0, 0, 0]

MCTS sub-iteration : 51, best score of sub-iteration : 10.0, number of solutions evaluated : 8
Current sequence : [1, 0, 0, 1, 0, 1, 1, 1, 0, 0, 0, 1, 1, 1, 1, 1, 1, 1, 0, 0, 0, 0, 1, 0, 1, 0, 0, 1, 0, 0, 0, 0, 0, 0, 0, 1, 0, 0, 0, 0, 0, 0, 0, 0, 0, 0, 1, 1, 0, 0, 0]

Iteration 1 for optimizer MCTS_3_10
Current scores : [10.  10.   9.8  9.8  8. ]
Mean score : 8.9, mean score among 20 best scores : 8.9
The current all time best score is 10.0
Duration of the MCTS_3_10 iteration = 4.17e+03, duration of the scoring phase = 4.17e+03
Maximal running time reached for MCTS_3_10
End of the run for optimizer MCTS_3_10
CPU time passed: 8436.58, wall time passed: 8494.49
Best score found : 10.0 


-----
Starting optimization with optimizer MCTS_5_10 in experiment exp_1_MCTS_depth_triangs_MCTS_5_10_homology_b0pab1_Dim.4.deg.4_4_4_seed_0


New homological profile found : 4 12 12 4


New homological profile found : 1 11 11 1


New homological profile found : 2 7 7 2


New homological profile found : 1 13 13 1


New homological profile found : 1 12 12 1


New homological profile found : 1 9 9 1


New homological profile found : 3 9 9 3


New homological profile found : 6 8 8 6


New homological profile found : 2 10 10 2


New homological profile found : 1 10 10 1


New homological profile found : 4 10 10 4


New homological profile found : 3 11 11 3


New homological profile found : 1 8 8 1


New homological profile found : 1 15 15 1


New homological profile found : 1 6 6 1


New homological profile found : 1 14 14 1


New homological profile found : 2 8 8 2


New homological profile found : 7 7 7 7


New homological profile found : 1 3 3 1


New homological profile found : 3 10 10 3


New homological profile found : 1 16 16 1


New homological profile found : 1 5 5 1


New homological profile found : 3 7 7 3


New homological profile found : 2 6 6 2


New homological profile found : 2 4 4 2


New homological profile found : 1 7 7 1


New homological profile found : 3 12 12 3


New homological profile found : 4 11 11 4


New homological profile found : 3 13 13 3


New homological profile found : 6 6 6 6


New homological profile found : 1 4 4 1


New homological profile found : 7 9 9 7


New homological profile found : 9 8 8 9


New homological profile found : 2 12 12 2


New homological profile found : 8 9 9 8


New homological profile found : 4 8 8 4


New homological profile found : 6 10 10 6


New homological profile found : 5 8 8 5


New homological profile found : 6 7 7 6


New homological profile found : 5 10 10 5


New homological profile found : 2 11 11 2


New homological profile found : 2 9 9 2


New homological profile found : 5 11 11 5


New homological profile found : 2 5 5 2


New homological profile found : 1 17 17 1


New homological profile found : 4 9 9 4


New homological profile found : 7 8 8 7

New good score found : 9.8
New good score found : 8.9
New good score found : 7.9
New good score found : 7.9
New good score found : 7.9

New homological profile found : 3 8 8 3


New homological profile found : 5 6 6 5


New homological profile found : 6 9 9 6


New homological profile found : 2 13 13 2


New homological profile found : 5 7 7 5


New homological profile found : 7 6 6 7


New homological profile found : 9 7 7 9


New homological profile found : 9 6 6 9

New good score found : 9.7
New good score found : 9.6

New homological profile found : 5 9 9 5


New homological profile found : 9 10 10 9


New homological profile found : 4 7 7 4


New homological profile found : 7 10 10 7


New homological profile found : 4 13 13 4


New homological profile found : 3 6 6 3

New good score found : 10.0
New good score found : 9.7

New homological profile found : 9 9 9 9


New homological profile found : 8 10 10 8


New homological profile found : 8 7 7 8

New good score found : 10.0
New good score found : 9.9
New good score found : 9.9
New good score found : 9.9

New homological profile found : 8 8 8 8

New good score found : 10.0

New homological profile found : 8 6 6 8

New good score found : 10.0
New good score found : 10.0

MCTS sub-iteration : 17, best score of sub-iteration : 10.0, number of solutions evaluated : 320
Current sequence : [1, 1, 0, 1, 1, 0, 1, 1, 0, 1, 1, 1, 1, 1, 1, 0, 0]

MCTS sub-iteration : 34, best score of sub-iteration : 10.0, number of solutions evaluated : 320
Current sequence : [1, 1, 0, 1, 1, 0, 1, 1, 0, 1, 1, 1, 1, 1, 1, 0, 0, 0, 0, 0, 0, 0, 0, 1, 0, 1, 0, 1, 0, 0, 0, 0, 0, 0]

MCTS sub-iteration : 51, best score of sub-iteration : 10.0, number of solutions evaluated : 32
Current sequence : [1, 1, 0, 1, 1, 0, 1, 1, 0, 1, 1, 1, 1, 1, 1, 0, 0, 0, 0, 0, 0, 0, 0, 1, 0, 1, 0, 1, 0, 0, 0, 0, 0, 0, 0, 0, 0, 0, 0, 0, 0, 1, 0, 0, 1, 0, 0, 0, 0, 1, 0]

Iteration 0 for optimizer MCTS_5_10
Current scores : [10. 10. 10. 10. 10.]
Mean score : 8.9, mean score among 20 best scores : 9.52
The current all time best score is 10.0
Duration of the MCTS_5_10 iteration = 1.61e+04, duration of the scoring phase = 1.61e+04
Maximal running time reached for MCTS_5_10
End of the run for optimizer MCTS_5_10
CPU time passed: 16115.9, wall time passed: 16250.6
Best score found : 10.0 


-----
Starting optimization with optimizer MCTS_5_10 in experiment exp_1_MCTS_depth_triangs_MCTS_5_10_homology_b0pab1_Dim.4.deg.4_4_4_seed_1


New homological profile found : 1 11 11 1


New homological profile found : 4 9 9 4


New homological profile found : 1 9 9 1


New homological profile found : 1 13 13 1


New homological profile found : 1 7 7 1


New homological profile found : 3 10 10 3


New homological profile found : 1 14 14 1


New homological profile found : 2 10 10 2


New homological profile found : 7 7 7 7


New homological profile found : 1 10 10 1


New homological profile found : 1 8 8 1


New homological profile found : 2 11 11 2


New homological profile found : 1 12 12 1


New homological profile found : 1 5 5 1


New homological profile found : 3 11 11 3


New homological profile found : 2 13 13 2


New homological profile found : 7 9 9 7


New homological profile found : 1 16 16 1


New homological profile found : 1 6 6 1


New homological profile found : 4 11 11 4


New homological profile found : 8 6 6 8


New homological profile found : 4 8 8 4


New homological profile found : 1 15 15 1


New homological profile found : 5 10 10 5


New homological profile found : 4 10 10 4


New homological profile found : 3 12 12 3


New homological profile found : 3 13 13 3


New homological profile found : 1 4 4 1


New homological profile found : 1 17 17 1


New homological profile found : 4 12 12 4


New homological profile found : 3 9 9 3


New homological profile found : 2 4 4 2


New homological profile found : 3 8 8 3


New homological profile found : 2 8 8 2


New homological profile found : 5 11 11 5


New homological profile found : 6 6 6 6


New homological profile found : 5 7 7 5


New homological profile found : 9 9 9 9


New homological profile found : 6 8 8 6


New homological profile found : 8 10 10 8


New homological profile found : 2 5 5 2


New homological profile found : 7 8 8 7

New good score found : 9.9
New good score found : 9.0
New good score found : 8.6
New good score found : 7.9
New good score found : 7.8

New homological profile found : 2 9 9 2


New homological profile found : 8 7 7 8


New homological profile found : 4 6 6 4


New homological profile found : 6 9 9 6


New homological profile found : 5 9 9 5


New homological profile found : 2 12 12 2


New homological profile found : 7 10 10 7


New homological profile found : 2 6 6 2


New homological profile found : 8 8 8 8


New homological profile found : 5 6 6 5


New homological profile found : 9 7 7 9


New homological profile found : 3 7 7 3


New homological profile found : 1 3 3 1


New homological profile found : 5 8 8 5

New good score found : 9.7
New good score found : 8.8
New good score found : 8.7

New homological profile found : 8 9 9 8


New homological profile found : 2 7 7 2


New homological profile found : 6 10 10 6


New homological profile found : 4 7 7 4


New homological profile found : 9 6 6 9

New good score found : 9.9
New good score found : 9.7
New good score found : 9.6

New homological profile found : 9 8 8 9


New homological profile found : 3 14 14 3


New homological profile found : 4 13 13 4


New homological profile found : 7 6 6 7


New homological profile found : 6 7 7 6

New good score found : 9.8
New good score found : 9.8

New homological profile found : 9 10 10 9

New good score found : 10.0
New good score found : 9.9
New good score found : 10.0
New good score found : 10.0
New good score found : 10.0
New good score found : 10.0

MCTS sub-iteration : 17, best score of sub-iteration : 10.0, number of solutions evaluated : 320
Current sequence : [0, 0, 1, 0, 1, 1, 0, 0, 1, 1, 1, 0, 0, 0, 0, 1, 1]

MCTS sub-iteration : 34, best score of sub-iteration : 10.0, number of solutions evaluated : 320
Current sequence : [0, 0, 1, 0, 1, 1, 0, 0, 1, 1, 1, 0, 0, 0, 0, 1, 1, 0, 0, 0, 0, 0, 0, 0, 1, 0, 0, 0, 1, 0, 0, 0, 1, 1]

MCTS sub-iteration : 51, best score of sub-iteration : 10.0, number of solutions evaluated : 32
Current sequence : [0, 0, 1, 0, 1, 1, 0, 0, 1, 1, 1, 0, 0, 0, 0, 1, 1, 0, 0, 0, 0, 0, 0, 0, 1, 0, 0, 0, 1, 0, 0, 0, 1, 1, 0, 0, 0, 0, 0, 0, 0, 0, 0, 0, 0, 0, 0, 0, 0, 1, 0]

Iteration 0 for optimizer MCTS_5_10
Current scores : [10. 10. 10. 10. 10.]
Mean score : 8.9, mean score among 20 best scores : 9.52
The current all time best score is 10.0
Duration of the MCTS_5_10 iteration = 1.64e+04, duration of the scoring phase = 1.64e+04
Maximal running time reached for MCTS_5_10
End of the run for optimizer MCTS_5_10
CPU time passed: 16435.9, wall time passed: 16584.7
Best score found : 10.0 


-----
Starting optimization with optimizer MCTS_5_10 in experiment exp_1_MCTS_depth_triangs_MCTS_5_10_homology_b0pab1_Dim.4.deg.4_4_4_seed_2


New homological profile found : 1 11 11 1


New homological profile found : 6 6 6 6


New homological profile found : 8 7 7 8


New homological profile found : 1 7 7 1


New homological profile found : 1 10 10 1


New homological profile found : 1 12 12 1


New homological profile found : 1 14 14 1


New homological profile found : 5 9 9 5


New homological profile found : 1 4 4 1


New homological profile found : 1 8 8 1


New homological profile found : 3 12 12 3


New homological profile found : 2 10 10 2


New homological profile found : 2 8 8 2


New homological profile found : 3 9 9 3


New homological profile found : 1 13 13 1


New homological profile found : 7 10 10 7


New homological profile found : 4 10 10 4


New homological profile found : 4 9 9 4


New homological profile found : 6 7 7 6


New homological profile found : 1 5 5 1


New homological profile found : 1 6 6 1


New homological profile found : 3 10 10 3


New homological profile found : 1 9 9 1


New homological profile found : 1 15 15 1


New homological profile found : 4 11 11 4


New homological profile found : 3 7 7 3


New homological profile found : 6 8 8 6


New homological profile found : 6 9 9 6


New homological profile found : 2 11 11 2


New homological profile found : 5 10 10 5


New homological profile found : 2 7 7 2


New homological profile found : 9 9 9 9


New homological profile found : 4 13 13 4


New homological profile found : 9 8 8 9


New homological profile found : 7 9 9 7


New homological profile found : 3 11 11 3


New homological profile found : 1 16 16 1


New homological profile found : 8 9 9 8


New homological profile found : 7 6 6 7


New homological profile found : 2 13 13 2


New homological profile found : 5 8 8 5


New homological profile found : 9 7 7 9


New homological profile found : 2 5 5 2


New homological profile found : 2 9 9 2


New homological profile found : 5 7 7 5


New homological profile found : 7 8 8 7


New homological profile found : 3 8 8 3


New homological profile found : 4 8 8 4


New homological profile found : 1 17 17 1


New homological profile found : 2 12 12 2


New homological profile found : 4 12 12 4

New good score found : 9.9
New good score found : 9.9
New good score found : 9.8
New good score found : 9.7
New good score found : 8.9

New homological profile found : 3 14 14 3


New homological profile found : 3 13 13 3


New homological profile found : 9 10 10 9


New homological profile found : 2 6 6 2


New homological profile found : 2 4 4 2


New homological profile found : 6 10 10 6


New homological profile found : 5 6 6 5


New homological profile found : 4 6 6 4


New homological profile found : 7 7 7 7

New good score found : 10.0
New good score found : 9.8

New homological profile found : 4 7 7 4


New homological profile found : 3 6 6 3


New homological profile found : 8 8 8 8


New homological profile found : 1 3 3 1


New homological profile found : 8 6 6 8

New good score found : 10.0
New good score found : 9.9

New homological profile found : 9 6 6 9


New homological profile found : 8 10 10 8

New good score found : 10.0
New good score found : 10.0
New good score found : 10.0

MCTS sub-iteration : 17, best score of sub-iteration : 10.0, number of solutions evaluated : 320
Current sequence : [1, 0, 1, 1, 0, 1, 0, 1, 1, 1, 0, 1, 1, 0, 1, 1, 1]

MCTS sub-iteration : 34, best score of sub-iteration : 10.0, number of solutions evaluated : 320
Current sequence : [1, 0, 1, 1, 0, 1, 0, 1, 1, 1, 0, 1, 1, 0, 1, 1, 1, 0, 0, 0, 0, 0, 1, 0, 0, 0, 0, 1, 0, 0, 0, 0, 0, 1]

MCTS sub-iteration : 51, best score of sub-iteration : 10.0, number of solutions evaluated : 32
Current sequence : [1, 0, 1, 1, 0, 1, 0, 1, 1, 1, 0, 1, 1, 0, 1, 1, 1, 0, 0, 0, 0, 0, 1, 0, 0, 0, 0, 1, 0, 0, 0, 0, 0, 1, 0, 0, 0, 1, 0, 0, 0, 0, 0, 0, 0, 0, 0, 0, 0, 0, 0]

Iteration 0 for optimizer MCTS_5_10
Current scores : [10. 10. 10. 10. 10.]
Mean score : 8.9, mean score among 20 best scores : 9.52
The current all time best score is 10.0
Duration of the MCTS_5_10 iteration = 1.63e+04, duration of the scoring phase = 1.63e+04
Maximal running time reached for MCTS_5_10
End of the run for optimizer MCTS_5_10
CPU time passed: 16270.4, wall time passed: 16402.0
Best score found : 10.0 


-----
Starting optimization with optimizer MCTS_5_10 in experiment exp_1_MCTS_depth_triangs_MCTS_5_10_homology_b0pab1_Dim.4.deg.4_4_4_seed_3


New homological profile found : 1 10 10 1


New homological profile found : 3 11 11 3


New homological profile found : 1 11 11 1


New homological profile found : 6 8 8 6


New homological profile found : 1 12 12 1


New homological profile found : 1 16 16 1


New homological profile found : 1 8 8 1


New homological profile found : 2 9 9 2


New homological profile found : 1 5 5 1


New homological profile found : 3 8 8 3


New homological profile found : 1 7 7 1


New homological profile found : 2 11 11 2


New homological profile found : 1 14 14 1


New homological profile found : 1 6 6 1


New homological profile found : 2 8 8 2


New homological profile found : 9 9 9 9


New homological profile found : 1 13 13 1


New homological profile found : 1 9 9 1


New homological profile found : 8 7 7 8


New homological profile found : 3 12 12 3


New homological profile found : 4 12 12 4


New homological profile found : 2 10 10 2


New homological profile found : 3 10 10 3


New homological profile found : 3 14 14 3


New homological profile found : 4 10 10 4


New homological profile found : 7 8 8 7


New homological profile found : 1 15 15 1


New homological profile found : 4 11 11 4


New homological profile found : 1 4 4 1


New homological profile found : 6 9 9 6


New homological profile found : 8 9 9 8


New homological profile found : 5 8 8 5


New homological profile found : 7 9 9 7


New homological profile found : 2 12 12 2


New homological profile found : 1 17 17 1


New homological profile found : 7 7 7 7


New homological profile found : 8 6 6 8


New homological profile found : 5 11 11 5


New homological profile found : 3 9 9 3


New homological profile found : 4 9 9 4


New homological profile found : 5 7 7 5


New homological profile found : 6 7 7 6


New homological profile found : 3 7 7 3


New homological profile found : 5 9 9 5


New homological profile found : 4 7 7 4


New homological profile found : 7 10 10 7


New homological profile found : 2 6 6 2


New homological profile found : 2 5 5 2


New homological profile found : 8 8 8 8

New good score found : 9.9
New good score found : 8.9
New good score found : 8.8
New good score found : 8.7
New good score found : 8.6

New homological profile found : 4 8 8 4


New homological profile found : 9 7 7 9


New homological profile found : 2 4 4 2


New homological profile found : 6 10 10 6


New homological profile found : 7 6 6 7


New homological profile found : 6 6 6 6


New homological profile found : 1 3 3 1


New homological profile found : 8 10 10 8


New homological profile found : 3 6 6 3


New homological profile found : 5 10 10 5


New homological profile found : 3 13 13 3


New homological profile found : 2 7 7 2

New good score found : 9.9
New good score found : 9.7
New good score found : 9.0

New homological profile found : 2 13 13 2


New homological profile found : 9 8 8 9

New good score found : 9.8
New good score found : 9.7

New homological profile found : 9 6 6 9


New homological profile found : 5 6 6 5

New good score found : 9.8

New homological profile found : 9 10 10 9

New good score found : 10.0
New good score found : 9.9
New good score found : 9.9

New homological profile found : 4 13 13 4

New good score found : 10.0
New good score found : 10.0
New good score found : 10.0
New good score found : 10.0

MCTS sub-iteration : 17, best score of sub-iteration : 10.0, number of solutions evaluated : 320
Current sequence : [0, 1, 0, 0, 1, 0, 1, 0, 0, 1, 0, 0, 0, 1, 0, 0, 0]

MCTS sub-iteration : 34, best score of sub-iteration : 10.0, number of solutions evaluated : 320
Current sequence : [0, 1, 0, 0, 1, 0, 1, 0, 0, 1, 0, 0, 0, 1, 0, 0, 0, 0, 1, 1, 0, 1, 1, 0, 0, 0, 0, 0, 1, 0, 0, 0, 0, 0]

MCTS sub-iteration : 51, best score of sub-iteration : 10.0, number of solutions evaluated : 32
Current sequence : [0, 1, 0, 0, 1, 0, 1, 0, 0, 1, 0, 0, 0, 1, 0, 0, 0, 0, 1, 1, 0, 1, 1, 0, 0, 0, 0, 0, 1, 0, 0, 0, 0, 0, 0, 0, 1, 0, 0, 0, 0, 0, 0, 0, 0, 0, 0, 1, 0, 1, 0]

Iteration 0 for optimizer MCTS_5_10
Current scores : [10. 10. 10. 10. 10.]
Mean score : 8.9, mean score among 20 best scores : 9.52
The current all time best score is 10.0
Duration of the MCTS_5_10 iteration = 1.63e+04, duration of the scoring phase = 1.63e+04
Maximal running time reached for MCTS_5_10
End of the run for optimizer MCTS_5_10
CPU time passed: 16260.4, wall time passed: 16398.1
Best score found : 10.0 

