
New homological profile found : 1 10 10 1


New homological profile found : 4 8 8 4


New homological profile found : 2 11 11 2


New homological profile found : 1 7 7 1


New homological profile found : 1 5 5 1


New homological profile found : 1 4 4 1


New homological profile found : 1 14 14 1


New homological profile found : 1 11 11 1


New homological profile found : 1 9 9 1


New homological profile found : 2 10 10 2


New homological profile found : 3 12 12 3


New homological profile found : 1 15 15 1


New homological profile found : 3 8 8 3


New homological profile found : 1 12 12 1


New homological profile found : 1 13 13 1


New homological profile found : 3 10 10 3


New homological profile found : 1 6 6 1


New homological profile found : 7 8 8 7


-----
Starting optimization with optimizer TS_30_3000_3_25_50_False in experiment exp_1_TS_size_pop_triangs_TS_30_3000_3_25_50_False_homology_b0pab1_Dim.4.deg.4_4_4_seed_0


New homological profile found : 1 8 8 1


New homological profile found : 4 10 10 4


New homological profile found : 8 7 7 8


New homological profile found : 5 8 8 5


New homological profile found : 2 8 8 2


New homological profile found : 4 9 9 4


New homological profile found : 5 9 9 5


New homological profile found : 2 12 12 2


New homological profile found : 4 11 11 4


New homological profile found : 2 9 9 2


New homological profile found : 3 14 14 3


New homological profile found : 2 5 5 2


New homological profile found : 3 11 11 3


New homological profile found : 1 3 3 1


New homological profile found : 2 13 13 2


New homological profile found : 9 7 7 9


New homological profile found : 1 16 16 1


New homological profile found : 3 13 13 3


New homological profile found : 4 12 12 4


New homological profile found : 1 17 17 1


New homological profile found : 7 7 7 7


New homological profile found : 3 9 9 3


New homological profile found : 6 8 8 6


New homological profile found : 2 7 7 2


New homological profile found : 7 9 9 7


New homological profile found : 2 6 6 2


New homological profile found : 9 8 8 9


New homological profile found : 7 6 6 7


New homological profile found : 7 10 10 7


New homological profile found : 5 10 10 5

New good score found : 9.8
New good score found : 9.7
New good score found : 8.7
New good score found : 7.9
New good score found : 7.9

Iteration 0 for optimizer TS_30_3000_3_25_50_False
Current scores : [9.8 9.7 8.7 7.9 7.9]
Mean score : 5.386666666666668, mean score among 20 best scores : 6.3549999999999995
The current all time best score is 9.8
Duration of the TS_30_3000_3_25_50_False iteration = 2.12e+03, duration of the scoring phase = 2.12e+03

New homological profile found : 4 7 7 4


New homological profile found : 6 7 7 6


New homological profile found : 8 9 9 8


New homological profile found : 8 8 8 8


New homological profile found : 5 7 7 5


New homological profile found : 5 6 6 5


New homological profile found : 5 11 11 5


New homological profile found : 6 9 9 6


New homological profile found : 9 9 9 9


New homological profile found : 9 6 6 9


New homological profile found : 4 13 13 4


New homological profile found : 6 10 10 6


New homological profile found : 6 6 6 6


New homological profile found : 4 6 6 4


New homological profile found : 3 6 6 3


New homological profile found : 8 6 6 8


New homological profile found : 9 10 10 9


New homological profile found : 8 10 10 8

New good score found : 10.0
New good score found : 9.9
New good score found : 9.9
New good score found : 9.9
New good score found : 10.0
New good score found : 10.0
New good score found : 10.0
New good score found : 10.0
Maximal running time reached for TS_30_3000_3_25_50_False
End of the run for optimizer TS_30_3000_3_25_50_False
CPU time passed: 7200.48, wall time passed: 7261.57
Best score found : 10.0 


New homological profile found : 1 8 8 1


New homological profile found : 1 12 12 1


New homological profile found : 1 9 9 1


New homological profile found : 3 10 10 3


New homological profile found : 6 9 9 6


New homological profile found : 1 11 11 1


New homological profile found : 3 8 8 3


New homological profile found : 2 11 11 2


New homological profile found : 1 13 13 1


New homological profile found : 1 7 7 1


New homological profile found : 3 12 12 3


New homological profile found : 1 10 10 1


New homological profile found : 8 9 9 8


New homological profile found : 2 9 9 2


New homological profile found : 5 8 8 5


-----
Starting optimization with optimizer TS_30_3000_3_25_50_False in experiment exp_1_TS_size_pop_triangs_TS_30_3000_3_25_50_False_homology_b0pab1_Dim.4.deg.4_4_4_seed_1


New homological profile found : 4 10 10 4


New homological profile found : 1 6 6 1


New homological profile found : 4 8 8 4


New homological profile found : 1 14 14 1


New homological profile found : 1 5 5 1


New homological profile found : 9 7 7 9


New homological profile found : 8 8 8 8


New homological profile found : 3 9 9 3


New homological profile found : 3 11 11 3


New homological profile found : 2 8 8 2


New homological profile found : 5 7 7 5


New homological profile found : 1 16 16 1


New homological profile found : 4 9 9 4


New homological profile found : 2 10 10 2


New homological profile found : 7 9 9 7


New homological profile found : 6 7 7 6


New homological profile found : 6 8 8 6


New homological profile found : 1 4 4 1


New homological profile found : 3 6 6 3


New homological profile found : 1 15 15 1


New homological profile found : 2 13 13 2


New homological profile found : 4 12 12 4


New homological profile found : 2 6 6 2


New homological profile found : 3 13 13 3


New homological profile found : 6 6 6 6


New homological profile found : 7 7 7 7


New homological profile found : 8 6 6 8


New homological profile found : 9 9 9 9


New homological profile found : 8 7 7 8


New homological profile found : 4 11 11 4


New homological profile found : 7 6 6 7


New homological profile found : 2 7 7 2


New homological profile found : 5 10 10 5


New homological profile found : 5 9 9 5


New homological profile found : 6 10 10 6

New good score found : 9.9
New good score found : 9.7
New good score found : 9.7
New good score found : 9.7

Iteration 0 for optimizer TS_30_3000_3_25_50_False
Current scores : [9.9 9.7 9.7 9.7 8.9]
Mean score : 6.356666666666667, mean score among 20 best scores : 7.524999999999999
The current all time best score is 9.9
Duration of the TS_30_3000_3_25_50_False iteration = 2.11e+03, duration of the scoring phase = 2.11e+03

New homological profile found : 9 8 8 9


New homological profile found : 2 4 4 2


New homological profile found : 8 10 10 8


New homological profile found : 2 12 12 2


New homological profile found : 4 7 7 4


New homological profile found : 5 6 6 5


New homological profile found : 2 5 5 2


New homological profile found : 7 8 8 7


New homological profile found : 4 6 6 4


New homological profile found : 4 13 13 4


New homological profile found : 9 6 6 9


New homological profile found : 3 7 7 3


New homological profile found : 7 10 10 7

New good score found : 9.9
New good score found : 9.9
New good score found : 9.9
New good score found : 9.9

New homological profile found : 9 10 10 9


New homological profile found : 1 17 17 1

New good score found : 10.0
New good score found : 10.0
New good score found : 10.0
New good score found : 10.0
New good score found : 10.0

New homological profile found : 5 11 11 5

Maximal running time reached for TS_30_3000_3_25_50_False
End of the run for optimizer TS_30_3000_3_25_50_False
CPU time passed: 8642.68, wall time passed: 8725.29
Best score found : 10.0 


New homological profile found : 1 7 7 1


New homological profile found : 3 12 12 3


New homological profile found : 4 8 8 4


New homological profile found : 1 9 9 1


New homological profile found : 1 6 6 1


New homological profile found : 1 8 8 1


New homological profile found : 7 7 7 7


New homological profile found : 1 13 13 1


New homological profile found : 2 6 6 2


New homological profile found : 3 9 9 3


New homological profile found : 2 11 11 2


New homological profile found : 1 5 5 1


New homological profile found : 1 12 12 1


New homological profile found : 2 13 13 2


New homological profile found : 1 11 11 1


New homological profile found : 1 17 17 1


New homological profile found : 2 12 12 2


New homological profile found : 1 14 14 1


New homological profile found : 1 16 16 1


New homological profile found : 4 9 9 4


New homological profile found : 1 15 15 1


New homological profile found : 1 10 10 1


-----
Starting optimization with optimizer TS_30_3000_3_25_50_False in experiment exp_1_TS_size_pop_triangs_TS_30_3000_3_25_50_False_homology_b0pab1_Dim.4.deg.4_4_4_seed_2


New homological profile found : 3 11 11 3


New homological profile found : 3 10 10 3


New homological profile found : 3 13 13 3


New homological profile found : 8 10 10 8


New homological profile found : 4 10 10 4


New homological profile found : 8 7 7 8


New homological profile found : 5 8 8 5


New homological profile found : 2 8 8 2


New homological profile found : 4 7 7 4


New homological profile found : 4 6 6 4


New homological profile found : 3 6 6 3


New homological profile found : 3 8 8 3


New homological profile found : 9 7 7 9


New homological profile found : 6 7 7 6


New homological profile found : 5 7 7 5


New homological profile found : 7 9 9 7


New homological profile found : 7 8 8 7


New homological profile found : 2 9 9 2


New homological profile found : 2 4 4 2


New homological profile found : 2 7 7 2


New homological profile found : 2 10 10 2


New homological profile found : 9 6 6 9


New homological profile found : 1 4 4 1


New homological profile found : 7 10 10 7


New homological profile found : 9 10 10 9


New homological profile found : 2 5 5 2


New homological profile found : 3 14 14 3


New homological profile found : 3 7 7 3


New homological profile found : 4 11 11 4

New good score found : 10.0
New good score found : 9.7
New good score found : 9.6
New good score found : 9.0
New good score found : 8.7

Iteration 0 for optimizer TS_30_3000_3_25_50_False
Current scores : [10.   9.7  9.6  9.   8.7]
Mean score : 5.603333333333333, mean score among 20 best scores : 6.6899999999999995
The current all time best score is 10.0
Duration of the TS_30_3000_3_25_50_False iteration = 2.11e+03, duration of the scoring phase = 2.11e+03

New homological profile found : 6 10 10 6


New homological profile found : 8 8 8 8


New homological profile found : 8 9 9 8


New homological profile found : 6 8 8 6


New homological profile found : 8 6 6 8


New homological profile found : 6 6 6 6


New homological profile found : 5 6 6 5


New homological profile found : 9 9 9 9


New homological profile found : 9 8 8 9


New homological profile found : 5 9 9 5


New homological profile found : 6 9 9 6


New homological profile found : 4 12 12 4


New homological profile found : 7 6 6 7


New homological profile found : 5 10 10 5


New homological profile found : 5 11 11 5


New homological profile found : 4 13 13 4

New good score found : 10.0
New good score found : 10.0
New good score found : 10.0
New good score found : 9.9
New good score found : 10.0
Maximal running time reached for TS_30_3000_3_25_50_False
End of the run for optimizer TS_30_3000_3_25_50_False
CPU time passed: 8688.24, wall time passed: 8762.3
Best score found : 10.0 


New homological profile found : 1 8 8 1


New homological profile found : 1 13 13 1


New homological profile found : 1 10 10 1


New homological profile found : 1 11 11 1


New homological profile found : 4 9 9 4


New homological profile found : 1 4 4 1


New homological profile found : 1 12 12 1


New homological profile found : 1 7 7 1


New homological profile found : 1 9 9 1


New homological profile found : 2 9 9 2


New homological profile found : 3 11 11 3


New homological profile found : 1 16 16 1


New homological profile found : 3 9 9 3


New homological profile found : 7 8 8 7


New homological profile found : 1 14 14 1


New homological profile found : 1 6 6 1


New homological profile found : 2 7 7 2


-----
Starting optimization with optimizer TS_30_3000_3_25_50_False in experiment exp_1_TS_size_pop_triangs_TS_30_3000_3_25_50_False_homology_b0pab1_Dim.4.deg.4_4_4_seed_3


New homological profile found : 2 6 6 2


New homological profile found : 2 12 12 2


New homological profile found : 1 15 15 1


New homological profile found : 3 10 10 3


New homological profile found : 5 6 6 5


New homological profile found : 3 12 12 3


New homological profile found : 9 7 7 9


New homological profile found : 2 5 5 2


New homological profile found : 4 11 11 4


New homological profile found : 4 8 8 4


New homological profile found : 5 7 7 5


New homological profile found : 3 8 8 3


New homological profile found : 1 5 5 1


New homological profile found : 1 3 3 1


New homological profile found : 6 6 6 6


New homological profile found : 2 11 11 2


New homological profile found : 2 10 10 2


New homological profile found : 8 9 9 8


New homological profile found : 1 17 17 1


New homological profile found : 6 7 7 6


New homological profile found : 7 7 7 7


New homological profile found : 9 8 8 9


New homological profile found : 4 10 10 4


New homological profile found : 6 8 8 6


New homological profile found : 5 8 8 5


New homological profile found : 7 6 6 7


New homological profile found : 7 9 9 7


New homological profile found : 7 10 10 7


New homological profile found : 5 10 10 5


New homological profile found : 4 7 7 4


New homological profile found : 3 7 7 3


New homological profile found : 9 6 6 9


New homological profile found : 2 4 4 2


New homological profile found : 2 8 8 2

New good score found : 9.8
New good score found : 9.7
New good score found : 9.6
New good score found : 8.9
New good score found : 8.0

Iteration 0 for optimizer TS_30_3000_3_25_50_False
Current scores : [9.8 9.7 9.6 8.9 8. ]
Mean score : 5.2299999999999995, mean score among 20 best scores : 6.26
The current all time best score is 9.8
Duration of the TS_30_3000_3_25_50_False iteration = 2.19e+03, duration of the scoring phase = 2.19e+03

New homological profile found : 4 12 12 4


New homological profile found : 4 6 6 4


New homological profile found : 2 13 13 2


New homological profile found : 6 10 10 6


New homological profile found : 8 7 7 8


New homological profile found : 9 9 9 9


New homological profile found : 5 9 9 5


New homological profile found : 5 11 11 5


New homological profile found : 3 13 13 3


New homological profile found : 8 6 6 8


New homological profile found : 3 6 6 3


New homological profile found : 6 9 9 6


New homological profile found : 8 8 8 8


New homological profile found : 4 13 13 4


New homological profile found : 9 10 10 9

New good score found : 10.0
New good score found : 10.0
New good score found : 10.0
New good score found : 9.9
New good score found : 9.9

New homological profile found : 8 10 10 8

New good score found : 10.0
New good score found : 10.0
Maximal running time reached for TS_30_3000_3_25_50_False
End of the run for optimizer TS_30_3000_3_25_50_False
CPU time passed: 8647.28, wall time passed: 8743.27
Best score found : 10.0 

