
New homological profile found : 2 60 2


New homological profile found : 1 58 1


New homological profile found : 3 64 3


New homological profile found : 1 60 1


New homological profile found : 3 62 3


New homological profile found : 2 62 2


New homological profile found : 4 64 4


New homological profile found : 4 66 4


-----
Starting optimization with optimizer TS_30_3000_3_25_50_False in experiment exp_1_TS_size_pop_triangs_TS_30_3000_3_25_50_False_homology_b0pab1_Dim.3.deg.6_3_6_seed_0


New homological profile found : 3 56 3


New homological profile found : 2 68 2


New homological profile found : 2 54 2


New homological profile found : 1 66 1


New homological profile found : 3 70 3


New homological profile found : 4 58 4


New homological profile found : 4 72 4


New homological profile found : 5 66 5


New homological profile found : 6 68 6


New homological profile found : 5 68 5


New homological profile found : 7 64 7


New homological profile found : 5 60 5

New good score found : 13.4
New good score found : 12.8
New good score found : 11.8
New good score found : 11.8
New good score found : 11.600000000000001

Iteration 0 for optimizer TS_30_3000_3_25_50_False
Current scores : [13.4 12.8 11.8 11.8 11.6]
Mean score : 10.28, mean score among 20 best scores : 11.020000000000001
The current all time best score is 13.4
Duration of the TS_30_3000_3_25_50_False iteration = 4.93e+02, duration of the scoring phase = 4.93e+02

New homological profile found : 6 76 6


New homological profile found : 6 62 6


New homological profile found : 7 78 7


New homological profile found : 8 66 8


New homological profile found : 7 70 7


New homological profile found : 5 74 5

New good score found : 14.8
New good score found : 14.600000000000001
New good score found : 14.600000000000001
New good score found : 14.0
New good score found : 13.600000000000001

New homological profile found : 6 70 6

New good score found : 14.8
New good score found : 14.8
New good score found : 14.8
New good score found : 14.8

Iteration 10 for optimizer TS_30_3000_3_25_50_False
Current scores : [14.8 14.8 14.8 14.8 14.8]
Mean score : 13.21333333333333, mean score among 20 best scores : 14.220000000000002
The current all time best score is 14.8
Duration of the TS_30_3000_3_25_50_False iteration = 4.74e+02, duration of the scoring phase = 4.74e+02
Maximal running time reached for TS_30_3000_3_25_50_False
End of the run for optimizer TS_30_3000_3_25_50_False
CPU time passed: 7225.99, wall time passed: 7329.35
Best score found : 14.8 


New homological profile found : 3 70 3


New homological profile found : 3 64 3


New homological profile found : 1 58 1


New homological profile found : 2 60 2


New homological profile found : 5 68 5


New homological profile found : 4 66 4


New homological profile found : 1 60 1


New homological profile found : 2 62 2


New homological profile found : 1 66 1


New homological profile found : 2 68 2


New homological profile found : 3 62 3


-----
Starting optimization with optimizer TS_30_3000_3_25_50_False in experiment exp_1_TS_size_pop_triangs_TS_30_3000_3_25_50_False_homology_b0pab1_Dim.3.deg.6_3_6_seed_1


New homological profile found : 4 58 4


New homological profile found : 4 72 4


New homological profile found : 4 64 4


New homological profile found : 2 54 2


New homological profile found : 5 66 5


New homological profile found : 7 78 7


New homological profile found : 6 62 6


New homological profile found : 6 68 6


New homological profile found : 6 70 6


New homological profile found : 3 56 3


New homological profile found : 6 76 6

New good score found : 14.8
New good score found : 13.600000000000001
New good score found : 13.0
New good score found : 12.2

Iteration 0 for optimizer TS_30_3000_3_25_50_False
Current scores : [14.8 13.6 13.  12.2 11.8]
Mean score : 10.586666666666664, mean score among 20 best scores : 11.370000000000001
The current all time best score is 14.8
Duration of the TS_30_3000_3_25_50_False iteration = 4.79e+02, duration of the scoring phase = 4.79e+02

New homological profile found : 5 60 5


New homological profile found : 5 74 5


New homological profile found : 7 70 7


New homological profile found : 8 66 8


New homological profile found : 7 64 7

New good score found : 14.8
New good score found : 14.8
New good score found : 14.0
New good score found : 14.8
New good score found : 14.8

Iteration 10 for optimizer TS_30_3000_3_25_50_False
Current scores : [14.8 14.8 14.8 14.8 14.8]
Mean score : 13.38, mean score among 20 best scores : 14.240000000000004
The current all time best score is 14.8
Duration of the TS_30_3000_3_25_50_False iteration = 4.71e+02, duration of the scoring phase = 4.71e+02
Maximal running time reached for TS_30_3000_3_25_50_False
End of the run for optimizer TS_30_3000_3_25_50_False
CPU time passed: 7596.32, wall time passed: 7680.67
Best score found : 14.8 


New homological profile found : 2 60 2


New homological profile found : 3 62 3


New homological profile found : 5 68 5


New homological profile found : 3 70 3


New homological profile found : 1 60 1


New homological profile found : 3 64 3


New homological profile found : 1 58 1


New homological profile found : 4 64 4


New homological profile found : 2 62 2


-----
Starting optimization with optimizer TS_30_3000_3_25_50_False in experiment exp_1_TS_size_pop_triangs_TS_30_3000_3_25_50_False_homology_b0pab1_Dim.3.deg.6_3_6_seed_2


New homological profile found : 4 66 4


New homological profile found : 6 62 6


New homological profile found : 5 66 5


New homological profile found : 1 66 1


New homological profile found : 5 74 5


New homological profile found : 2 68 2


New homological profile found : 4 58 4


New homological profile found : 6 76 6


New homological profile found : 6 68 6


New homological profile found : 4 72 4


New homological profile found : 2 54 2


New homological profile found : 5 60 5


New homological profile found : 3 56 3

New good score found : 13.600000000000001
New good score found : 12.8
New good score found : 12.4
New good score found : 12.2

Iteration 0 for optimizer TS_30_3000_3_25_50_False
Current scores : [13.6 12.8 12.4 12.2 11.8]
Mean score : 10.686666666666664, mean score among 20 best scores : 11.320000000000002
The current all time best score is 13.600000000000001
Duration of the TS_30_3000_3_25_50_False iteration = 4.97e+02, duration of the scoring phase = 4.97e+02

New homological profile found : 7 64 7


New homological profile found : 7 78 7


New homological profile found : 6 70 6


New homological profile found : 7 70 7


New homological profile found : 8 66 8

New good score found : 14.8
New good score found : 14.600000000000001
New good score found : 14.0
New good score found : 13.600000000000001
New good score found : 14.8
New good score found : 14.8
New good score found : 14.8
New good score found : 14.8

Iteration 10 for optimizer TS_30_3000_3_25_50_False
Current scores : [14.8 14.8 14.8 14.8 14.8]
Mean score : 13.440000000000001, mean score among 20 best scores : 14.320000000000002
The current all time best score is 14.8
Duration of the TS_30_3000_3_25_50_False iteration = 4.78e+02, duration of the scoring phase = 4.78e+02
Maximal running time reached for TS_30_3000_3_25_50_False
End of the run for optimizer TS_30_3000_3_25_50_False
CPU time passed: 7224.1, wall time passed: 7335.57
Best score found : 14.8 


New homological profile found : 1 58 1


New homological profile found : 3 64 3


New homological profile found : 2 60 2


New homological profile found : 2 54 2


New homological profile found : 3 62 3


New homological profile found : 4 64 4


New homological profile found : 1 66 1


New homological profile found : 5 60 5


New homological profile found : 1 60 1


New homological profile found : 4 72 4


New homological profile found : 2 62 2


-----
Starting optimization with optimizer TS_30_3000_3_25_50_False in experiment exp_1_TS_size_pop_triangs_TS_30_3000_3_25_50_False_homology_b0pab1_Dim.3.deg.6_3_6_seed_3


New homological profile found : 4 66 4


New homological profile found : 5 68 5


New homological profile found : 4 58 4


New homological profile found : 3 70 3


New homological profile found : 6 68 6


New homological profile found : 6 62 6


New homological profile found : 3 56 3


New homological profile found : 2 68 2


New homological profile found : 5 74 5


New homological profile found : 5 66 5

New good score found : 12.8
New good score found : 12.4
New good score found : 12.2
New good score found : 11.8
New good score found : 11.8

Iteration 0 for optimizer TS_30_3000_3_25_50_False
Current scores : [12.8 12.4 12.2 11.8 11.8]
Mean score : 10.579999999999997, mean score among 20 best scores : 11.260000000000002
The current all time best score is 12.8
Duration of the TS_30_3000_3_25_50_False iteration = 4.92e+02, duration of the scoring phase = 4.91e+02

New homological profile found : 6 76 6


New homological profile found : 7 70 7


New homological profile found : 7 64 7


New homological profile found : 7 78 7

New good score found : 14.8
New good score found : 14.8
New good score found : 14.0
New good score found : 13.600000000000001
New good score found : 13.600000000000001

New homological profile found : 6 70 6


New homological profile found : 8 66 8

New good score found : 14.8
New good score found : 14.8
New good score found : 14.8

Iteration 10 for optimizer TS_30_3000_3_25_50_False
Current scores : [14.8 14.8 14.8 14.8 14.8]
Mean score : 13.446666666666665, mean score among 20 best scores : 14.180000000000001
The current all time best score is 14.8
Duration of the TS_30_3000_3_25_50_False iteration = 4.77e+02, duration of the scoring phase = 4.76e+02
Maximal running time reached for TS_30_3000_3_25_50_False
End of the run for optimizer TS_30_3000_3_25_50_False
CPU time passed: 7628.15, wall time passed: 7727.29
Best score found : 14.8 

