
New homological profile found : 2 62 2


New homological profile found : 1 58 1


New homological profile found : 5 60 5


New homological profile found : 1 60 1


New homological profile found : 2 54 2


New homological profile found : 4 58 4


New homological profile found : 1 66 1


New homological profile found : 4 66 4


New homological profile found : 3 64 3


New homological profile found : 3 62 3


New homological profile found : 4 64 4


New homological profile found : 6 76 6


New homological profile found : 7 64 7


New homological profile found : 2 60 2


New homological profile found : 5 68 5


New homological profile found : 6 68 6


New homological profile found : 5 66 5


New homological profile found : 4 72 4


New homological profile found : 5 74 5


-----
Starting optimization with optimizer TS_100_3000_3_25_50_False in experiment exp_1_TS_size_pop_triangs_TS_100_3000_3_25_50_False_homology_b0pab1_Dim.3.deg.6_3_6_seed_0


New homological profile found : 3 70 3


New homological profile found : 3 56 3


New homological profile found : 6 62 6


New homological profile found : 2 68 2


New homological profile found : 7 78 7

New good score found : 14.8
New good score found : 14.8
New good score found : 13.600000000000001
New good score found : 13.600000000000001

Iteration 0 for optimizer TS_100_3000_3_25_50_False
Current scores : [14.8 14.8 13.6 13.6 13.6]
Mean score : 10.463999999999999, mean score among 20 best scores : 12.870000000000001
The current all time best score is 14.8
Duration of the TS_100_3000_3_25_50_False iteration = 2.88e+03, duration of the scoring phase = 2.88e+03

New homological profile found : 8 66 8


New homological profile found : 7 70 7


New homological profile found : 6 70 6

New good score found : 14.8
New good score found : 14.8
New good score found : 14.8
Maximal running time reached for TS_100_3000_3_25_50_False
End of the run for optimizer TS_100_3000_3_25_50_False
CPU time passed: 8590.48, wall time passed: 8695.43
Best score found : 14.8 


New homological profile found : 3 70 3


New homological profile found : 3 64 3


New homological profile found : 1 58 1


New homological profile found : 2 60 2


New homological profile found : 5 68 5


New homological profile found : 4 66 4


New homological profile found : 1 60 1


New homological profile found : 2 62 2


New homological profile found : 1 66 1


New homological profile found : 2 68 2


New homological profile found : 3 62 3


New homological profile found : 4 64 4


New homological profile found : 4 72 4


New homological profile found : 5 60 5


New homological profile found : 7 70 7


New homological profile found : 5 66 5


New homological profile found : 2 54 2


-----
Starting optimization with optimizer TS_100_3000_3_25_50_False in experiment exp_1_TS_size_pop_triangs_TS_100_3000_3_25_50_False_homology_b0pab1_Dim.3.deg.6_3_6_seed_1


New homological profile found : 4 58 4


New homological profile found : 7 78 7


New homological profile found : 6 62 6


New homological profile found : 6 68 6


New homological profile found : 6 70 6


New homological profile found : 3 56 3


New homological profile found : 6 76 6


New homological profile found : 7 64 7


New homological profile found : 5 74 5

New good score found : 14.8
New good score found : 14.8
New good score found : 14.0

Iteration 0 for optimizer TS_100_3000_3_25_50_False
Current scores : [14.8 14.8 14.  14.  13.6]
Mean score : 10.602000000000002, mean score among 20 best scores : 12.830000000000002
The current all time best score is 14.8
Duration of the TS_100_3000_3_25_50_False iteration = 2.92e+03, duration of the scoring phase = 2.92e+03

New homological profile found : 8 66 8

New good score found : 14.8
New good score found : 14.8
New good score found : 14.8
Maximal running time reached for TS_100_3000_3_25_50_False
End of the run for optimizer TS_100_3000_3_25_50_False
CPU time passed: 8735.97, wall time passed: 8851.82
Best score found : 14.8 


New homological profile found : 2 60 2


New homological profile found : 3 62 3


New homological profile found : 5 68 5


New homological profile found : 3 70 3


New homological profile found : 1 60 1


New homological profile found : 3 64 3


New homological profile found : 1 58 1


New homological profile found : 4 64 4


New homological profile found : 2 62 2


New homological profile found : 2 54 2


New homological profile found : 5 66 5


New homological profile found : 1 66 1


-----
Starting optimization with optimizer TS_100_3000_3_25_50_False in experiment exp_1_TS_size_pop_triangs_TS_100_3000_3_25_50_False_homology_b0pab1_Dim.3.deg.6_3_6_seed_2


New homological profile found : 4 66 4


New homological profile found : 6 62 6


New homological profile found : 5 74 5


New homological profile found : 2 68 2


New homological profile found : 4 58 4


New homological profile found : 6 76 6


New homological profile found : 6 68 6


New homological profile found : 4 72 4


New homological profile found : 5 60 5


New homological profile found : 3 56 3


New homological profile found : 7 64 7


New homological profile found : 6 70 6

New good score found : 13.600000000000001
New good score found : 13.600000000000001
New good score found : 13.4
New good score found : 13.0
New good score found : 13.0

Iteration 0 for optimizer TS_100_3000_3_25_50_False
Current scores : [13.6 13.6 13.4 13.  13. ]
Mean score : 10.416000000000002, mean score among 20 best scores : 12.520000000000001
The current all time best score is 13.600000000000001
Duration of the TS_100_3000_3_25_50_False iteration = 2.9e+03, duration of the scoring phase = 2.9e+03

New homological profile found : 7 78 7


New homological profile found : 7 70 7


New homological profile found : 8 66 8

New good score found : 14.8
New good score found : 14.8
New good score found : 14.600000000000001
New good score found : 14.600000000000001
New good score found : 14.600000000000001
New good score found : 14.8
New good score found : 14.8
New good score found : 14.8
Maximal running time reached for TS_100_3000_3_25_50_False
End of the run for optimizer TS_100_3000_3_25_50_False
CPU time passed: 8716.98, wall time passed: 8831.16
Best score found : 14.8 


New homological profile found : 1 58 1


New homological profile found : 3 64 3


New homological profile found : 2 60 2


New homological profile found : 2 54 2


New homological profile found : 3 62 3


New homological profile found : 4 64 4


New homological profile found : 1 66 1


New homological profile found : 5 60 5


New homological profile found : 1 60 1


New homological profile found : 4 72 4


New homological profile found : 2 62 2


New homological profile found : 6 62 6


New homological profile found : 5 68 5


New homological profile found : 4 66 4


New homological profile found : 5 66 5


-----
Starting optimization with optimizer TS_100_3000_3_25_50_False in experiment exp_1_TS_size_pop_triangs_TS_100_3000_3_25_50_False_homology_b0pab1_Dim.3.deg.6_3_6_seed_3


New homological profile found : 4 58 4


New homological profile found : 3 70 3


New homological profile found : 6 68 6


New homological profile found : 3 56 3


New homological profile found : 2 68 2


New homological profile found : 5 74 5


New homological profile found : 7 64 7


New homological profile found : 6 70 6

New good score found : 13.4
New good score found : 13.4
New good score found : 12.8
New good score found : 12.8
New good score found : 12.4

Iteration 0 for optimizer TS_100_3000_3_25_50_False
Current scores : [13.4 13.4 12.8 12.8 12.4]
Mean score : 10.384, mean score among 20 best scores : 12.05
The current all time best score is 13.4
Duration of the TS_100_3000_3_25_50_False iteration = 2.92e+03, duration of the scoring phase = 2.92e+03

New homological profile found : 6 76 6


New homological profile found : 7 70 7


New homological profile found : 7 78 7


New homological profile found : 8 66 8

New good score found : 14.8
New good score found : 14.8
New good score found : 14.600000000000001
New good score found : 14.600000000000001
New good score found : 14.0
New good score found : 14.8
New good score found : 14.8
New good score found : 14.8
Maximal running time reached for TS_100_3000_3_25_50_False
End of the run for optimizer TS_100_3000_3_25_50_False
CPU time passed: 8608.23, wall time passed: 8699.49
Best score found : 14.8 

