
-----
Starting optimization with optimizer RL_4_256_256_128_32_0.0003_500_False_0 in experiment exp_2_RL_layers_triangs_RL_4_256_256_128_32_0.0003_500_False_0_homology_b0pab1_Dim.4.deg.4_4_4_seed_0


New homological profile found : 1 8 8 1


New homological profile found : 1 14 14 1


New homological profile found : 1 6 6 1


New homological profile found : 1 7 7 1


New homological profile found : 3 6 6 3


New homological profile found : 1 5 5 1


New homological profile found : 1 12 12 1


New homological profile found : 5 9 9 5


New homological profile found : 1 13 13 1


New homological profile found : 2 8 8 2


New homological profile found : 1 10 10 1


New homological profile found : 1 11 11 1


New homological profile found : 1 9 9 1


New homological profile found : 3 11 11 3


New homological profile found : 9 7 7 9


New homological profile found : 3 8 8 3


New homological profile found : 6 6 6 6


New homological profile found : 3 9 9 3


New homological profile found : 5 8 8 5


New homological profile found : 3 10 10 3


New homological profile found : 1 15 15 1


New homological profile found : 3 12 12 3


New homological profile found : 1 16 16 1


New homological profile found : 2 11 11 2


New homological profile found : 4 9 9 4


New homological profile found : 2 9 9 2


New homological profile found : 3 7 7 3


New homological profile found : 2 7 7 2


New homological profile found : 4 10 10 4


New homological profile found : 5 10 10 5


New homological profile found : 2 10 10 2


New homological profile found : 1 4 4 1


New homological profile found : 2 13 13 2


New homological profile found : 5 7 7 5


New homological profile found : 9 8 8 9


New homological profile found : 8 7 7 8


New homological profile found : 2 4 4 2


New homological profile found : 9 9 9 9


New homological profile found : 6 9 9 6


New homological profile found : 2 5 5 2


New homological profile found : 7 7 7 7


New homological profile found : 2 12 12 2


New homological profile found : 1 3 3 1


New homological profile found : 7 9 9 7


New homological profile found : 4 12 12 4


New homological profile found : 8 9 9 8


New homological profile found : 6 7 7 6


New homological profile found : 8 8 8 8


New homological profile found : 5 11 11 5


New homological profile found : 6 8 8 6


New homological profile found : 4 11 11 4


New homological profile found : 7 8 8 7


New homological profile found : 1 17 17 1


New homological profile found : 3 14 14 3


New homological profile found : 4 8 8 4


New homological profile found : 8 6 6 8

New good score found : 9.9
New good score found : 9.8
New good score found : 9.7
New good score found : 9.7
New good score found : 9.7

Iteration 0 for optimizer RL_4_256_256_128_32_0.0003_500_False_0
Current scores : [9.9 9.8 9.7 9.7 9.7]
Mean score : 2.8752, mean score among 20 best scores : 8.735
The current all time best score is 9.9
Duration of the RL_4_256_256_128_32_0.0003_500_False_0 iteration = 6.87e+02, duration of the scoring phase = 6.73e+02

New homological profile found : 4 7 7 4


New homological profile found : 6 10 10 6


New homological profile found : 5 6 6 5


New homological profile found : 7 10 10 7


New homological profile found : 8 10 10 8


New homological profile found : 3 13 13 3


New homological profile found : 7 6 6 7


New homological profile found : 9 10 10 9

New good score found : 10.0
New good score found : 9.9

New homological profile found : 2 6 6 2


New homological profile found : 4 6 6 4

New good score found : 9.9
New good score found : 9.9

New homological profile found : 9 6 6 9

New good score found : 10.0
New good score found : 10.0

New homological profile found : 4 13 13 4

New good score found : 10.0
New good score found : 10.0
Maximal running time reached for RL_4_256_256_128_32_0.0003_500_False_0
End of the run for optimizer RL_4_256_256_128_32_0.0003_500_False_0
CPU time passed: 7597.28, wall time passed: 7461.81
Best score found : 10.0 


-----
Starting optimization with optimizer RL_4_256_256_128_32_0.0003_500_False_0 in experiment exp_2_RL_layers_triangs_RL_4_256_256_128_32_0.0003_500_False_0_homology_b0pab1_Dim.4.deg.4_4_4_seed_1


New homological profile found : 1 9 9 1


New homological profile found : 1 14 14 1


New homological profile found : 6 8 8 6


New homological profile found : 7 10 10 7


New homological profile found : 1 5 5 1


New homological profile found : 1 6 6 1


New homological profile found : 1 15 15 1


New homological profile found : 1 11 11 1


New homological profile found : 1 10 10 1


New homological profile found : 5 9 9 5


New homological profile found : 1 8 8 1


New homological profile found : 1 7 7 1


New homological profile found : 2 5 5 2


New homological profile found : 5 8 8 5


New homological profile found : 1 12 12 1


New homological profile found : 2 11 11 2


New homological profile found : 4 8 8 4


New homological profile found : 3 11 11 3


New homological profile found : 1 13 13 1


New homological profile found : 5 6 6 5


New homological profile found : 4 10 10 4


New homological profile found : 3 10 10 3


New homological profile found : 9 8 8 9


New homological profile found : 9 6 6 9


New homological profile found : 6 9 9 6


New homological profile found : 6 7 7 6


New homological profile found : 3 8 8 3


New homological profile found : 1 4 4 1


New homological profile found : 2 9 9 2


New homological profile found : 2 12 12 2


New homological profile found : 3 9 9 3


New homological profile found : 2 8 8 2


New homological profile found : 8 9 9 8


New homological profile found : 3 12 12 3


New homological profile found : 7 8 8 7


New homological profile found : 3 13 13 3


New homological profile found : 6 10 10 6


New homological profile found : 2 10 10 2


New homological profile found : 3 7 7 3


New homological profile found : 5 10 10 5


New homological profile found : 3 14 14 3


New homological profile found : 4 9 9 4


New homological profile found : 4 6 6 4


New homological profile found : 1 16 16 1


New homological profile found : 4 7 7 4


New homological profile found : 2 7 7 2


New homological profile found : 4 11 11 4


New homological profile found : 7 7 7 7


New homological profile found : 8 8 8 8


New homological profile found : 8 10 10 8


New homological profile found : 7 9 9 7


New homological profile found : 5 7 7 5


New homological profile found : 1 3 3 1


New homological profile found : 9 7 7 9


New homological profile found : 4 13 13 4


New homological profile found : 2 13 13 2


New homological profile found : 2 6 6 2


New homological profile found : 9 9 9 9

New good score found : 9.9
New good score found : 9.8
New good score found : 9.7
New good score found : 9.6
New good score found : 9.0

Iteration 0 for optimizer RL_4_256_256_128_32_0.0003_500_False_0
Current scores : [9.9 9.8 9.7 9.6 9. ]
Mean score : 2.823, mean score among 20 best scores : 8.485000000000001
The current all time best score is 9.9
Duration of the RL_4_256_256_128_32_0.0003_500_False_0 iteration = 7.48e+02, duration of the scoring phase = 7.35e+02

New homological profile found : 2 4 4 2


New homological profile found : 3 6 6 3


New homological profile found : 4 12 12 4


New homological profile found : 6 6 6 6


New homological profile found : 8 6 6 8


New homological profile found : 7 6 6 7


New homological profile found : 5 11 11 5

New good score found : 9.8
New good score found : 9.8

New homological profile found : 1 17 17 1

New good score found : 9.9
New good score found : 9.9

New homological profile found : 8 7 7 8


New homological profile found : 9 10 10 9

New good score found : 10.0
New good score found : 9.9
New good score found : 10.0
New good score found : 10.0
New good score found : 10.0
Maximal running time reached for RL_4_256_256_128_32_0.0003_500_False_0
End of the run for optimizer RL_4_256_256_128_32_0.0003_500_False_0
CPU time passed: 7650.39, wall time passed: 7517.54
Best score found : 10.0 


-----
Starting optimization with optimizer RL_4_256_256_128_32_0.0003_500_False_0 in experiment exp_2_RL_layers_triangs_RL_4_256_256_128_32_0.0003_500_False_0_homology_b0pab1_Dim.4.deg.4_4_4_seed_2


New homological profile found : 2 10 10 2


New homological profile found : 2 6 6 2


New homological profile found : 7 7 7 7


New homological profile found : 1 8 8 1


New homological profile found : 1 14 14 1


New homological profile found : 1 11 11 1


New homological profile found : 4 11 11 4


New homological profile found : 4 9 9 4


New homological profile found : 8 9 9 8


New homological profile found : 1 10 10 1


New homological profile found : 3 8 8 3


New homological profile found : 1 5 5 1


New homological profile found : 3 10 10 3


New homological profile found : 5 8 8 5


New homological profile found : 9 7 7 9


New homological profile found : 3 9 9 3


New homological profile found : 1 12 12 1


New homological profile found : 3 11 11 3


New homological profile found : 1 9 9 1


New homological profile found : 1 15 15 1


New homological profile found : 8 6 6 8


New homological profile found : 1 6 6 1


New homological profile found : 6 10 10 6


New homological profile found : 1 7 7 1


New homological profile found : 2 12 12 2


New homological profile found : 2 8 8 2


New homological profile found : 6 6 6 6


New homological profile found : 2 9 9 2


New homological profile found : 8 7 7 8


New homological profile found : 4 8 8 4


New homological profile found : 1 13 13 1


New homological profile found : 3 12 12 3


New homological profile found : 3 7 7 3


New homological profile found : 4 12 12 4


New homological profile found : 3 14 14 3


New homological profile found : 9 8 8 9


New homological profile found : 1 16 16 1


New homological profile found : 2 4 4 2


New homological profile found : 3 13 13 3


New homological profile found : 5 10 10 5


New homological profile found : 2 11 11 2


New homological profile found : 6 7 7 6


New homological profile found : 1 4 4 1


New homological profile found : 8 8 8 8


New homological profile found : 2 5 5 2


New homological profile found : 6 8 8 6


New homological profile found : 2 7 7 2


New homological profile found : 2 13 13 2


New homological profile found : 5 9 9 5


New homological profile found : 9 9 9 9


New homological profile found : 1 17 17 1


New homological profile found : 4 10 10 4


New homological profile found : 5 7 7 5


New homological profile found : 7 10 10 7


New homological profile found : 7 6 6 7


New homological profile found : 6 9 9 6


New homological profile found : 3 6 6 3


New homological profile found : 7 9 9 7


New homological profile found : 4 7 7 4

New good score found : 9.9
New good score found : 9.9
New good score found : 9.8
New good score found : 9.7
New good score found : 9.7

Iteration 0 for optimizer RL_4_256_256_128_32_0.0003_500_False_0
Current scores : [9.9 9.9 9.8 9.7 9.7]
Mean score : 2.8704, mean score among 20 best scores : 8.519999999999998
The current all time best score is 9.9
Duration of the RL_4_256_256_128_32_0.0003_500_False_0 iteration = 7.23e+02, duration of the scoring phase = 7.11e+02

New homological profile found : 9 10 10 9


New homological profile found : 7 8 8 7


New homological profile found : 1 3 3 1

New good score found : 10.0
New good score found : 9.8

New homological profile found : 4 6 6 4


New homological profile found : 4 13 13 4


New homological profile found : 5 6 6 5


New homological profile found : 8 10 10 8

New good score found : 9.9
New good score found : 9.9

New homological profile found : 5 11 11 5


New homological profile found : 9 6 6 9

New good score found : 10.0
New good score found : 10.0
New good score found : 10.0
New good score found : 10.0
Maximal running time reached for RL_4_256_256_128_32_0.0003_500_False_0
End of the run for optimizer RL_4_256_256_128_32_0.0003_500_False_0
CPU time passed: 7464.1, wall time passed: 7335.05
Best score found : 10.0 


-----
Starting optimization with optimizer RL_4_256_256_128_32_0.0003_500_False_0 in experiment exp_2_RL_layers_triangs_RL_4_256_256_128_32_0.0003_500_False_0_homology_b0pab1_Dim.4.deg.4_4_4_seed_3


New homological profile found : 1 6 6 1


New homological profile found : 9 9 9 9


New homological profile found : 3 12 12 3


New homological profile found : 1 8 8 1


New homological profile found : 2 10 10 2


New homological profile found : 1 12 12 1


New homological profile found : 1 13 13 1


New homological profile found : 1 7 7 1


New homological profile found : 3 8 8 3


New homological profile found : 1 9 9 1


New homological profile found : 6 8 8 6


New homological profile found : 6 7 7 6


New homological profile found : 1 14 14 1


New homological profile found : 1 4 4 1


New homological profile found : 3 11 11 3


New homological profile found : 2 11 11 2


New homological profile found : 1 16 16 1


New homological profile found : 1 10 10 1


New homological profile found : 1 11 11 1


New homological profile found : 3 9 9 3


New homological profile found : 1 5 5 1


New homological profile found : 2 13 13 2


New homological profile found : 4 11 11 4


New homological profile found : 8 7 7 8


New homological profile found : 5 8 8 5


New homological profile found : 4 10 10 4


New homological profile found : 2 8 8 2


New homological profile found : 3 10 10 3


New homological profile found : 3 13 13 3


New homological profile found : 7 10 10 7


New homological profile found : 5 7 7 5


New homological profile found : 4 8 8 4


New homological profile found : 4 12 12 4


New homological profile found : 8 8 8 8


New homological profile found : 1 15 15 1


New homological profile found : 7 6 6 7


New homological profile found : 2 12 12 2


New homological profile found : 2 7 7 2


New homological profile found : 3 7 7 3


New homological profile found : 4 9 9 4


New homological profile found : 2 6 6 2


New homological profile found : 2 9 9 2


New homological profile found : 6 9 9 6


New homological profile found : 2 4 4 2


New homological profile found : 5 9 9 5


New homological profile found : 3 14 14 3


New homological profile found : 1 3 3 1


New homological profile found : 9 8 8 9


New homological profile found : 9 6 6 9


New homological profile found : 4 13 13 4


New homological profile found : 5 10 10 5


New homological profile found : 9 7 7 9


New homological profile found : 7 8 8 7


New homological profile found : 7 9 9 7


New homological profile found : 7 7 7 7


New homological profile found : 4 7 7 4

New good score found : 9.9
New good score found : 9.9
New good score found : 9.8
New good score found : 9.8
New good score found : 9.7

Iteration 0 for optimizer RL_4_256_256_128_32_0.0003_500_False_0
Current scores : [9.9 9.9 9.8 9.8 9.7]
Mean score : 2.8024, mean score among 20 best scores : 8.584999999999999
The current all time best score is 9.9
Duration of the RL_4_256_256_128_32_0.0003_500_False_0 iteration = 6.77e+02, duration of the scoring phase = 6.63e+02

New homological profile found : 2 5 5 2


New homological profile found : 8 6 6 8


New homological profile found : 8 9 9 8


New homological profile found : 5 11 11 5


New homological profile found : 6 6 6 6


New homological profile found : 1 17 17 1


New homological profile found : 6 10 10 6

New good score found : 9.8

New homological profile found : 5 6 6 5


New homological profile found : 9 10 10 9


New homological profile found : 8 10 10 8

New good score found : 10.0

New homological profile found : 4 6 6 4


New homological profile found : 3 6 6 3

New good score found : 10.0
New good score found : 9.9
New good score found : 10.0
Maximal running time reached for RL_4_256_256_128_32_0.0003_500_False_0
End of the run for optimizer RL_4_256_256_128_32_0.0003_500_False_0
CPU time passed: 7240.16, wall time passed: 7113.29
Best score found : 10.0 


-----
Starting optimization with optimizer RL_5_256_256_256_128_32_0.0003_500_False_0 in experiment exp_2_RL_layers_triangs_RL_5_256_256_256_128_32_0.0003_500_False_0_homology_b0pab1_Dim.4.deg.4_4_4_seed_0


New homological profile found : 1 8 8 1


New homological profile found : 1 16 16 1


New homological profile found : 1 6 6 1


New homological profile found : 1 7 7 1


New homological profile found : 3 6 6 3


New homological profile found : 1 5 5 1


New homological profile found : 1 12 12 1


New homological profile found : 1 11 11 1


New homological profile found : 1 13 13 1


New homological profile found : 2 8 8 2


New homological profile found : 1 10 10 1


New homological profile found : 1 9 9 1


New homological profile found : 1 14 14 1


New homological profile found : 3 11 11 3


New homological profile found : 8 7 7 8


New homological profile found : 3 8 8 3


New homological profile found : 8 8 8 8


New homological profile found : 3 10 10 3


New homological profile found : 7 10 10 7


New homological profile found : 3 12 12 3


New homological profile found : 2 11 11 2


New homological profile found : 4 9 9 4


New homological profile found : 1 15 15 1


New homological profile found : 3 7 7 3


New homological profile found : 2 7 7 2


New homological profile found : 4 10 10 4


New homological profile found : 5 10 10 5


New homological profile found : 2 10 10 2


New homological profile found : 1 4 4 1


New homological profile found : 2 13 13 2


New homological profile found : 5 7 7 5


New homological profile found : 2 9 9 2


New homological profile found : 9 8 8 9


New homological profile found : 5 9 9 5


New homological profile found : 3 9 9 3


New homological profile found : 2 4 4 2


New homological profile found : 9 9 9 9


New homological profile found : 8 9 9 8


New homological profile found : 2 5 5 2


New homological profile found : 5 8 8 5


New homological profile found : 7 7 7 7


New homological profile found : 2 12 12 2


New homological profile found : 1 3 3 1


New homological profile found : 4 12 12 4


New homological profile found : 6 7 7 6


New homological profile found : 5 11 11 5


New homological profile found : 4 8 8 4


New homological profile found : 6 8 8 6


New homological profile found : 4 11 11 4


New homological profile found : 1 17 17 1


New homological profile found : 9 7 7 9


New homological profile found : 6 9 9 6


New homological profile found : 7 8 8 7


New homological profile found : 7 9 9 7


New homological profile found : 3 14 14 3


New homological profile found : 8 6 6 8

New good score found : 9.9
New good score found : 9.9
New good score found : 9.8
New good score found : 9.7
New good score found : 9.7

Iteration 0 for optimizer RL_5_256_256_256_128_32_0.0003_500_False_0
Current scores : [9.9 9.9 9.8 9.7 9.7]
Mean score : 2.864, mean score among 20 best scores : 8.835000000000003
The current all time best score is 9.9
Duration of the RL_5_256_256_256_128_32_0.0003_500_False_0 iteration = 6.84e+02, duration of the scoring phase = 6.67e+02

New homological profile found : 2 6 6 2


New homological profile found : 6 6 6 6


New homological profile found : 4 7 7 4


New homological profile found : 6 10 10 6


New homological profile found : 5 6 6 5


New homological profile found : 3 13 13 3


New homological profile found : 8 10 10 8


New homological profile found : 7 6 6 7


New homological profile found : 9 10 10 9

New good score found : 10.0
New good score found : 10.0
New good score found : 9.9

New homological profile found : 9 6 6 9


New homological profile found : 4 6 6 4

New good score found : 10.0

New homological profile found : 4 13 13 4

New good score found : 10.0
New good score found : 10.0
Maximal running time reached for RL_5_256_256_256_128_32_0.0003_500_False_0
End of the run for optimizer RL_5_256_256_256_128_32_0.0003_500_False_0
CPU time passed: 7437.27, wall time passed: 7219.96
Best score found : 10.0 


-----
Starting optimization with optimizer RL_5_256_256_256_128_32_0.0003_500_False_0 in experiment exp_2_RL_layers_triangs_RL_5_256_256_256_128_32_0.0003_500_False_0_homology_b0pab1_Dim.4.deg.4_4_4_seed_1


New homological profile found : 1 9 9 1


New homological profile found : 1 14 14 1


New homological profile found : 6 8 8 6


New homological profile found : 7 10 10 7


New homological profile found : 1 5 5 1


New homological profile found : 3 11 11 3


New homological profile found : 1 15 15 1


New homological profile found : 2 11 11 2


New homological profile found : 1 10 10 1


New homological profile found : 5 9 9 5


New homological profile found : 1 8 8 1


New homological profile found : 1 7 7 1


New homological profile found : 2 5 5 2


New homological profile found : 5 8 8 5


New homological profile found : 5 7 7 5


New homological profile found : 1 12 12 1


New homological profile found : 1 13 13 1


New homological profile found : 4 8 8 4


New homological profile found : 5 6 6 5


New homological profile found : 2 10 10 2


New homological profile found : 1 11 11 1


New homological profile found : 4 10 10 4


New homological profile found : 3 10 10 3


New homological profile found : 9 8 8 9


New homological profile found : 3 9 9 3


New homological profile found : 9 6 6 9


New homological profile found : 6 9 9 6


New homological profile found : 1 6 6 1


New homological profile found : 6 7 7 6


New homological profile found : 3 8 8 3


New homological profile found : 2 12 12 2


New homological profile found : 1 16 16 1


New homological profile found : 2 8 8 2


New homological profile found : 4 9 9 4


New homological profile found : 8 9 9 8


New homological profile found : 7 8 8 7


New homological profile found : 1 4 4 1


New homological profile found : 3 7 7 3


New homological profile found : 3 14 14 3


New homological profile found : 3 12 12 3


New homological profile found : 6 6 6 6


New homological profile found : 1 17 17 1


New homological profile found : 2 9 9 2


New homological profile found : 2 7 7 2


New homological profile found : 4 11 11 4


New homological profile found : 7 7 7 7


New homological profile found : 3 13 13 3


New homological profile found : 8 8 8 8


New homological profile found : 8 10 10 8


New homological profile found : 4 7 7 4


New homological profile found : 7 9 9 7


New homological profile found : 1 3 3 1


New homological profile found : 9 7 7 9


New homological profile found : 4 12 12 4


New homological profile found : 2 6 6 2

New good score found : 9.8
New good score found : 9.8
New good score found : 9.7
New good score found : 9.6
New good score found : 9.0

Iteration 0 for optimizer RL_5_256_256_256_128_32_0.0003_500_False_0
Current scores : [9.8 9.8 9.7 9.6 9. ]
Mean score : 2.8508, mean score among 20 best scores : 8.370000000000001
The current all time best score is 9.8
Duration of the RL_5_256_256_256_128_32_0.0003_500_False_0 iteration = 7.04e+02, duration of the scoring phase = 6.89e+02

New homological profile found : 2 4 4 2


New homological profile found : 3 6 6 3


New homological profile found : 7 6 6 7


New homological profile found : 6 10 10 6


New homological profile found : 5 10 10 5


New homological profile found : 8 6 6 8


New homological profile found : 8 7 7 8


New homological profile found : 5 11 11 5


New homological profile found : 4 6 6 4


New homological profile found : 2 13 13 2

New good score found : 9.8
New good score found : 9.8

New homological profile found : 4 13 13 4


New homological profile found : 9 9 9 9

New good score found : 9.9

New homological profile found : 9 10 10 9

New good score found : 10.0
New good score found : 9.9
New good score found : 9.9
New good score found : 10.0
Maximal running time reached for RL_5_256_256_256_128_32_0.0003_500_False_0
End of the run for optimizer RL_5_256_256_256_128_32_0.0003_500_False_0
CPU time passed: 7366.03, wall time passed: 7166.3
Best score found : 10.0 


-----
Starting optimization with optimizer RL_5_256_256_256_128_32_0.0003_500_False_0 in experiment exp_2_RL_layers_triangs_RL_5_256_256_256_128_32_0.0003_500_False_0_homology_b0pab1_Dim.4.deg.4_4_4_seed_2


New homological profile found : 2 10 10 2


New homological profile found : 2 6 6 2


New homological profile found : 7 7 7 7


New homological profile found : 1 8 8 1


New homological profile found : 1 14 14 1


New homological profile found : 1 11 11 1


New homological profile found : 4 11 11 4


New homological profile found : 1 7 7 1


New homological profile found : 8 9 9 8


New homological profile found : 1 10 10 1


New homological profile found : 3 8 8 3


New homological profile found : 1 12 12 1


New homological profile found : 4 9 9 4


New homological profile found : 1 3 3 1


New homological profile found : 1 9 9 1


New homological profile found : 3 10 10 3


New homological profile found : 5 8 8 5


New homological profile found : 9 7 7 9


New homological profile found : 3 9 9 3


New homological profile found : 1 13 13 1


New homological profile found : 3 11 11 3


New homological profile found : 8 6 6 8


New homological profile found : 1 6 6 1


New homological profile found : 8 8 8 8


New homological profile found : 2 12 12 2


New homological profile found : 2 8 8 2


New homological profile found : 6 6 6 6


New homological profile found : 8 7 7 8


New homological profile found : 2 9 9 2


New homological profile found : 3 12 12 3


New homological profile found : 4 8 8 4


New homological profile found : 4 12 12 4


New homological profile found : 3 14 14 3


New homological profile found : 9 8 8 9


New homological profile found : 5 6 6 5


New homological profile found : 1 16 16 1


New homological profile found : 1 5 5 1


New homological profile found : 1 15 15 1


New homological profile found : 2 4 4 2


New homological profile found : 3 13 13 3


New homological profile found : 4 13 13 4


New homological profile found : 5 10 10 5


New homological profile found : 6 10 10 6


New homological profile found : 2 11 11 2


New homological profile found : 6 7 7 6


New homological profile found : 1 4 4 1


New homological profile found : 2 5 5 2


New homological profile found : 6 8 8 6


New homological profile found : 2 7 7 2


New homological profile found : 2 13 13 2


New homological profile found : 5 9 9 5


New homological profile found : 9 9 9 9


New homological profile found : 1 17 17 1


New homological profile found : 4 10 10 4


New homological profile found : 5 7 7 5


New homological profile found : 7 10 10 7


New homological profile found : 6 9 9 6


New homological profile found : 7 8 8 7


New homological profile found : 4 7 7 4

New good score found : 9.9
New good score found : 9.9
New good score found : 9.8
New good score found : 9.8
New good score found : 9.7

Iteration 0 for optimizer RL_5_256_256_256_128_32_0.0003_500_False_0
Current scores : [9.9 9.9 9.8 9.8 9.7]
Mean score : 2.8204000000000002, mean score among 20 best scores : 8.665
The current all time best score is 9.9
Duration of the RL_5_256_256_256_128_32_0.0003_500_False_0 iteration = 7.27e+02, duration of the scoring phase = 7.1e+02

New homological profile found : 9 10 10 9


New homological profile found : 7 6 6 7


New homological profile found : 7 9 9 7


New homological profile found : 3 7 7 3


New homological profile found : 5 11 11 5

New good score found : 10.0

New homological profile found : 4 6 6 4


New homological profile found : 9 6 6 9

New good score found : 10.0
New good score found : 10.0

New homological profile found : 3 6 6 3

New good score found : 10.0
New good score found : 10.0

New homological profile found : 8 10 10 8


Iteration 10 for optimizer RL_5_256_256_256_128_32_0.0003_500_False_0
Current scores : [10.   9.8  9.7  9.   9. ]
Mean score : 2.8734, mean score among 20 best scores : 8.459999999999997
The current all time best score is 10.0
Duration of the RL_5_256_256_256_128_32_0.0003_500_False_0 iteration = 7.95e+02, duration of the scoring phase = 6.41e+02
Maximal running time reached for RL_5_256_256_256_128_32_0.0003_500_False_0
End of the run for optimizer RL_5_256_256_256_128_32_0.0003_500_False_0
CPU time passed: 7939.29, wall time passed: 7535.91
Best score found : 10.0 


-----
Starting optimization with optimizer RL_5_256_256_256_128_32_0.0003_500_False_0 in experiment exp_2_RL_layers_triangs_RL_5_256_256_256_128_32_0.0003_500_False_0_homology_b0pab1_Dim.4.deg.4_4_4_seed_3


New homological profile found : 1 5 5 1


New homological profile found : 9 9 9 9


New homological profile found : 3 12 12 3


New homological profile found : 1 9 9 1


New homological profile found : 2 10 10 2


New homological profile found : 1 8 8 1


New homological profile found : 1 12 12 1


New homological profile found : 1 6 6 1


New homological profile found : 1 13 13 1


New homological profile found : 1 7 7 1


New homological profile found : 3 8 8 3


New homological profile found : 6 7 7 6


New homological profile found : 1 14 14 1


New homological profile found : 1 4 4 1


New homological profile found : 3 11 11 3


New homological profile found : 6 8 8 6


New homological profile found : 3 13 13 3


New homological profile found : 1 16 16 1


New homological profile found : 8 9 9 8


New homological profile found : 1 11 11 1


New homological profile found : 3 9 9 3


New homological profile found : 2 13 13 2


New homological profile found : 1 10 10 1


New homological profile found : 4 11 11 4


New homological profile found : 8 7 7 8


New homological profile found : 5 8 8 5


New homological profile found : 4 10 10 4


New homological profile found : 2 8 8 2


New homological profile found : 3 10 10 3


New homological profile found : 2 11 11 2


New homological profile found : 4 9 9 4


New homological profile found : 7 10 10 7


New homological profile found : 5 7 7 5


New homological profile found : 1 15 15 1


New homological profile found : 4 8 8 4


New homological profile found : 4 12 12 4


New homological profile found : 8 8 8 8


New homological profile found : 7 8 8 7


New homological profile found : 2 7 7 2


New homological profile found : 3 7 7 3


New homological profile found : 2 9 9 2


New homological profile found : 4 7 7 4


New homological profile found : 2 6 6 2


New homological profile found : 6 6 6 6


New homological profile found : 8 10 10 8


New homological profile found : 6 9 9 6


New homological profile found : 2 4 4 2


New homological profile found : 5 9 9 5


New homological profile found : 1 3 3 1


New homological profile found : 9 8 8 9


New homological profile found : 9 6 6 9


New homological profile found : 4 13 13 4


New homological profile found : 2 12 12 2


New homological profile found : 5 10 10 5


New homological profile found : 9 7 7 9


New homological profile found : 7 9 9 7


New homological profile found : 7 7 7 7

New good score found : 9.9
New good score found : 9.9
New good score found : 9.8
New good score found : 9.8
New good score found : 9.7

Iteration 0 for optimizer RL_5_256_256_256_128_32_0.0003_500_False_0
Current scores : [9.9 9.9 9.8 9.8 9.7]
Mean score : 2.825, mean score among 20 best scores : 8.765
The current all time best score is 9.9
Duration of the RL_5_256_256_256_128_32_0.0003_500_False_0 iteration = 6.46e+02, duration of the scoring phase = 6.25e+02

New homological profile found : 2 5 5 2


New homological profile found : 3 14 14 3


New homological profile found : 8 6 6 8


New homological profile found : 7 6 6 7


New homological profile found : 5 11 11 5


New homological profile found : 6 10 10 6


New homological profile found : 1 17 17 1

New good score found : 9.8

New homological profile found : 4 6 6 4


New homological profile found : 9 10 10 9

New good score found : 10.0

New homological profile found : 5 6 6 5


New homological profile found : 3 6 6 3

New good score found : 10.0
New good score found : 9.9

Iteration 10 for optimizer RL_5_256_256_256_128_32_0.0003_500_False_0
Current scores : [9.9 9.8 9.8 9.7 9.6]
Mean score : 2.7744000000000004, mean score among 20 best scores : 8.23
The current all time best score is 10.0
Duration of the RL_5_256_256_256_128_32_0.0003_500_False_0 iteration = 7.95e+02, duration of the scoring phase = 6.39e+02
Maximal running time reached for RL_5_256_256_256_128_32_0.0003_500_False_0
End of the run for optimizer RL_5_256_256_256_128_32_0.0003_500_False_0
CPU time passed: 7932.39, wall time passed: 7432.97
Best score found : 10.0 

