
-----
Starting optimization with optimizer RL_5_256_256_256_128_32_0.0003_500_False_0 in experiment exp_2_RL_layers_triangs_RL_5_256_256_256_128_32_0.0003_500_False_0_homology_b0pab1_Dim.3.deg.6_3_6_seed_0


New homological profile found : 3 70 3


New homological profile found : 3 62 3


New homological profile found : 1 60 1


New homological profile found : 1 58 1


New homological profile found : 3 64 3


New homological profile found : 2 62 2


New homological profile found : 5 60 5


New homological profile found : 1 66 1


New homological profile found : 4 64 4


New homological profile found : 3 56 3


New homological profile found : 2 60 2


New homological profile found : 2 54 2


New homological profile found : 4 66 4


New homological profile found : 5 66 5


New homological profile found : 4 58 4


New homological profile found : 6 70 6


New homological profile found : 2 68 2


New homological profile found : 6 68 6


New homological profile found : 5 74 5


New homological profile found : 7 78 7


New homological profile found : 6 76 6


New homological profile found : 5 68 5


New homological profile found : 4 72 4

New good score found : 14.8
New good score found : 13.600000000000001
New good score found : 13.0
New good score found : 13.0
New good score found : 12.8

Iteration 0 for optimizer RL_5_256_256_256_128_32_0.0003_500_False_0
Current scores : [14.8 13.6 13.  13.  12.8]
Mean score : 8.1868, mean score among 20 best scores : 12.1
The current all time best score is 14.8
Duration of the RL_5_256_256_256_128_32_0.0003_500_False_0 iteration = 1e+02, duration of the scoring phase = 75.7

New homological profile found : 7 70 7


New homological profile found : 7 64 7


New homological profile found : 6 62 6

New good score found : 14.0
New good score found : 14.0
New good score found : 13.4
New good score found : 13.600000000000001
New good score found : 14.8
New good score found : 14.8

New homological profile found : 8 66 8

New good score found : 14.600000000000001
New good score found : 14.8

Iteration 10 for optimizer RL_5_256_256_256_128_32_0.0003_500_False_0
Current scores : [14.  14.  13.4 13.4 13. ]
Mean score : 8.356800000000002, mean score among 20 best scores : 12.560000000000002
The current all time best score is 14.8
Duration of the RL_5_256_256_256_128_32_0.0003_500_False_0 iteration = 2.49e+02, duration of the scoring phase = 77.4
New good score found : 14.8

Iteration 20 for optimizer RL_5_256_256_256_128_32_0.0003_500_False_0
Current scores : [14.8 14.  13.6 13.6 13.6]
Mean score : 8.554799999999998, mean score among 20 best scores : 12.640000000000004
The current all time best score is 14.8
Duration of the RL_5_256_256_256_128_32_0.0003_500_False_0 iteration = 2.88e+02, duration of the scoring phase = 88.9
Maximal running time reached for RL_5_256_256_256_128_32_0.0003_500_False_0
End of the run for optimizer RL_5_256_256_256_128_32_0.0003_500_False_0
CPU time passed: 7448.0, wall time passed: 4755.02
Best score found : 14.8 


-----
Starting optimization with optimizer RL_5_256_256_256_128_32_0.0003_500_False_0 in experiment exp_2_RL_layers_triangs_RL_5_256_256_256_128_32_0.0003_500_False_0_homology_b0pab1_Dim.3.deg.6_3_6_seed_1


New homological profile found : 6 68 6


New homological profile found : 1 60 1


New homological profile found : 2 62 2


New homological profile found : 2 60 2


New homological profile found : 1 58 1


New homological profile found : 2 54 2


New homological profile found : 3 62 3


New homological profile found : 3 64 3


New homological profile found : 5 60 5


New homological profile found : 4 66 4


New homological profile found : 3 70 3


New homological profile found : 4 72 4


New homological profile found : 5 66 5


New homological profile found : 4 58 4


New homological profile found : 3 56 3


New homological profile found : 1 66 1


New homological profile found : 2 68 2


New homological profile found : 4 64 4


New homological profile found : 5 68 5


New homological profile found : 7 64 7


New homological profile found : 6 70 6


New homological profile found : 7 78 7


New homological profile found : 6 76 6

New good score found : 14.8
New good score found : 13.600000000000001
New good score found : 13.4
New good score found : 13.4
New good score found : 13.4

Iteration 0 for optimizer RL_5_256_256_256_128_32_0.0003_500_False_0
Current scores : [14.8 13.6 13.4 13.4 13.4]
Mean score : 8.2712, mean score among 20 best scores : 12.419999999999998
The current all time best score is 14.8
Duration of the RL_5_256_256_256_128_32_0.0003_500_False_0 iteration = 1.1e+02, duration of the scoring phase = 90.7

New homological profile found : 5 74 5


New homological profile found : 7 70 7


New homological profile found : 6 62 6

New good score found : 14.0
New good score found : 14.0
New good score found : 14.8
New good score found : 14.0

New homological profile found : 8 66 8

New good score found : 14.600000000000001
New good score found : 14.8
New good score found : 14.8

Iteration 10 for optimizer RL_5_256_256_256_128_32_0.0003_500_False_0
Current scores : [14.8 12.8 12.4 12.4 12.2]
Mean score : 8.3132, mean score among 20 best scores : 11.989999999999998
The current all time best score is 14.8
Duration of the RL_5_256_256_256_128_32_0.0003_500_False_0 iteration = 1.97e+02, duration of the scoring phase = 91.1
New good score found : 14.8

Iteration 20 for optimizer RL_5_256_256_256_128_32_0.0003_500_False_0
Current scores : [14.8 14.6 14.6 14.  14. ]
Mean score : 8.4768, mean score among 20 best scores : 12.730000000000002
The current all time best score is 14.8
Duration of the RL_5_256_256_256_128_32_0.0003_500_False_0 iteration = 3.49e+02, duration of the scoring phase = 80.4
Maximal running time reached for RL_5_256_256_256_128_32_0.0003_500_False_0
End of the run for optimizer RL_5_256_256_256_128_32_0.0003_500_False_0
CPU time passed: 7462.8, wall time passed: 4794.9
Best score found : 14.8 


-----
Starting optimization with optimizer RL_5_256_256_256_128_32_0.0003_500_False_0 in experiment exp_2_RL_layers_triangs_RL_5_256_256_256_128_32_0.0003_500_False_0_homology_b0pab1_Dim.3.deg.6_3_6_seed_2


New homological profile found : 2 62 2


New homological profile found : 1 60 1


New homological profile found : 3 70 3


New homological profile found : 2 60 2


New homological profile found : 4 64 4


New homological profile found : 1 58 1


New homological profile found : 6 68 6


New homological profile found : 3 62 3


New homological profile found : 5 66 5


New homological profile found : 3 64 3


New homological profile found : 5 60 5


New homological profile found : 4 66 4


New homological profile found : 4 58 4


New homological profile found : 3 56 3


New homological profile found : 2 54 2


New homological profile found : 2 68 2


New homological profile found : 1 66 1


New homological profile found : 6 62 6


New homological profile found : 5 68 5


New homological profile found : 6 76 6


New homological profile found : 5 74 5

New good score found : 13.600000000000001
New good score found : 12.8
New good score found : 12.8
New good score found : 12.8
New good score found : 12.8

Iteration 0 for optimizer RL_5_256_256_256_128_32_0.0003_500_False_0
Current scores : [13.6 12.8 12.8 12.8 12.8]
Mean score : 8.2, mean score among 20 best scores : 12.05
The current all time best score is 13.600000000000001
Duration of the RL_5_256_256_256_128_32_0.0003_500_False_0 iteration = 1.08e+02, duration of the scoring phase = 84.0

New homological profile found : 4 72 4


New homological profile found : 7 70 7

New good score found : 14.0
New good score found : 13.600000000000001

New homological profile found : 8 66 8

New good score found : 14.600000000000001

New homological profile found : 7 64 7

New good score found : 14.0
New good score found : 14.0
New good score found : 14.0

Iteration 10 for optimizer RL_5_256_256_256_128_32_0.0003_500_False_0
Current scores : [13.4 12.8 12.8 12.2 12.2]
Mean score : 8.258400000000002, mean score among 20 best scores : 11.87
The current all time best score is 14.600000000000001
Duration of the RL_5_256_256_256_128_32_0.0003_500_False_0 iteration = 1.86e+02, duration of the scoring phase = 81.0

New homological profile found : 6 70 6


New homological profile found : 7 78 7

New good score found : 14.8
New good score found : 14.8
New good score found : 14.600000000000001
New good score found : 14.600000000000001

Iteration 20 for optimizer RL_5_256_256_256_128_32_0.0003_500_False_0
Current scores : [14.  13.6 13.6 13.4 13. ]
Mean score : 8.5732, mean score among 20 best scores : 12.530000000000001
The current all time best score is 14.8
Duration of the RL_5_256_256_256_128_32_0.0003_500_False_0 iteration = 2.74e+02, duration of the scoring phase = 80.2
New good score found : 14.8
Maximal running time reached for RL_5_256_256_256_128_32_0.0003_500_False_0
End of the run for optimizer RL_5_256_256_256_128_32_0.0003_500_False_0
CPU time passed: 7499.67, wall time passed: 4859.72
Best score found : 14.8 


-----
Starting optimization with optimizer RL_5_256_256_256_128_32_0.0003_500_False_0 in experiment exp_2_RL_layers_triangs_RL_5_256_256_256_128_32_0.0003_500_False_0_homology_b0pab1_Dim.3.deg.6_3_6_seed_3


New homological profile found : 3 64 3


New homological profile found : 2 62 2


New homological profile found : 2 54 2


New homological profile found : 2 60 2


New homological profile found : 3 62 3


New homological profile found : 4 64 4


New homological profile found : 1 60 1


New homological profile found : 4 66 4


New homological profile found : 2 68 2


New homological profile found : 1 58 1


New homological profile found : 5 68 5


New homological profile found : 5 66 5


New homological profile found : 1 66 1


New homological profile found : 3 70 3


New homological profile found : 5 60 5


New homological profile found : 4 58 4


New homological profile found : 4 72 4


New homological profile found : 6 68 6


New homological profile found : 3 56 3


New homological profile found : 7 70 7


New homological profile found : 6 70 6

New good score found : 14.0
New good score found : 14.0
New good score found : 13.0
New good score found : 12.8
New good score found : 11.8

Iteration 0 for optimizer RL_5_256_256_256_128_32_0.0003_500_False_0
Current scores : [14.  14.  13.  12.8 11.8]
Mean score : 8.1124, mean score among 20 best scores : 11.969999999999997
The current all time best score is 14.0
Duration of the RL_5_256_256_256_128_32_0.0003_500_False_0 iteration = 1.03e+02, duration of the scoring phase = 84.6

New homological profile found : 5 74 5


New homological profile found : 7 64 7

New good score found : 13.4
New good score found : 13.0
New good score found : 14.0
New good score found : 13.4

New homological profile found : 6 62 6

New good score found : 14.0
New good score found : 14.0

New homological profile found : 6 76 6


Iteration 10 for optimizer RL_5_256_256_256_128_32_0.0003_500_False_0
Current scores : [13.6 12.8 12.8 12.8 12.8]
Mean score : 8.3248, mean score among 20 best scores : 11.95
The current all time best score is 14.0
Duration of the RL_5_256_256_256_128_32_0.0003_500_False_0 iteration = 2.3e+02, duration of the scoring phase = 88.4

New homological profile found : 7 78 7

New good score found : 14.8

New homological profile found : 8 66 8

New good score found : 14.600000000000001

Iteration 20 for optimizer RL_5_256_256_256_128_32_0.0003_500_False_0
Current scores : [14.  13.6 13.6 12.8 12.8]
Mean score : 8.4856, mean score among 20 best scores : 12.420000000000002
The current all time best score is 14.8
Duration of the RL_5_256_256_256_128_32_0.0003_500_False_0 iteration = 3.19e+02, duration of the scoring phase = 81.2
New good score found : 14.8
New good score found : 14.8
New good score found : 14.600000000000001
New good score found : 14.8
New good score found : 14.8
Maximal running time reached for RL_5_256_256_256_128_32_0.0003_500_False_0
End of the run for optimizer RL_5_256_256_256_128_32_0.0003_500_False_0
CPU time passed: 7558.65, wall time passed: 4896.77
Best score found : 14.8 


-----
Starting optimization with optimizer RL_3_128_128_32_0.0003_500_False_0 in experiment exp_2_RL_layers_triangs_RL_3_128_128_32_0.0003_500_False_0_homology_b0pab1_Dim.4.deg.4_4_4_seed_0


New homological profile found : 1 8 8 1


New homological profile found : 1 11 11 1


New homological profile found : 1 6 6 1


New homological profile found : 3 6 6 3


New homological profile found : 1 5 5 1


New homological profile found : 1 13 13 1


New homological profile found : 1 10 10 1


New homological profile found : 3 9 9 3


New homological profile found : 2 8 8 2


New homological profile found : 1 9 9 1


New homological profile found : 3 11 11 3


New homological profile found : 8 7 7 8


New homological profile found : 1 12 12 1


New homological profile found : 6 6 6 6


New homological profile found : 4 11 11 4


New homological profile found : 1 7 7 1


New homological profile found : 7 8 8 7


New homological profile found : 3 10 10 3


New homological profile found : 1 15 15 1


New homological profile found : 4 6 6 4


New homological profile found : 2 12 12 2


New homological profile found : 1 16 16 1


New homological profile found : 2 11 11 2


New homological profile found : 5 9 9 5


New homological profile found : 4 10 10 4


New homological profile found : 1 14 14 1


New homological profile found : 3 8 8 3


New homological profile found : 2 13 13 2


New homological profile found : 3 12 12 3


New homological profile found : 5 7 7 5


New homological profile found : 6 7 7 6


New homological profile found : 9 8 8 9


New homological profile found : 3 7 7 3


New homological profile found : 3 13 13 3


New homological profile found : 1 4 4 1


New homological profile found : 5 10 10 5


New homological profile found : 9 7 7 9


New homological profile found : 6 9 9 6


New homological profile found : 4 9 9 4


New homological profile found : 2 9 9 2


New homological profile found : 2 7 7 2


New homological profile found : 2 6 6 2


New homological profile found : 5 8 8 5


New homological profile found : 7 7 7 7


New homological profile found : 4 13 13 4


New homological profile found : 6 10 10 6


New homological profile found : 2 10 10 2


New homological profile found : 9 9 9 9


New homological profile found : 5 11 11 5


New homological profile found : 9 10 10 9


New homological profile found : 1 17 17 1


New homological profile found : 7 9 9 7


New homological profile found : 4 8 8 4


New homological profile found : 1 3 3 1


New homological profile found : 6 8 8 6


New homological profile found : 2 5 5 2


New homological profile found : 4 7 7 4

New good score found : 10.0
New good score found : 9.9
New good score found : 9.9
New good score found : 9.8
New good score found : 9.7

Iteration 0 for optimizer RL_3_128_128_32_0.0003_500_False_0
Current scores : [10.   9.9  9.9  9.8  9.7]
Mean score : 2.8583999999999996, mean score among 20 best scores : 8.45
The current all time best score is 10.0
Duration of the RL_3_128_128_32_0.0003_500_False_0 iteration = 6.66e+02, duration of the scoring phase = 6.58e+02

New homological profile found : 3 14 14 3


New homological profile found : 5 6 6 5


New homological profile found : 8 6 6 8


New homological profile found : 4 12 12 4


New homological profile found : 7 6 6 7


New homological profile found : 7 10 10 7


New homological profile found : 8 9 9 8

New good score found : 10.0
New good score found : 9.9

New homological profile found : 8 8 8 8


New homological profile found : 8 10 10 8


New homological profile found : 9 6 6 9


New homological profile found : 2 4 4 2

New good score found : 10.0
New good score found : 10.0
New good score found : 10.0

Iteration 10 for optimizer RL_3_128_128_32_0.0003_500_False_0
Current scores : [9.9 9.7 9.6 9.6 8.9]
Mean score : 2.8858, mean score among 20 best scores : 8.374999999999996
The current all time best score is 10.0
Duration of the RL_3_128_128_32_0.0003_500_False_0 iteration = 7.29e+02, duration of the scoring phase = 6.96e+02
Maximal running time reached for RL_3_128_128_32_0.0003_500_False_0
End of the run for optimizer RL_3_128_128_32_0.0003_500_False_0
CPU time passed: 7660.22, wall time passed: 7626.73
Best score found : 10.0 


-----
Starting optimization with optimizer RL_3_128_128_32_0.0003_500_False_0 in experiment exp_2_RL_layers_triangs_RL_3_128_128_32_0.0003_500_False_0_homology_b0pab1_Dim.4.deg.4_4_4_seed_1


New homological profile found : 1 11 11 1


New homological profile found : 1 14 14 1


New homological profile found : 6 8 8 6


New homological profile found : 6 10 10 6


New homological profile found : 1 5 5 1


New homological profile found : 1 15 15 1


New homological profile found : 1 10 10 1


New homological profile found : 3 8 8 3


New homological profile found : 1 13 13 1


New homological profile found : 5 9 9 5


New homological profile found : 1 8 8 1


New homological profile found : 1 7 7 1


New homological profile found : 1 6 6 1


New homological profile found : 2 5 5 2


New homological profile found : 5 8 8 5


New homological profile found : 7 9 9 7


New homological profile found : 1 12 12 1


New homological profile found : 2 11 11 2


New homological profile found : 2 4 4 2


New homological profile found : 3 11 11 3


New homological profile found : 5 6 6 5


New homological profile found : 4 10 10 4


New homological profile found : 1 9 9 1


New homological profile found : 4 8 8 4


New homological profile found : 3 10 10 3


New homological profile found : 7 8 8 7


New homological profile found : 9 6 6 9


New homological profile found : 6 9 9 6


New homological profile found : 1 4 4 1


New homological profile found : 6 7 7 6


New homological profile found : 2 9 9 2


New homological profile found : 2 12 12 2


New homological profile found : 3 9 9 3


New homological profile found : 1 16 16 1


New homological profile found : 2 8 8 2


New homological profile found : 8 9 9 8


New homological profile found : 7 10 10 7


New homological profile found : 3 13 13 3


New homological profile found : 5 10 10 5


New homological profile found : 2 10 10 2


New homological profile found : 3 6 6 3


New homological profile found : 3 14 14 3


New homological profile found : 4 9 9 4


New homological profile found : 4 6 6 4


New homological profile found : 4 7 7 4


New homological profile found : 2 7 7 2


New homological profile found : 4 11 11 4


New homological profile found : 7 6 6 7


New homological profile found : 8 7 7 8


New homological profile found : 2 13 13 2


New homological profile found : 8 10 10 8


New homological profile found : 3 12 12 3


New homological profile found : 8 6 6 8


New homological profile found : 9 7 7 9


New homological profile found : 5 7 7 5


New homological profile found : 1 3 3 1


New homological profile found : 4 13 13 4


New homological profile found : 2 6 6 2


New homological profile found : 9 9 9 9

New good score found : 9.9
New good score found : 9.7
New good score found : 9.7
New good score found : 9.6
New good score found : 9.6

Iteration 0 for optimizer RL_3_128_128_32_0.0003_500_False_0
Current scores : [9.9 9.7 9.7 9.6 9.6]
Mean score : 2.8686, mean score among 20 best scores : 8.615000000000002
The current all time best score is 9.9
Duration of the RL_3_128_128_32_0.0003_500_False_0 iteration = 7.18e+02, duration of the scoring phase = 7.09e+02

New homological profile found : 6 6 6 6


New homological profile found : 3 7 7 3


New homological profile found : 4 12 12 4


New homological profile found : 9 10 10 9


New homological profile found : 9 8 8 9


New homological profile found : 1 17 17 1


New homological profile found : 7 7 7 7

New good score found : 10.0
New good score found : 9.8
New good score found : 9.8
New good score found : 9.9
New good score found : 9.9
New good score found : 9.9

New homological profile found : 8 8 8 8


New homological profile found : 5 11 11 5

New good score found : 10.0
Maximal running time reached for RL_3_128_128_32_0.0003_500_False_0
End of the run for optimizer RL_3_128_128_32_0.0003_500_False_0
CPU time passed: 7241.05, wall time passed: 7214.18
Best score found : 10.0 


-----
Starting optimization with optimizer RL_3_128_128_32_0.0003_500_False_0 in experiment exp_2_RL_layers_triangs_RL_3_128_128_32_0.0003_500_False_0_homology_b0pab1_Dim.4.deg.4_4_4_seed_2


New homological profile found : 2 10 10 2


New homological profile found : 2 6 6 2


New homological profile found : 7 7 7 7


New homological profile found : 1 8 8 1


New homological profile found : 1 13 13 1


New homological profile found : 1 11 11 1


New homological profile found : 4 12 12 4


New homological profile found : 1 7 7 1


New homological profile found : 9 9 9 9


New homological profile found : 1 10 10 1


New homological profile found : 3 8 8 3


New homological profile found : 1 14 14 1


New homological profile found : 4 7 7 4


New homological profile found : 1 5 5 1


New homological profile found : 1 9 9 1


New homological profile found : 4 9 9 4


New homological profile found : 3 10 10 3


New homological profile found : 4 8 8 4


New homological profile found : 8 7 7 8


New homological profile found : 3 9 9 3


New homological profile found : 1 12 12 1


New homological profile found : 3 11 11 3


New homological profile found : 8 6 6 8


New homological profile found : 1 6 6 1


New homological profile found : 8 8 8 8


New homological profile found : 2 12 12 2


New homological profile found : 2 8 8 2


New homological profile found : 6 10 10 6


New homological profile found : 6 6 6 6


New homological profile found : 3 12 12 3


New homological profile found : 3 7 7 3


New homological profile found : 4 11 11 4


New homological profile found : 9 8 8 9


New homological profile found : 5 6 6 5


New homological profile found : 1 16 16 1


New homological profile found : 2 7 7 2


New homological profile found : 5 9 9 5


New homological profile found : 1 15 15 1


New homological profile found : 3 13 13 3


New homological profile found : 5 10 10 5


New homological profile found : 2 11 11 2


New homological profile found : 6 7 7 6


New homological profile found : 2 9 9 2


New homological profile found : 1 4 4 1


New homological profile found : 2 4 4 2


New homological profile found : 8 10 10 8


New homological profile found : 2 5 5 2


New homological profile found : 5 8 8 5


New homological profile found : 2 13 13 2


New homological profile found : 7 8 8 7


New homological profile found : 1 17 17 1


New homological profile found : 4 10 10 4


New homological profile found : 6 8 8 6


New homological profile found : 7 10 10 7


New homological profile found : 9 7 7 9


New homological profile found : 8 9 9 8


New homological profile found : 3 6 6 3

New good score found : 9.9
New good score found : 9.9
New good score found : 9.9
New good score found : 9.8
New good score found : 9.7

Iteration 0 for optimizer RL_3_128_128_32_0.0003_500_False_0
Current scores : [9.9 9.9 9.9 9.8 9.7]
Mean score : 2.7842, mean score among 20 best scores : 8.77
The current all time best score is 9.9
Duration of the RL_3_128_128_32_0.0003_500_False_0 iteration = 6.72e+02, duration of the scoring phase = 6.65e+02

New homological profile found : 6 9 9 6


New homological profile found : 1 3 3 1


New homological profile found : 7 6 6 7


New homological profile found : 7 9 9 7


New homological profile found : 4 6 6 4


New homological profile found : 5 7 7 5


New homological profile found : 5 11 11 5


New homological profile found : 3 14 14 3

New good score found : 9.8

New homological profile found : 9 10 10 9


New homological profile found : 9 6 6 9

New good score found : 10.0
New good score found : 10.0
New good score found : 10.0

New homological profile found : 4 13 13 4

New good score found : 10.0
New good score found : 10.0

Iteration 10 for optimizer RL_3_128_128_32_0.0003_500_False_0
Current scores : [10.   9.8  9.7  9.7  9. ]
Mean score : 2.8736, mean score among 20 best scores : 8.3
The current all time best score is 10.0
Duration of the RL_3_128_128_32_0.0003_500_False_0 iteration = 7.28e+02, duration of the scoring phase = 6.95e+02
Maximal running time reached for RL_3_128_128_32_0.0003_500_False_0
End of the run for optimizer RL_3_128_128_32_0.0003_500_False_0
CPU time passed: 7864.34, wall time passed: 7807.02
Best score found : 10.0 


-----
Starting optimization with optimizer RL_3_128_128_32_0.0003_500_False_0 in experiment exp_2_RL_layers_triangs_RL_3_128_128_32_0.0003_500_False_0_homology_b0pab1_Dim.4.deg.4_4_4_seed_3


New homological profile found : 1 6 6 1


New homological profile found : 9 10 10 9


New homological profile found : 3 12 12 3


New homological profile found : 1 8 8 1


New homological profile found : 2 10 10 2


New homological profile found : 1 12 12 1


New homological profile found : 1 13 13 1


New homological profile found : 1 7 7 1


New homological profile found : 3 8 8 3


New homological profile found : 1 11 11 1


New homological profile found : 6 8 8 6


New homological profile found : 6 7 7 6


New homological profile found : 1 14 14 1


New homological profile found : 1 4 4 1


New homological profile found : 1 5 5 1


New homological profile found : 3 13 13 3


New homological profile found : 1 16 16 1


New homological profile found : 8 9 9 8


New homological profile found : 3 9 9 3


New homological profile found : 1 9 9 1


New homological profile found : 2 13 13 2


New homological profile found : 3 10 10 3


New homological profile found : 1 10 10 1


New homological profile found : 4 11 11 4


New homological profile found : 8 7 7 8


New homological profile found : 5 8 8 5


New homological profile found : 4 10 10 4


New homological profile found : 2 8 8 2


New homological profile found : 9 9 9 9


New homological profile found : 2 9 9 2


New homological profile found : 2 11 11 2


New homological profile found : 4 9 9 4


New homological profile found : 7 10 10 7


New homological profile found : 5 7 7 5


New homological profile found : 3 11 11 3


New homological profile found : 4 12 12 4


New homological profile found : 8 6 6 8


New homological profile found : 7 6 6 7


New homological profile found : 1 15 15 1


New homological profile found : 2 7 7 2


New homological profile found : 3 7 7 3


New homological profile found : 2 6 6 2


New homological profile found : 6 6 6 6


New homological profile found : 8 10 10 8


New homological profile found : 6 9 9 6


New homological profile found : 2 4 4 2


New homological profile found : 5 9 9 5


New homological profile found : 7 8 8 7


New homological profile found : 1 3 3 1


New homological profile found : 9 8 8 9


New homological profile found : 9 6 6 9


New homological profile found : 4 13 13 4


New homological profile found : 5 10 10 5


New homological profile found : 9 7 7 9


New homological profile found : 7 9 9 7


New homological profile found : 7 7 7 7


New homological profile found : 4 7 7 4

New good score found : 10.0
New good score found : 10.0
New good score found : 9.9
New good score found : 9.8
New good score found : 9.7

Iteration 0 for optimizer RL_3_128_128_32_0.0003_500_False_0
Current scores : [10.  10.   9.9  9.8  9.7]
Mean score : 2.805, mean score among 20 best scores : 8.76
The current all time best score is 10.0
Duration of the RL_3_128_128_32_0.0003_500_False_0 iteration = 7.15e+02, duration of the scoring phase = 7.08e+02

New homological profile found : 2 5 5 2


New homological profile found : 3 14 14 3


New homological profile found : 2 12 12 2


New homological profile found : 8 8 8 8


New homological profile found : 1 17 17 1


New homological profile found : 4 8 8 4

New good score found : 9.8
New good score found : 10.0

New homological profile found : 5 11 11 5


New homological profile found : 5 6 6 5


New homological profile found : 4 6 6 4

New good score found : 9.9

New homological profile found : 6 10 10 6


New homological profile found : 3 6 6 3

New good score found : 10.0

Iteration 10 for optimizer RL_3_128_128_32_0.0003_500_False_0
Current scores : [9.9 9.7 9.7 9.6 9.6]
Mean score : 2.7194000000000003, mean score among 20 best scores : 7.955
The current all time best score is 10.0
Duration of the RL_3_128_128_32_0.0003_500_False_0 iteration = 7.08e+02, duration of the scoring phase = 6.48e+02
Maximal running time reached for RL_3_128_128_32_0.0003_500_False_0
End of the run for optimizer RL_3_128_128_32_0.0003_500_False_0
CPU time passed: 7636.44, wall time passed: 7567.27
Best score found : 10.0 

