
-----
Starting optimization with optimizer RS_1000 in experiment exp_1_RS_RS_1000_graph_2.3_40_seed_0

New good score found : -5.1110944621927565
New good score found : -5.246885627185036
New good score found : -5.287069805234065
New good score found : -5.287704442828638
New good score found : -5.949134266982696

Iteration 0 for optimizer RS_1000
Current scores : [-5.11109446 -5.24688563 -5.28706981 -5.28770444 -5.94913427]
Mean score : -59.73311548210249, mean score among 20 best scores : -45.03621977984538
The current all time best score is -5.1110944621927565
Duration of the RS_1000 iteration = 16.8, duration of the scoring phase = 16.8
New good score found : -4.968501604921725
New good score found : -5.018711400215919
New good score found : -5.106986970965042
New good score found : -5.116685712543419
Maximal running time reached for RS_1000
End of the run for optimizer RS_1000
CPU time passed: 30.8357, wall time passed: 117.001
Best score found : -4.968501604921725 


-----
Starting optimization with optimizer RS_1000 in experiment exp_1_RS_RS_1000_graph_2.3_40_seed_1

New good score found : -4.977231440302296
New good score found : -5.173033183097084
New good score found : -5.179220493807632
New good score found : -5.273238293810372
New good score found : -5.4533996260382835

Iteration 0 for optimizer RS_1000
Current scores : [-4.97723144 -5.17303318 -5.17922049 -5.27323829 -5.45339963]
Mean score : -59.606216834839614, mean score among 20 best scores : -39.722167554284084
The current all time best score is -4.977231440302296
Duration of the RS_1000 iteration = 6.23, duration of the scoring phase = 6.2
New good score found : -4.6019776688770015
New good score found : -5.151512752099146
New good score found : -5.042504221250798
New good score found : -5.09099119650005
Maximal running time reached for RS_1000
End of the run for optimizer RS_1000
CPU time passed: 32.2658, wall time passed: 130.055
Best score found : -4.6019776688770015 


-----
Starting optimization with optimizer RS_1000 in experiment exp_1_RS_RS_1000_graph_2.3_40_seed_2

New good score found : -5.034944154477113
New good score found : -5.187323482892465
New good score found : -5.2707773874287716
New good score found : -5.348348089821247
New good score found : -5.470163481098638

Iteration 0 for optimizer RS_1000
Current scores : [-5.03494415 -5.18732348 -5.27077739 -5.34834809 -5.47016348]
Mean score : -59.66923940736317, mean score among 20 best scores : -42.37839860312682
The current all time best score is -5.034944154477113
Duration of the RS_1000 iteration = 6.31, duration of the scoring phase = 6.29
New good score found : -5.040479990781319
New good score found : -5.231133571308679
New good score found : -4.913224632507231
New good score found : -4.775341984442022
New good score found : -5.181854719250663
Maximal running time reached for RS_1000
End of the run for optimizer RS_1000
CPU time passed: 31.5585, wall time passed: 128.316
Best score found : -4.775341984442022 

