
-----
Starting optimization with optimizer RS_2000 in experiment exp_1_RS_RS_2000_graph_2.1_19_seed_0

New good score found : -10.956606145029614
New good score found : -10.978714979955939
New good score found : -11.03657490811025
New good score found : -11.079061162970941
New good score found : -11.086989926259843

Iteration 0 for optimizer RS_2000
Current scores : [-10.95660615 -10.97871498 -11.03657491 -11.07906116 -11.08698993]
Mean score : -13.200602433611097, mean score among 20 best scores : -11.341485880488706
The current all time best score is -10.956606145029614
Duration of the RS_2000 iteration = 9.44, duration of the scoring phase = 9.42
New good score found : -10.921855991064888
New good score found : -11.01133847306583
New good score found : -10.912457943539593
Maximal running time reached for RS_2000
End of the run for optimizer RS_2000
CPU time passed: 31.2042, wall time passed: 131.071
Best score found : -10.912457943539593 


-----
Starting optimization with optimizer RS_2000 in experiment exp_1_RS_RS_2000_graph_2.1_19_seed_1

New good score found : -10.578242134942034
New good score found : -11.161958697818388
New good score found : -11.17807262474689
New good score found : -11.216292905097568
New good score found : -11.315351814176498

Iteration 0 for optimizer RS_2000
Current scores : [-10.57824213 -11.1619587  -11.17807262 -11.21629291 -11.31535181]
Mean score : -13.185129526903975, mean score among 20 best scores : -11.376393357698955
The current all time best score is -10.578242134942034
Duration of the RS_2000 iteration = 11.1, duration of the scoring phase = 11.1
New good score found : -10.844198749520885
New good score found : -11.110475572346932
New good score found : -11.172208102513988
New good score found : -10.994622406821478
Maximal running time reached for RS_2000
End of the run for optimizer RS_2000
CPU time passed: 31.6773, wall time passed: 130.181
Best score found : -10.578242134942034 


-----
Starting optimization with optimizer RS_2000 in experiment exp_1_RS_RS_2000_graph_2.1_19_seed_2

New good score found : -10.943790175758746
New good score found : -10.944206436193117
New good score found : -11.15408149084957
New good score found : -11.213672379330049
New good score found : -11.22879488261643

Iteration 0 for optimizer RS_2000
Current scores : [-10.94379018 -10.94420644 -11.15408149 -11.21367238 -11.22879488]
Mean score : -513.1763366345682, mean score among 20 best scores : -11.382590502946455
The current all time best score is -10.943790175758746
Duration of the RS_2000 iteration = 11.2, duration of the scoring phase = 11.2
New good score found : -10.777409341762944
New good score found : -11.067917202732488
New good score found : -11.096432160485854
New good score found : -10.926595853819197
New good score found : -11.026444550379136
Maximal running time reached for RS_2000
End of the run for optimizer RS_2000
CPU time passed: 33.509, wall time passed: 157.231
Best score found : -10.777409341762944 

