
-----
Starting optimization with optimizer RL_3_128_128_32_0.0003_500_False_0 in experiment exp_2_RL_layers_triangs_RL_3_128_128_32_0.0003_500_False_0_homology_bt_Harnack.10_2_10_seed_0


New homological profile found : 10 10


New homological profile found : 6 6


New homological profile found : 7 7


New homological profile found : 5 5


New homological profile found : 9 9


New homological profile found : 4 4


New homological profile found : 8 8


New homological profile found : 13 13


New homological profile found : 2 2


New homological profile found : 15 15


New homological profile found : 3 3


New homological profile found : 11 11


New homological profile found : 1 1


New homological profile found : 14 14


New homological profile found : 12 12

New good score found : 30
New good score found : 30
New good score found : 30
New good score found : 28
New good score found : 28

Iteration 0 for optimizer RL_3_128_128_32_0.0003_500_False_0
Current scores : [30 30 30 28 28]
Mean score : 14.004, mean score among 20 best scores : 25.9
The current all time best score is 30
Duration of the RL_3_128_128_32_0.0003_500_False_0 iteration = 23.7, duration of the scoring phase = 11.8
New good score found : 30
New good score found : 30

New homological profile found : 16 16

New good score found : 32

New homological profile found : 21 21

New good score found : 42
New good score found : 32

New homological profile found : 17 17

New good score found : 34

New homological profile found : 18 18

New good score found : 36

Iteration 10 for optimizer RL_3_128_128_32_0.0003_500_False_0
Current scores : [32 30 28 28 28]
Mean score : 14.172, mean score among 20 best scores : 25.7
The current all time best score is 42
Duration of the RL_3_128_128_32_0.0003_500_False_0 iteration = 75.6, duration of the scoring phase = 15.7
New good score found : 34

New homological profile found : 20 20

New good score found : 40
New good score found : 36

Iteration 20 for optimizer RL_3_128_128_32_0.0003_500_False_0
Current scores : [32 28 28 26 26]
Mean score : 14.644, mean score among 20 best scores : 26.2
The current all time best score is 42
Duration of the RL_3_128_128_32_0.0003_500_False_0 iteration = 1.07e+02, duration of the scoring phase = 15.6
New good score found : 36

Iteration 30 for optimizer RL_3_128_128_32_0.0003_500_False_0
Current scores : [36 32 30 30 30]
Mean score : 15.408, mean score among 20 best scores : 28.0
The current all time best score is 42
Duration of the RL_3_128_128_32_0.0003_500_False_0 iteration = 1.51e+02, duration of the scoring phase = 15.6

Iteration 40 for optimizer RL_3_128_128_32_0.0003_500_False_0
Current scores : [32 28 28 28 26]
Mean score : 14.78, mean score among 20 best scores : 25.6
The current all time best score is 42
Duration of the RL_3_128_128_32_0.0003_500_False_0 iteration = 1.71e+02, duration of the scoring phase = 14.9

Iteration 50 for optimizer RL_3_128_128_32_0.0003_500_False_0
Current scores : [34 32 30 30 28]
Mean score : 15.064, mean score among 20 best scores : 27.2
The current all time best score is 42
Duration of the RL_3_128_128_32_0.0003_500_False_0 iteration = 1.82e+02, duration of the scoring phase = 15.7

New homological profile found : 19 19

New good score found : 38

Iteration 60 for optimizer RL_3_128_128_32_0.0003_500_False_0
Current scores : [32 30 30 28 28]
Mean score : 15.12, mean score among 20 best scores : 26.5
The current all time best score is 42
Duration of the RL_3_128_128_32_0.0003_500_False_0 iteration = 2.13e+02, duration of the scoring phase = 14.5

Iteration 70 for optimizer RL_3_128_128_32_0.0003_500_False_0
Current scores : [30 28 28 26 26]
Mean score : 15.112, mean score among 20 best scores : 25.3
The current all time best score is 42
Duration of the RL_3_128_128_32_0.0003_500_False_0 iteration = 2.6e+02, duration of the scoring phase = 16.0
New good score found : 38
New good score found : 38

Iteration 80 for optimizer RL_3_128_128_32_0.0003_500_False_0
Current scores : [36 34 34 32 32]
Mean score : 15.664, mean score among 20 best scores : 28.9
The current all time best score is 42
Duration of the RL_3_128_128_32_0.0003_500_False_0 iteration = 2.79e+02, duration of the scoring phase = 15.3
New good score found : 42

Iteration 90 for optimizer RL_3_128_128_32_0.0003_500_False_0
Current scores : [32 30 30 30 28]
Mean score : 15.076, mean score among 20 best scores : 27.4
The current all time best score is 42
Duration of the RL_3_128_128_32_0.0003_500_False_0 iteration = 2.61e+02, duration of the scoring phase = 15.7
New good score found : 40

Iteration 100 for optimizer RL_3_128_128_32_0.0003_500_False_0
Current scores : [34 32 30 30 30]
Mean score : 15.2, mean score among 20 best scores : 27.9
The current all time best score is 42
Duration of the RL_3_128_128_32_0.0003_500_False_0 iteration = 2.64e+02, duration of the scoring phase = 15.7
New good score found : 40

Iteration 110 for optimizer RL_3_128_128_32_0.0003_500_False_0
Current scores : [36 30 30 30 28]
Mean score : 15.764, mean score among 20 best scores : 28.1
The current all time best score is 42
Duration of the RL_3_128_128_32_0.0003_500_False_0 iteration = 3.2e+02, duration of the scoring phase = 15.7

Iteration 120 for optimizer RL_3_128_128_32_0.0003_500_False_0
Current scores : [32 32 30 30 30]
Mean score : 15.592, mean score among 20 best scores : 28.4
The current all time best score is 42
Duration of the RL_3_128_128_32_0.0003_500_False_0 iteration = 3.21e+02, duration of the scoring phase = 15.9

Iteration 130 for optimizer RL_3_128_128_32_0.0003_500_False_0
Current scores : [36 32 32 30 26]
Mean score : 15.616, mean score among 20 best scores : 26.3
The current all time best score is 42
Duration of the RL_3_128_128_32_0.0003_500_False_0 iteration = 3.5e+02, duration of the scoring phase = 14.4
New good score found : 42

Iteration 140 for optimizer RL_3_128_128_32_0.0003_500_False_0
Current scores : [34 30 30 30 30]
Mean score : 15.744, mean score among 20 best scores : 28.2
The current all time best score is 42
Duration of the RL_3_128_128_32_0.0003_500_False_0 iteration = 2.64e+02, duration of the scoring phase = 13.0

Iteration 150 for optimizer RL_3_128_128_32_0.0003_500_False_0
Current scores : [38 36 34 34 32]
Mean score : 16.268, mean score among 20 best scores : 29.8
The current all time best score is 42
Duration of the RL_3_128_128_32_0.0003_500_False_0 iteration = 3.33e+02, duration of the scoring phase = 15.7
Maximal running time reached for RL_3_128_128_32_0.0003_500_False_0
End of the run for optimizer RL_3_128_128_32_0.0003_500_False_0
CPU time passed: 36142.2, wall time passed: 23157.0
Best score found : 42 


-----
Starting optimization with optimizer RL_3_128_128_32_0.0003_500_False_0 in experiment exp_2_RL_layers_triangs_RL_3_128_128_32_0.0003_500_False_0_homology_bt_Harnack.10_2_10_seed_1


New homological profile found : 4 4


New homological profile found : 9 9


New homological profile found : 10 10


New homological profile found : 7 7


New homological profile found : 3 3


New homological profile found : 8 8


New homological profile found : 6 6


New homological profile found : 2 2


New homological profile found : 11 11


New homological profile found : 5 5


New homological profile found : 12 12


New homological profile found : 1 1


New homological profile found : 13 13


New homological profile found : 14 14

New good score found : 28
New good score found : 26
New good score found : 26
New good score found : 26
New good score found : 26

Iteration 0 for optimizer RL_3_128_128_32_0.0003_500_False_0
Current scores : [28 26 26 26 26]
Mean score : 13.88, mean score among 20 best scores : 23.8
The current all time best score is 28
Duration of the RL_3_128_128_32_0.0003_500_False_0 iteration = 26.0, duration of the scoring phase = 14.5

New homological profile found : 17 17

New good score found : 34

New homological profile found : 16 16


New homological profile found : 15 15

New good score found : 32
New good score found : 32
New good score found : 30
New good score found : 32
New good score found : 32
New good score found : 34

Iteration 10 for optimizer RL_3_128_128_32_0.0003_500_False_0
Current scores : [30 28 26 26 26]
Mean score : 14.064, mean score among 20 best scores : 24.3
The current all time best score is 34
Duration of the RL_3_128_128_32_0.0003_500_False_0 iteration = 79.2, duration of the scoring phase = 15.4

New homological profile found : 19 19

New good score found : 38
New good score found : 34

Iteration 20 for optimizer RL_3_128_128_32_0.0003_500_False_0
Current scores : [34 32 30 28 28]
Mean score : 15.044, mean score among 20 best scores : 26.6
The current all time best score is 38
Duration of the RL_3_128_128_32_0.0003_500_False_0 iteration = 1.27e+02, duration of the scoring phase = 15.7

New homological profile found : 21 21

New good score found : 42
New good score found : 38

New homological profile found : 18 18

New good score found : 36

Iteration 30 for optimizer RL_3_128_128_32_0.0003_500_False_0
Current scores : [30 28 28 28 28]
Mean score : 14.224, mean score among 20 best scores : 26.2
The current all time best score is 42
Duration of the RL_3_128_128_32_0.0003_500_False_0 iteration = 1.52e+02, duration of the scoring phase = 15.8

Iteration 40 for optimizer RL_3_128_128_32_0.0003_500_False_0
Current scores : [30 28 28 28 26]
Mean score : 14.152, mean score among 20 best scores : 25.8
The current all time best score is 42
Duration of the RL_3_128_128_32_0.0003_500_False_0 iteration = 1.94e+02, duration of the scoring phase = 15.3
New good score found : 36
New good score found : 38

Iteration 50 for optimizer RL_3_128_128_32_0.0003_500_False_0
Current scores : [32 32 30 28 28]
Mean score : 15.112, mean score among 20 best scores : 26.4
The current all time best score is 42
Duration of the RL_3_128_128_32_0.0003_500_False_0 iteration = 1.9e+02, duration of the scoring phase = 15.8
New good score found : 38

Iteration 60 for optimizer RL_3_128_128_32_0.0003_500_False_0
Current scores : [34 32 30 28 28]
Mean score : 14.84, mean score among 20 best scores : 26.9
The current all time best score is 42
Duration of the RL_3_128_128_32_0.0003_500_False_0 iteration = 2.3e+02, duration of the scoring phase = 15.8

Iteration 70 for optimizer RL_3_128_128_32_0.0003_500_False_0
Current scores : [34 32 32 28 28]
Mean score : 15.052, mean score among 20 best scores : 26.9
The current all time best score is 42
Duration of the RL_3_128_128_32_0.0003_500_False_0 iteration = 2.49e+02, duration of the scoring phase = 15.4

Iteration 80 for optimizer RL_3_128_128_32_0.0003_500_False_0
Current scores : [32 30 30 28 28]
Mean score : 15.068, mean score among 20 best scores : 26.9
The current all time best score is 42
Duration of the RL_3_128_128_32_0.0003_500_False_0 iteration = 2.9e+02, duration of the scoring phase = 15.9

New homological profile found : 20 20

New good score found : 40

Iteration 90 for optimizer RL_3_128_128_32_0.0003_500_False_0
Current scores : [30 30 28 28 28]
Mean score : 14.996, mean score among 20 best scores : 26.3
The current all time best score is 42
Duration of the RL_3_128_128_32_0.0003_500_False_0 iteration = 2.41e+02, duration of the scoring phase = 15.6
New good score found : 40

New homological profile found : 23 23

New good score found : 46

Iteration 100 for optimizer RL_3_128_128_32_0.0003_500_False_0
Current scores : [36 34 34 32 32]
Mean score : 15.444, mean score among 20 best scores : 28.9
The current all time best score is 46
Duration of the RL_3_128_128_32_0.0003_500_False_0 iteration = 2.82e+02, duration of the scoring phase = 15.5

Iteration 110 for optimizer RL_3_128_128_32_0.0003_500_False_0
Current scores : [36 32 32 32 32]
Mean score : 15.636, mean score among 20 best scores : 28.8
The current all time best score is 46
Duration of the RL_3_128_128_32_0.0003_500_False_0 iteration = 3.08e+02, duration of the scoring phase = 15.8

Iteration 120 for optimizer RL_3_128_128_32_0.0003_500_False_0
Current scores : [32 30 30 28 28]
Mean score : 15.324, mean score among 20 best scores : 27.3
The current all time best score is 46
Duration of the RL_3_128_128_32_0.0003_500_False_0 iteration = 3.22e+02, duration of the scoring phase = 15.7
New good score found : 40

Iteration 130 for optimizer RL_3_128_128_32_0.0003_500_False_0
Current scores : [38 34 34 32 32]
Mean score : 15.172, mean score among 20 best scores : 27.7
The current all time best score is 46
Duration of the RL_3_128_128_32_0.0003_500_False_0 iteration = 3.62e+02, duration of the scoring phase = 16.2

Iteration 140 for optimizer RL_3_128_128_32_0.0003_500_False_0
Current scores : [36 30 30 30 30]
Mean score : 15.632, mean score among 20 best scores : 28.1
The current all time best score is 46
Duration of the RL_3_128_128_32_0.0003_500_False_0 iteration = 3.64e+02, duration of the scoring phase = 15.2

Iteration 150 for optimizer RL_3_128_128_32_0.0003_500_False_0
Current scores : [32 32 30 30 30]
Mean score : 15.46, mean score among 20 best scores : 27.7
The current all time best score is 46
Duration of the RL_3_128_128_32_0.0003_500_False_0 iteration = 2.99e+02, duration of the scoring phase = 15.8
Maximal running time reached for RL_3_128_128_32_0.0003_500_False_0
End of the run for optimizer RL_3_128_128_32_0.0003_500_False_0
CPU time passed: 36286.6, wall time passed: 23198.1
Best score found : 46 


-----
Starting optimization with optimizer RL_3_128_128_32_0.0003_500_False_0 in experiment exp_2_RL_layers_triangs_RL_3_128_128_32_0.0003_500_False_0_homology_bt_Harnack.10_2_10_seed_2


New homological profile found : 7 7


New homological profile found : 10 10


New homological profile found : 6 6


New homological profile found : 8 8


New homological profile found : 14 14


New homological profile found : 3 3


New homological profile found : 4 4


New homological profile found : 5 5


New homological profile found : 11 11


New homological profile found : 9 9


New homological profile found : 12 12


New homological profile found : 2 2


New homological profile found : 1 1


New homological profile found : 15 15


New homological profile found : 13 13

New good score found : 30
New good score found : 28
New good score found : 28
New good score found : 28
New good score found : 26

Iteration 0 for optimizer RL_3_128_128_32_0.0003_500_False_0
Current scores : [30 28 28 28 26]
Mean score : 14.276, mean score among 20 best scores : 25.3
The current all time best score is 30
Duration of the RL_3_128_128_32_0.0003_500_False_0 iteration = 28.3, duration of the scoring phase = 15.8
New good score found : 30
New good score found : 30

New homological profile found : 17 17


New homological profile found : 16 16

New good score found : 34
New good score found : 32
New good score found : 32

New homological profile found : 20 20

New good score found : 40
New good score found : 32
New good score found : 34
New good score found : 34
New good score found : 34

Iteration 10 for optimizer RL_3_128_128_32_0.0003_500_False_0
Current scores : [34 30 30 28 28]
Mean score : 14.34, mean score among 20 best scores : 26.4
The current all time best score is 40
Duration of the RL_3_128_128_32_0.0003_500_False_0 iteration = 70.3, duration of the scoring phase = 15.7

New homological profile found : 18 18

New good score found : 36

Iteration 20 for optimizer RL_3_128_128_32_0.0003_500_False_0
Current scores : [30 30 30 30 30]
Mean score : 14.692, mean score among 20 best scores : 26.5
The current all time best score is 40
Duration of the RL_3_128_128_32_0.0003_500_False_0 iteration = 1.19e+02, duration of the scoring phase = 15.9
New good score found : 36
New good score found : 36

Iteration 30 for optimizer RL_3_128_128_32_0.0003_500_False_0
Current scores : [36 30 28 28 28]
Mean score : 14.776, mean score among 20 best scores : 27.3
The current all time best score is 40
Duration of the RL_3_128_128_32_0.0003_500_False_0 iteration = 1.49e+02, duration of the scoring phase = 15.6
New good score found : 36

New homological profile found : 19 19

New good score found : 38

Iteration 40 for optimizer RL_3_128_128_32_0.0003_500_False_0
Current scores : [30 30 30 28 28]
Mean score : 14.888, mean score among 20 best scores : 26.2
The current all time best score is 40
Duration of the RL_3_128_128_32_0.0003_500_False_0 iteration = 1.97e+02, duration of the scoring phase = 15.3

Iteration 50 for optimizer RL_3_128_128_32_0.0003_500_False_0
Current scores : [32 30 30 30 30]
Mean score : 14.836, mean score among 20 best scores : 26.8
The current all time best score is 40
Duration of the RL_3_128_128_32_0.0003_500_False_0 iteration = 1.84e+02, duration of the scoring phase = 13.3

Iteration 60 for optimizer RL_3_128_128_32_0.0003_500_False_0
Current scores : [32 30 28 28 28]
Mean score : 15.076, mean score among 20 best scores : 27.0
The current all time best score is 40
Duration of the RL_3_128_128_32_0.0003_500_False_0 iteration = 2.21e+02, duration of the scoring phase = 15.9

Iteration 70 for optimizer RL_3_128_128_32_0.0003_500_False_0
Current scores : [32 30 30 30 30]
Mean score : 14.812, mean score among 20 best scores : 27.8
The current all time best score is 40
Duration of the RL_3_128_128_32_0.0003_500_False_0 iteration = 2.72e+02, duration of the scoring phase = 15.9
New good score found : 38

Iteration 80 for optimizer RL_3_128_128_32_0.0003_500_False_0
Current scores : [32 32 32 30 30]
Mean score : 15.22, mean score among 20 best scores : 28.0
The current all time best score is 40
Duration of the RL_3_128_128_32_0.0003_500_False_0 iteration = 3.1e+02, duration of the scoring phase = 15.9
New good score found : 38

Iteration 90 for optimizer RL_3_128_128_32_0.0003_500_False_0
Current scores : [36 36 34 34 30]
Mean score : 15.372, mean score among 20 best scores : 28.6
The current all time best score is 40
Duration of the RL_3_128_128_32_0.0003_500_False_0 iteration = 2.65e+02, duration of the scoring phase = 15.6
New good score found : 38

Iteration 100 for optimizer RL_3_128_128_32_0.0003_500_False_0
Current scores : [36 32 32 30 30]
Mean score : 15.428, mean score among 20 best scores : 28.7
The current all time best score is 40
Duration of the RL_3_128_128_32_0.0003_500_False_0 iteration = 2.98e+02, duration of the scoring phase = 15.2

New homological profile found : 21 21

New good score found : 42
New good score found : 42

Iteration 110 for optimizer RL_3_128_128_32_0.0003_500_False_0
Current scores : [36 34 32 30 30]
Mean score : 15.536, mean score among 20 best scores : 28.6
The current all time best score is 42
Duration of the RL_3_128_128_32_0.0003_500_False_0 iteration = 2.99e+02, duration of the scoring phase = 15.8

Iteration 120 for optimizer RL_3_128_128_32_0.0003_500_False_0
Current scores : [36 32 30 30 30]
Mean score : 15.808, mean score among 20 best scores : 28.6
The current all time best score is 42
Duration of the RL_3_128_128_32_0.0003_500_False_0 iteration = 3.24e+02, duration of the scoring phase = 15.3
New good score found : 40
New good score found : 42

Iteration 130 for optimizer RL_3_128_128_32_0.0003_500_False_0
Current scores : [32 32 30 30 30]
Mean score : 15.344, mean score among 20 best scores : 28.2
The current all time best score is 42
Duration of the RL_3_128_128_32_0.0003_500_False_0 iteration = 3.46e+02, duration of the scoring phase = 15.6

Iteration 140 for optimizer RL_3_128_128_32_0.0003_500_False_0
Current scores : [38 38 34 34 32]
Mean score : 16.024, mean score among 20 best scores : 30.6
The current all time best score is 42
Duration of the RL_3_128_128_32_0.0003_500_False_0 iteration = 2.93e+02, duration of the scoring phase = 15.8

Iteration 150 for optimizer RL_3_128_128_32_0.0003_500_False_0
Current scores : [36 34 34 34 32]
Mean score : 16.348, mean score among 20 best scores : 29.5
The current all time best score is 42
Duration of the RL_3_128_128_32_0.0003_500_False_0 iteration = 4.6e+02, duration of the scoring phase = 15.3
Maximal running time reached for RL_3_128_128_32_0.0003_500_False_0
End of the run for optimizer RL_3_128_128_32_0.0003_500_False_0
CPU time passed: 36346.2, wall time passed: 23151.0
Best score found : 42 


-----
Starting optimization with optimizer RL_3_128_128_32_0.0003_500_False_0 in experiment exp_2_RL_layers_triangs_RL_3_128_128_32_0.0003_500_False_0_homology_bt_Harnack.10_2_10_seed_3


New homological profile found : 8 8


New homological profile found : 6 6


New homological profile found : 11 11


New homological profile found : 9 9


New homological profile found : 3 3


New homological profile found : 7 7


New homological profile found : 10 10


New homological profile found : 5 5


New homological profile found : 12 12


New homological profile found : 4 4


New homological profile found : 13 13


New homological profile found : 2 2


New homological profile found : 17 17


New homological profile found : 14 14

New good score found : 34
New good score found : 28
New good score found : 26
New good score found : 26
New good score found : 26

Iteration 0 for optimizer RL_3_128_128_32_0.0003_500_False_0
Current scores : [34 28 26 26 26]
Mean score : 13.968, mean score among 20 best scores : 24.8
The current all time best score is 34
Duration of the RL_3_128_128_32_0.0003_500_False_0 iteration = 30.0, duration of the scoring phase = 15.4

New homological profile found : 1 1


New homological profile found : 15 15


New homological profile found : 16 16

New good score found : 32
New good score found : 32
New good score found : 30
New good score found : 30
New good score found : 32
New good score found : 32

Iteration 10 for optimizer RL_3_128_128_32_0.0003_500_False_0
Current scores : [30 28 28 28 28]
Mean score : 14.176, mean score among 20 best scores : 25.1
The current all time best score is 34
Duration of the RL_3_128_128_32_0.0003_500_False_0 iteration = 1.01e+02, duration of the scoring phase = 14.5
New good score found : 34
New good score found : 34
New good score found : 34

Iteration 20 for optimizer RL_3_128_128_32_0.0003_500_False_0
Current scores : [28 28 26 26 26]
Mean score : 14.324, mean score among 20 best scores : 25.0
The current all time best score is 34
Duration of the RL_3_128_128_32_0.0003_500_False_0 iteration = 1.78e+02, duration of the scoring phase = 15.5

New homological profile found : 18 18

New good score found : 36

New homological profile found : 20 20

New good score found : 40

New homological profile found : 19 19

New good score found : 38
New good score found : 36

Iteration 30 for optimizer RL_3_128_128_32_0.0003_500_False_0
Current scores : [36 28 28 28 28]
Mean score : 14.696, mean score among 20 best scores : 26.1
The current all time best score is 40
Duration of the RL_3_128_128_32_0.0003_500_False_0 iteration = 2.18e+02, duration of the scoring phase = 15.4

Iteration 40 for optimizer RL_3_128_128_32_0.0003_500_False_0
Current scores : [32 30 30 28 28]
Mean score : 14.676, mean score among 20 best scores : 26.8
The current all time best score is 40
Duration of the RL_3_128_128_32_0.0003_500_False_0 iteration = 2.74e+02, duration of the scoring phase = 11.8

Iteration 50 for optimizer RL_3_128_128_32_0.0003_500_False_0
Current scores : [32 30 26 26 26]
Mean score : 14.34, mean score among 20 best scores : 25.1
The current all time best score is 40
Duration of the RL_3_128_128_32_0.0003_500_False_0 iteration = 2.56e+02, duration of the scoring phase = 11.8
