
-----
Starting optimization with optimizer RS_2000 in experiment exp_1_RS_RS_2000_graph_2.3_30_seed_0

New good score found : -3.8052092982390735
New good score found : -3.970242741184134
New good score found : -4.056827720421699
New good score found : -4.110065911073509
New good score found : -4.12313988029591

Iteration 0 for optimizer RS_2000
Current scores : [-3.8052093  -3.97024274 -4.05682772 -4.11006591 -4.12313988]
Mean score : -42.33305789126613, mean score among 20 best scores : -4.1932607553044665
The current all time best score is -3.8052092982390735
Duration of the RS_2000 iteration = 17.1, duration of the scoring phase = 17.1
New good score found : -3.8747690270997213
New good score found : -3.957871442460271
New good score found : -4.021362414850877
New good score found : -3.9925243411790774
Maximal running time reached for RS_2000
End of the run for optimizer RS_2000
CPU time passed: 31.9568, wall time passed: 126.785
Best score found : -3.8052092982390735 


-----
Starting optimization with optimizer RS_2000 in experiment exp_1_RS_RS_2000_graph_2.3_30_seed_1

New good score found : -4.045385170207567
New good score found : -4.069776004876456
New good score found : -4.075236473280224
New good score found : -4.088679296090595
New good score found : -4.151162478058162

Iteration 0 for optimizer RS_2000
Current scores : [-4.04538517 -4.069776   -4.07523647 -4.0886793  -4.15116248]
Mean score : -42.57753426567778, mean score among 20 best scores : -4.198302203569488
The current all time best score is -4.045385170207567
Duration of the RS_2000 iteration = 6.71, duration of the scoring phase = 6.68
New good score found : -3.850121868384241
New good score found : -3.869899746897055
New good score found : -3.9144630835856966
New good score found : -3.96236079422999
New good score found : -3.9776037329046896
New good score found : -3.8564316418506905
New good score found : -3.787041918224012
Maximal running time reached for RS_2000
End of the run for optimizer RS_2000
CPU time passed: 34.3953, wall time passed: 158.332
Best score found : -3.787041918224012 


-----
Starting optimization with optimizer RS_2000 in experiment exp_1_RS_RS_2000_graph_2.3_30_seed_2

New good score found : -3.957811014768658
New good score found : -4.04079908955402
New good score found : -4.0903307781209115
New good score found : -4.0966657746757775
New good score found : -4.111543342103956

Iteration 0 for optimizer RS_2000
Current scores : [-3.95781101 -4.04079909 -4.09033078 -4.09666577 -4.11154334]
Mean score : -42.552642142277755, mean score among 20 best scores : -4.14604953612284
The current all time best score is -3.957811014768658
Duration of the RS_2000 iteration = 6.86, duration of the scoring phase = 6.84
New good score found : -3.9476046981348336
New good score found : -4.010546959516574
New good score found : -4.010747357471822
New good score found : -3.9176186535936517
New good score found : -3.999029444011928
New good score found : -3.9585011479971297
New good score found : -3.9938335798107385
New good score found : -3.9729808294741185
Maximal running time reached for RS_2000
End of the run for optimizer RS_2000
CPU time passed: 34.7949, wall time passed: 143.362
Best score found : -3.9176186535936517 

