
-----
Starting optimization with optimizer RL_4_256_256_128_32_0.0003_500_False_0 in experiment exp_2_RL_layers_triangs_RL_4_256_256_128_32_0.0003_500_False_0_homology_bt_Harnack.10_2_10_seed_0


New homological profile found : 10 10


New homological profile found : 9 9


New homological profile found : 7 7


New homological profile found : 4 4


New homological profile found : 8 8


New homological profile found : 3 3


New homological profile found : 5 5


New homological profile found : 11 11


New homological profile found : 6 6


New homological profile found : 2 2


New homological profile found : 18 18


New homological profile found : 15 15


New homological profile found : 12 12


New homological profile found : 14 14


New homological profile found : 13 13


New homological profile found : 1 1

New good score found : 36
New good score found : 30
New good score found : 28
New good score found : 28
New good score found : 26

Iteration 0 for optimizer RL_4_256_256_128_32_0.0003_500_False_0
Current scores : [36 30 28 28 26]
Mean score : 14.152, mean score among 20 best scores : 24.6
The current all time best score is 36
Duration of the RL_4_256_256_128_32_0.0003_500_False_0 iteration = 29.2, duration of the scoring phase = 12.0

New homological profile found : 17 17

New good score found : 34
New good score found : 30
New good score found : 36

New homological profile found : 16 16

New good score found : 32
New good score found : 32
New good score found : 34
New good score found : 34

Iteration 10 for optimizer RL_4_256_256_128_32_0.0003_500_False_0
Current scores : [30 28 28 28 26]
Mean score : 14.6, mean score among 20 best scores : 25.6
The current all time best score is 36
Duration of the RL_4_256_256_128_32_0.0003_500_False_0 iteration = 93.6, duration of the scoring phase = 15.7

New homological profile found : 19 19

New good score found : 38

Iteration 20 for optimizer RL_4_256_256_128_32_0.0003_500_False_0
Current scores : [32 30 28 28 28]
Mean score : 14.708, mean score among 20 best scores : 26.9
The current all time best score is 38
Duration of the RL_4_256_256_128_32_0.0003_500_False_0 iteration = 1.81e+02, duration of the scoring phase = 14.2
New good score found : 36
New good score found : 36

Iteration 30 for optimizer RL_4_256_256_128_32_0.0003_500_False_0
Current scores : [34 32 30 30 28]
Mean score : 15.212, mean score among 20 best scores : 27.0
The current all time best score is 38
Duration of the RL_4_256_256_128_32_0.0003_500_False_0 iteration = 2.55e+02, duration of the scoring phase = 12.3
New good score found : 38
New good score found : 38

Iteration 40 for optimizer RL_4_256_256_128_32_0.0003_500_False_0
Current scores : [34 34 34 32 28]
Mean score : 15.308, mean score among 20 best scores : 28.5
The current all time best score is 38
Duration of the RL_4_256_256_128_32_0.0003_500_False_0 iteration = 2.59e+02, duration of the scoring phase = 15.7

New homological profile found : 20 20

New good score found : 40
New good score found : 38
New good score found : 40

Iteration 50 for optimizer RL_4_256_256_128_32_0.0003_500_False_0
Current scores : [40 32 32 32 30]
Mean score : 15.668, mean score among 20 best scores : 29.2
The current all time best score is 40
Duration of the RL_4_256_256_128_32_0.0003_500_False_0 iteration = 3.47e+02, duration of the scoring phase = 13.9

New homological profile found : 21 21

New good score found : 42
New good score found : 40

Iteration 60 for optimizer RL_4_256_256_128_32_0.0003_500_False_0
Current scores : [40 30 30 28 28]
Mean score : 15.568, mean score among 20 best scores : 27.3
The current all time best score is 42
Duration of the RL_4_256_256_128_32_0.0003_500_False_0 iteration = 3.97e+02, duration of the scoring phase = 15.7

Iteration 70 for optimizer RL_4_256_256_128_32_0.0003_500_False_0
Current scores : [34 32 32 30 30]
Mean score : 15.648, mean score among 20 best scores : 27.9
The current all time best score is 42
Duration of the RL_4_256_256_128_32_0.0003_500_False_0 iteration = 4.61e+02, duration of the scoring phase = 15.7

Iteration 80 for optimizer RL_4_256_256_128_32_0.0003_500_False_0
Current scores : [34 32 30 30 30]
Mean score : 15.808, mean score among 20 best scores : 28.5
The current all time best score is 42
Duration of the RL_4_256_256_128_32_0.0003_500_False_0 iteration = 4.17e+02, duration of the scoring phase = 15.8

Iteration 90 for optimizer RL_4_256_256_128_32_0.0003_500_False_0
Current scores : [28 28 28 28 28]
Mean score : 15.376, mean score among 20 best scores : 26.6
The current all time best score is 42
Duration of the RL_4_256_256_128_32_0.0003_500_False_0 iteration = 4.95e+02, duration of the scoring phase = 15.4
New good score found : 40
New good score found : 42

Iteration 100 for optimizer RL_4_256_256_128_32_0.0003_500_False_0
Current scores : [40 38 38 36 32]
Mean score : 15.92, mean score among 20 best scores : 30.4
The current all time best score is 42
Duration of the RL_4_256_256_128_32_0.0003_500_False_0 iteration = 5.45e+02, duration of the scoring phase = 15.8
Maximal running time reached for RL_4_256_256_128_32_0.0003_500_False_0
End of the run for optimizer RL_4_256_256_128_32_0.0003_500_False_0
CPU time passed: 36064.7, wall time passed: 19012.3
Best score found : 42 


-----
Starting optimization with optimizer RL_4_256_256_128_32_0.0003_500_False_0 in experiment exp_2_RL_layers_triangs_RL_4_256_256_128_32_0.0003_500_False_0_homology_bt_Harnack.10_2_10_seed_1


New homological profile found : 4 4


New homological profile found : 7 7


New homological profile found : 8 8


New homological profile found : 6 6


New homological profile found : 2 2


New homological profile found : 12 12


New homological profile found : 11 11


New homological profile found : 9 9


New homological profile found : 10 10


New homological profile found : 3 3


New homological profile found : 5 5


New homological profile found : 1 1


New homological profile found : 14 14

New good score found : 28
New good score found : 24
New good score found : 24
New good score found : 24
New good score found : 24

Iteration 0 for optimizer RL_4_256_256_128_32_0.0003_500_False_0
Current scores : [28 24 24 24 24]
Mean score : 13.7, mean score among 20 best scores : 23.6
The current all time best score is 28
Duration of the RL_4_256_256_128_32_0.0003_500_False_0 iteration = 33.5, duration of the scoring phase = 15.8

New homological profile found : 13 13


New homological profile found : 17 17

New good score found : 34
New good score found : 28
New good score found : 28
New good score found : 28

New homological profile found : 15 15


New homological profile found : 16 16

New good score found : 32
New good score found : 30
New good score found : 30
New good score found : 30
New good score found : 32
New good score found : 32
New good score found : 32

Iteration 10 for optimizer RL_4_256_256_128_32_0.0003_500_False_0
Current scores : [30 28 28 28 28]
Mean score : 13.98, mean score among 20 best scores : 25.9
The current all time best score is 34
Duration of the RL_4_256_256_128_32_0.0003_500_False_0 iteration = 1.07e+02, duration of the scoring phase = 12.0

New homological profile found : 18 18

New good score found : 36
New good score found : 34
New good score found : 34

Iteration 20 for optimizer RL_4_256_256_128_32_0.0003_500_False_0
Current scores : [34 32 30 30 28]
Mean score : 14.616, mean score among 20 best scores : 27.0
The current all time best score is 36
Duration of the RL_4_256_256_128_32_0.0003_500_False_0 iteration = 2.03e+02, duration of the scoring phase = 15.3
New good score found : 34

Iteration 30 for optimizer RL_4_256_256_128_32_0.0003_500_False_0
Current scores : [26 26 26 26 26]
Mean score : 14.496, mean score among 20 best scores : 24.8
The current all time best score is 36
Duration of the RL_4_256_256_128_32_0.0003_500_False_0 iteration = 2.51e+02, duration of the scoring phase = 15.6
New good score found : 36
New good score found : 36
New good score found : 36

Iteration 40 for optimizer RL_4_256_256_128_32_0.0003_500_False_0
Current scores : [30 30 30 30 28]
Mean score : 14.84, mean score among 20 best scores : 27.0
The current all time best score is 36
Duration of the RL_4_256_256_128_32_0.0003_500_False_0 iteration = 3.3e+02, duration of the scoring phase = 15.4

Iteration 50 for optimizer RL_4_256_256_128_32_0.0003_500_False_0
Current scores : [32 30 30 30 28]
Mean score : 14.884, mean score among 20 best scores : 27.3
The current all time best score is 36
Duration of the RL_4_256_256_128_32_0.0003_500_False_0 iteration = 3.33e+02, duration of the scoring phase = 15.6

Iteration 60 for optimizer RL_4_256_256_128_32_0.0003_500_False_0
Current scores : [34 32 30 30 30]
Mean score : 15.076, mean score among 20 best scores : 27.5
The current all time best score is 36
Duration of the RL_4_256_256_128_32_0.0003_500_False_0 iteration = 3.97e+02, duration of the scoring phase = 15.6

New homological profile found : 19 19

New good score found : 38

Iteration 70 for optimizer RL_4_256_256_128_32_0.0003_500_False_0
Current scores : [36 34 34 32 30]
Mean score : 14.796, mean score among 20 best scores : 28.7
The current all time best score is 38
Duration of the RL_4_256_256_128_32_0.0003_500_False_0 iteration = 4.63e+02, duration of the scoring phase = 15.5
New good score found : 38

New homological profile found : 20 20

New good score found : 40

Iteration 80 for optimizer RL_4_256_256_128_32_0.0003_500_False_0
Current scores : [30 28 28 28 28]
Mean score : 14.932, mean score among 20 best scores : 26.3
The current all time best score is 40
Duration of the RL_4_256_256_128_32_0.0003_500_False_0 iteration = 4.93e+02, duration of the scoring phase = 12.9
New good score found : 38
New good score found : 38

Iteration 90 for optimizer RL_4_256_256_128_32_0.0003_500_False_0
Current scores : [38 32 32 32 30]
Mean score : 15.404, mean score among 20 best scores : 28.0
The current all time best score is 40
Duration of the RL_4_256_256_128_32_0.0003_500_False_0 iteration = 4.22e+02, duration of the scoring phase = 15.6

Iteration 100 for optimizer RL_4_256_256_128_32_0.0003_500_False_0
Current scores : [34 32 32 30 30]
Mean score : 15.296, mean score among 20 best scores : 28.4
The current all time best score is 40
Duration of the RL_4_256_256_128_32_0.0003_500_False_0 iteration = 4.89e+02, duration of the scoring phase = 15.6
New good score found : 40
Maximal running time reached for RL_4_256_256_128_32_0.0003_500_False_0
End of the run for optimizer RL_4_256_256_128_32_0.0003_500_False_0
CPU time passed: 36184.5, wall time passed: 19297.7
Best score found : 40 


-----
Starting optimization with optimizer RL_4_256_256_128_32_0.0003_500_False_0 in experiment exp_2_RL_layers_triangs_RL_4_256_256_128_32_0.0003_500_False_0_homology_bt_Harnack.10_2_10_seed_2


New homological profile found : 10 10


New homological profile found : 8 8


New homological profile found : 11 11


New homological profile found : 6 6


New homological profile found : 3 3


New homological profile found : 9 9


New homological profile found : 15 15


New homological profile found : 5 5


New homological profile found : 4 4


New homological profile found : 7 7


New homological profile found : 13 13


New homological profile found : 12 12


New homological profile found : 2 2


New homological profile found : 1 1


New homological profile found : 14 14

New good score found : 30
New good score found : 28
New good score found : 28
New good score found : 26
New good score found : 26

Iteration 0 for optimizer RL_4_256_256_128_32_0.0003_500_False_0
Current scores : [30 28 28 26 26]
Mean score : 14.168, mean score among 20 best scores : 24.9
The current all time best score is 30
Duration of the RL_4_256_256_128_32_0.0003_500_False_0 iteration = 32.9, duration of the scoring phase = 15.9

New homological profile found : 17 17

New good score found : 34
New good score found : 34
New good score found : 34
New good score found : 30
New good score found : 34

New homological profile found : 16 16

New good score found : 32
New good score found : 34

Iteration 10 for optimizer RL_4_256_256_128_32_0.0003_500_False_0
Current scores : [34 28 26 26 26]
Mean score : 14.464, mean score among 20 best scores : 25.4
The current all time best score is 34
Duration of the RL_4_256_256_128_32_0.0003_500_False_0 iteration = 1.09e+02, duration of the scoring phase = 15.9

New homological profile found : 18 18

New good score found : 36

Iteration 20 for optimizer RL_4_256_256_128_32_0.0003_500_False_0
Current scores : [34 32 32 30 28]
Mean score : 14.84, mean score among 20 best scores : 27.7
The current all time best score is 36
Duration of the RL_4_256_256_128_32_0.0003_500_False_0 iteration = 1.93e+02, duration of the scoring phase = 15.6

New homological profile found : 19 19

New good score found : 38
New good score found : 36
New good score found : 36

Iteration 30 for optimizer RL_4_256_256_128_32_0.0003_500_False_0
Current scores : [36 34 34 32 32]
Mean score : 14.752, mean score among 20 best scores : 27.6
The current all time best score is 38
Duration of the RL_4_256_256_128_32_0.0003_500_False_0 iteration = 2.74e+02, duration of the scoring phase = 15.5
New good score found : 38

Iteration 40 for optimizer RL_4_256_256_128_32_0.0003_500_False_0
Current scores : [32 32 30 28 28]
Mean score : 14.86, mean score among 20 best scores : 26.7
The current all time best score is 38
Duration of the RL_4_256_256_128_32_0.0003_500_False_0 iteration = 3.23e+02, duration of the scoring phase = 15.7
New good score found : 38

Iteration 50 for optimizer RL_4_256_256_128_32_0.0003_500_False_0
Current scores : [34 30 30 30 30]
Mean score : 15.12, mean score among 20 best scores : 26.9
The current all time best score is 38
Duration of the RL_4_256_256_128_32_0.0003_500_False_0 iteration = 3.41e+02, duration of the scoring phase = 15.6
New good score found : 38

Iteration 60 for optimizer RL_4_256_256_128_32_0.0003_500_False_0
Current scores : [34 32 30 30 30]
Mean score : 15.492, mean score among 20 best scores : 28.4
The current all time best score is 38
Duration of the RL_4_256_256_128_32_0.0003_500_False_0 iteration = 3.96e+02, duration of the scoring phase = 15.4
New good score found : 38

Iteration 70 for optimizer RL_4_256_256_128_32_0.0003_500_False_0
Current scores : [34 32 30 30 30]
Mean score : 15.644, mean score among 20 best scores : 27.9
The current all time best score is 38
Duration of the RL_4_256_256_128_32_0.0003_500_False_0 iteration = 4.82e+02, duration of the scoring phase = 15.8

Iteration 80 for optimizer RL_4_256_256_128_32_0.0003_500_False_0
Current scores : [38 34 32 32 32]
Mean score : 15.832, mean score among 20 best scores : 30.3
The current all time best score is 38
Duration of the RL_4_256_256_128_32_0.0003_500_False_0 iteration = 4.29e+02, duration of the scoring phase = 15.7

Iteration 90 for optimizer RL_4_256_256_128_32_0.0003_500_False_0
Current scores : [32 32 30 28 28]
Mean score : 15.352, mean score among 20 best scores : 27.6
The current all time best score is 38
Duration of the RL_4_256_256_128_32_0.0003_500_False_0 iteration = 4.79e+02, duration of the scoring phase = 15.2

New homological profile found : 21 21

New good score found : 42
New good score found : 42

New homological profile found : 20 20

New good score found : 40

Iteration 100 for optimizer RL_4_256_256_128_32_0.0003_500_False_0
Current scores : [40 36 36 34 34]
Mean score : 16.0, mean score among 20 best scores : 30.9
The current all time best score is 42
Duration of the RL_4_256_256_128_32_0.0003_500_False_0 iteration = 5.04e+02, duration of the scoring phase = 12.4

New homological profile found : 25 25

New good score found : 50
Maximal running time reached for RL_4_256_256_128_32_0.0003_500_False_0
End of the run for optimizer RL_4_256_256_128_32_0.0003_500_False_0
CPU time passed: 36124.0, wall time passed: 19236.9
Best score found : 50 


-----
Starting optimization with optimizer RL_4_256_256_128_32_0.0003_500_False_0 in experiment exp_2_RL_layers_triangs_RL_4_256_256_128_32_0.0003_500_False_0_homology_bt_Harnack.10_2_10_seed_3


New homological profile found : 8 8


New homological profile found : 6 6


New homological profile found : 10 10


New homological profile found : 5 5


New homological profile found : 7 7


New homological profile found : 9 9


New homological profile found : 11 11


New homological profile found : 3 3


New homological profile found : 14 14


New homological profile found : 4 4


New homological profile found : 13 13


New homological profile found : 12 12


New homological profile found : 2 2


New homological profile found : 15 15


New homological profile found : 16 16

New good score found : 32
New good score found : 30
New good score found : 28
New good score found : 28
New good score found : 28

Iteration 0 for optimizer RL_4_256_256_128_32_0.0003_500_False_0
Current scores : [32 30 28 28 28]
Mean score : 14.296, mean score among 20 best scores : 26.2
The current all time best score is 32
Duration of the RL_4_256_256_128_32_0.0003_500_False_0 iteration = 33.1, duration of the scoring phase = 15.4

New homological profile found : 17 17

New good score found : 34
New good score found : 30

New homological profile found : 1 1

New good score found : 30
New good score found : 32
New good score found : 32

New homological profile found : 19 19

New good score found : 38

Iteration 10 for optimizer RL_4_256_256_128_32_0.0003_500_False_0
Current scores : [30 28 28 26 26]
Mean score : 14.232, mean score among 20 best scores : 24.7
The current all time best score is 38
Duration of the RL_4_256_256_128_32_0.0003_500_False_0 iteration = 1.17e+02, duration of the scoring phase = 15.3

New homological profile found : 18 18

New good score found : 36
New good score found : 34

Iteration 20 for optimizer RL_4_256_256_128_32_0.0003_500_False_0
Current scores : [32 32 28 28 28]
Mean score : 15.036, mean score among 20 best scores : 26.6
The current all time best score is 38
Duration of the RL_4_256_256_128_32_0.0003_500_False_0 iteration = 2e+02, duration of the scoring phase = 15.6

New homological profile found : 20 20

New good score found : 40
New good score found : 38

Iteration 30 for optimizer RL_4_256_256_128_32_0.0003_500_False_0
Current scores : [34 30 30 28 28]
Mean score : 14.932, mean score among 20 best scores : 26.8
The current all time best score is 40
Duration of the RL_4_256_256_128_32_0.0003_500_False_0 iteration = 2.32e+02, duration of the scoring phase = 15.7

Iteration 40 for optimizer RL_4_256_256_128_32_0.0003_500_False_0
Current scores : [34 32 28 28 28]
Mean score : 15.496, mean score among 20 best scores : 27.0
The current all time best score is 40
Duration of the RL_4_256_256_128_32_0.0003_500_False_0 iteration = 3.64e+02, duration of the scoring phase = 15.8
New good score found : 36

Iteration 50 for optimizer RL_4_256_256_128_32_0.0003_500_False_0
Current scores : [34 32 30 30 28]
Mean score : 15.256, mean score among 20 best scores : 27.7
The current all time best score is 40
Duration of the RL_4_256_256_128_32_0.0003_500_False_0 iteration = 3.24e+02, duration of the scoring phase = 15.5

Iteration 60 for optimizer RL_4_256_256_128_32_0.0003_500_False_0
Current scores : [32 30 30 30 30]
Mean score : 15.292, mean score among 20 best scores : 27.5
The current all time best score is 40
Duration of the RL_4_256_256_128_32_0.0003_500_False_0 iteration = 4.17e+02, duration of the scoring phase = 15.8
New good score found : 38

New homological profile found : 21 21

New good score found : 42

Iteration 70 for optimizer RL_4_256_256_128_32_0.0003_500_False_0
Current scores : [32 30 30 28 28]
Mean score : 14.948, mean score among 20 best scores : 26.7
The current all time best score is 42
Duration of the RL_4_256_256_128_32_0.0003_500_False_0 iteration = 6.46e+02, duration of the scoring phase = 15.3

Iteration 80 for optimizer RL_4_256_256_128_32_0.0003_500_False_0
Current scores : [32 32 30 30 30]
Mean score : 15.496, mean score among 20 best scores : 28.1
The current all time best score is 42
Duration of the RL_4_256_256_128_32_0.0003_500_False_0 iteration = 5.49e+02, duration of the scoring phase = 12.3
New good score found : 42

Iteration 90 for optimizer RL_4_256_256_128_32_0.0003_500_False_0
Current scores : [32 32 32 30 30]
Mean score : 15.416, mean score among 20 best scores : 28.0
The current all time best score is 42
Duration of the RL_4_256_256_128_32_0.0003_500_False_0 iteration = 6.45e+02, duration of the scoring phase = 15.3
New good score found : 40
