
-----
Starting optimization with optimizer RS_1000 in experiment exp_1_RS_RS_1000_graph_2.1_19_seed_0

New good score found : -10.956606145029614
New good score found : -10.978714979955939
New good score found : -11.086989926259843
New good score found : -11.20029662960896
New good score found : -11.252662541225817

Iteration 0 for optimizer RS_1000
Current scores : [-10.95660615 -10.97871498 -11.08698993 -11.20029663 -11.25266254]
Mean score : -13.196859626850364, mean score among 20 best scores : -11.48482801611279
The current all time best score is -10.956606145029614
Duration of the RS_1000 iteration = 5.86, duration of the scoring phase = 5.86
New good score found : -11.03657490811025
New good score found : -11.079061162970941
New good score found : -11.01133847306583
New good score found : -11.037191072443779
New good score found : -10.921855991064888
New good score found : -10.912457943539593
Maximal running time reached for RS_1000
End of the run for optimizer RS_1000
CPU time passed: 32.0661, wall time passed: 138.616
Best score found : -10.912457943539593 


-----
Starting optimization with optimizer RS_1000 in experiment exp_1_RS_RS_1000_graph_2.1_19_seed_1

New good score found : -10.578242134942034
New good score found : -11.17807262474689
New good score found : -11.320290907838945
New good score found : -11.327352525931168
New good score found : -11.35777970161472

Iteration 0 for optimizer RS_1000
Current scores : [-10.57824213 -11.17807262 -11.32029091 -11.32735253 -11.3577797 ]
Mean score : -13.166943478561723, mean score among 20 best scores : -11.548517039381965
The current all time best score is -10.578242134942034
Duration of the RS_1000 iteration = 5.99, duration of the scoring phase = 5.99
New good score found : -11.161958697818388
New good score found : -11.216292905097568
New good score found : -11.315351814176498
New good score found : -10.844198749520885
New good score found : -11.110475572346932
New good score found : -11.172208102513988
New good score found : -10.994622406821478
Maximal running time reached for RS_1000
End of the run for optimizer RS_1000
CPU time passed: 32.0843, wall time passed: 142.395
Best score found : -10.578242134942034 


-----
Starting optimization with optimizer RS_1000 in experiment exp_1_RS_RS_1000_graph_2.1_19_seed_2

New good score found : -11.213672379330049
New good score found : -11.312543045833834
New good score found : -11.38933669956571
New good score found : -11.39175805472994
New good score found : -11.427282015673672

Iteration 0 for optimizer RS_1000
Current scores : [-11.21367238 -11.31254305 -11.3893367  -11.39175805 -11.42728202]
Mean score : -13.192270444566923, mean score among 20 best scores : -11.574039306813077
The current all time best score is -11.213672379330049
Duration of the RS_1000 iteration = 4.75, duration of the scoring phase = 4.74
New good score found : -10.943790175758746
New good score found : -10.944206436193117
New good score found : -11.15408149084957
New good score found : -11.22879488261643
New good score found : -10.777409341762944
New good score found : -11.067917202732488
New good score found : -11.098827179740631
New good score found : -11.096432160485854
New good score found : -11.026444550379136
New good score found : -10.926595853819197
Maximal running time reached for RS_1000
End of the run for optimizer RS_1000
CPU time passed: 30.5996, wall time passed: 112.36
Best score found : -10.777409341762944 

