
-----
Starting optimization with optimizer RS_2000 in experiment exp_1_RS_RS_2000_graph_2.3_40_seed_0

New good score found : -4.968501604921725
New good score found : -5.018711400215919
New good score found : -5.106986970965042
New good score found : -5.1110944621927565
New good score found : -5.246885627185036

Iteration 0 for optimizer RS_2000
Current scores : [-4.9685016  -5.0187114  -5.10698697 -5.11109446 -5.24688563]
Mean score : -59.508063252078834, mean score among 20 best scores : -10.693559166543967
The current all time best score is -4.968501604921725
Duration of the RS_2000 iteration = 23.0, duration of the scoring phase = 23.0
New good score found : -5.116685712543419
Maximal running time reached for RS_2000
End of the run for optimizer RS_2000
CPU time passed: 37.0581, wall time passed: 136.163
Best score found : -4.968501604921725 


-----
Starting optimization with optimizer RS_2000 in experiment exp_1_RS_RS_2000_graph_2.3_40_seed_1

New good score found : -4.6019776688770015
New good score found : -4.977231440302296
New good score found : -5.151512752099146
New good score found : -5.173033183097084
New good score found : -5.179220493807632

Iteration 0 for optimizer RS_2000
Current scores : [-4.60197767 -4.97723144 -5.15151275 -5.17303318 -5.17922049]
Mean score : -59.60304726241319, mean score among 20 best scores : -21.170681885090747
The current all time best score is -4.6019776688770015
Duration of the RS_2000 iteration = 13.6, duration of the scoring phase = 13.6
New good score found : -5.042504221250798
New good score found : -5.09099119650005
Maximal running time reached for RS_2000
End of the run for optimizer RS_2000
CPU time passed: 38.9826, wall time passed: 163.181
Best score found : -4.6019776688770015 


-----
Starting optimization with optimizer RS_2000 in experiment exp_1_RS_RS_2000_graph_2.3_40_seed_2

New good score found : -5.034944154477113
New good score found : -5.040479990781319
New good score found : -5.187323482892465
New good score found : -5.231133571308679
New good score found : -5.2707773874287716

Iteration 0 for optimizer RS_2000
Current scores : [-5.03494415 -5.04047999 -5.18732348 -5.23113357 -5.27077739]
Mean score : -59.68598710029463, mean score among 20 best scores : -28.999700254078
The current all time best score is -5.034944154477113
Duration of the RS_2000 iteration = 12.7, duration of the scoring phase = 12.7
New good score found : -4.775341984442022
New good score found : -4.913224632507231
New good score found : -5.181854719250663
Maximal running time reached for RS_2000
End of the run for optimizer RS_2000
CPU time passed: 38.6247, wall time passed: 133.523
Best score found : -4.775341984442022 

