
-----
Starting optimization with optimizer RS_1000 in experiment exp_1_RS_RS_1000_graph_2.1_9_seed_0

New good score found : -2.8745506911047727
New good score found : -2.9498914246681
New good score found : -2.9837406769769994
New good score found : -3.019670541471481
New good score found : -3.0857206973544877

Iteration 0 for optimizer RS_1000
Current scores : [-2.87455069 -2.94989142 -2.98374068 -3.01967054 -3.0857207 ]
Mean score : -33004.40304541518, mean score among 20 best scores : -3.125305830325794
The current all time best score is -2.8745506911047727
Duration of the RS_1000 iteration = 1.71, duration of the scoring phase = 1.7
New good score found : -2.705564100862174
New good score found : -2.8200259153435048
New good score found : -2.830509754715638
New good score found : -2.8468412948513926
New good score found : -2.863913050525213
New good score found : -2.796681849397999
New good score found : -2.825575034461764
New good score found : -2.6640000232477115
New good score found : -2.805839175959228
New good score found : -2.6857098045890986
New good score found : -2.7780820563090933
New good score found : -2.697347832395616
New good score found : -2.7400280700664363
New good score found : -2.4719419601429866
New good score found : -2.7022310006688333
New good score found : -2.6845474379218057
New good score found : -2.371694734173209
New good score found : -2.4283703335886315
New good score found : -2.590334018006645
New good score found : -2.633054435203245
New good score found : -1.7521580038738351
New good score found : -1.5704704969525278
New good score found : -1.6632778355455944
New good score found : -2.1715728752538106
New good score found : -2.18590490715154
Maximal running time reached for RS_1000
End of the run for optimizer RS_1000
CPU time passed: 30.3413, wall time passed: 182.067
Best score found : -1.5704704969525278 


-----
Starting optimization with optimizer RS_1000 in experiment exp_1_RS_RS_1000_graph_2.1_9_seed_1

New good score found : -2.5144959580309796
New good score found : -2.5144959580309805
New good score found : -2.7459073674266077
New good score found : -2.853756636298237
New good score found : -2.8621644070698635

Iteration 0 for optimizer RS_1000
Current scores : [-2.51449596 -2.51449596 -2.74590737 -2.85375664 -2.86216441]
Mean score : -34004.3950761202, mean score among 20 best scores : -3.051293174144129
The current all time best score is -2.5144959580309796
Duration of the RS_1000 iteration = 1.74, duration of the scoring phase = 1.74
New good score found : -1.6750773741933376
New good score found : -1.9131136593411098
New good score found : -2.583792684522017
New good score found : -2.5643291224489166
New good score found : -1.8563036043551446
New good score found : -2.4076408527536
New good score found : -1.7331256880626396
New good score found : -2.2236315990250053
New good score found : -1.6210626180369885
Maximal running time reached for RS_1000
End of the run for optimizer RS_1000
CPU time passed: 30.1165, wall time passed: 164.673
Best score found : -1.6210626180369885 


-----
Starting optimization with optimizer RS_1000 in experiment exp_1_RS_RS_1000_graph_2.1_9_seed_2

New good score found : -1.6210626180369871
New good score found : -2.43992619173204
New good score found : -2.6342624631350824
New good score found : -2.809069515868955
New good score found : -2.887314784152625

Iteration 0 for optimizer RS_1000
Current scores : [-1.62106262 -2.43992619 -2.63426246 -2.80906952 -2.88731478]
Mean score : -26004.438707863832, mean score among 20 best scores : -2.9406788498193057
The current all time best score is -1.6210626180369871
Duration of the RS_1000 iteration = 1.58, duration of the scoring phase = 1.57
New good score found : -2.580802424907579
New good score found : -2.76260967219197
New good score found : -2.4593425303953955
New good score found : -2.618077412669255
New good score found : -2.2220265729223905
New good score found : -2.25554098508111
New good score found : -2.4234805444097467
New good score found : -2.086541570509096
New good score found : -2.1437934700656402
New good score found : -1.9621918928292095
New good score found : -1.811175297165685
New good score found : -1.6959106742159493
Maximal running time reached for RS_1000
End of the run for optimizer RS_1000
CPU time passed: 31.578, wall time passed: 107.576
Best score found : -1.6210626180369871 

