
-----
Starting optimization with optimizer RS_2000 in experiment exp_1_RS_RS_2000_graph_2.3_20_seed_0

New good score found : -2.7594998944798377
New good score found : -2.7607557293120313
New good score found : -2.790059239581363
New good score found : -2.7926119908383233
New good score found : -2.8013771103849523

Iteration 0 for optimizer RS_2000
Current scores : [-2.75949989 -2.76075573 -2.79005924 -2.79261199 -2.80137711]
Mean score : -21.432295019343016, mean score among 20 best scores : -2.846137388183798
The current all time best score is -2.7594998944798377
Duration of the RS_2000 iteration = 12.4, duration of the scoring phase = 12.3
New good score found : -2.737419224804385
New good score found : -2.761598473172115
New good score found : -2.6343533970660644
New good score found : -2.666717673449453
New good score found : -2.710939585468408
New good score found : -2.742393673641863
New good score found : -2.465802898421548
New good score found : -2.5972853490007886
New good score found : -2.6246868033165427
New good score found : -2.664699946153586
New good score found : -2.663770333867899
Maximal running time reached for RS_2000
End of the run for optimizer RS_2000
CPU time passed: 31.0977, wall time passed: 145.351
Best score found : -2.465802898421548 


-----
Starting optimization with optimizer RS_2000 in experiment exp_1_RS_RS_2000_graph_2.3_20_seed_1

New good score found : -2.6250382062969795
New good score found : -2.668742886443092
New good score found : -2.721199363257786
New good score found : -2.723877420150082
New good score found : -2.753733571468676

Iteration 0 for optimizer RS_2000
Current scores : [-2.62503821 -2.66874289 -2.72119936 -2.72387742 -2.75373357]
Mean score : -521.4044939979253, mean score among 20 best scores : -2.8317767669916827
The current all time best score is -2.6250382062969795
Duration of the RS_2000 iteration = 2.57, duration of the scoring phase = 2.55
New good score found : -2.635317317590361
New good score found : -2.7188582714006224
New good score found : -2.6447431173461515
New good score found : -2.65210759002955
New good score found : -2.551072207235662
New good score found : -2.580159053414542
New good score found : -2.6409409208864174
New good score found : -2.567263199687135
New good score found : -2.6163999732562244
New good score found : -2.596776274036828
New good score found : -2.615700965217143
Maximal running time reached for RS_2000
End of the run for optimizer RS_2000
CPU time passed: 31.7908, wall time passed: 178.957
Best score found : -2.551072207235662 


-----
Starting optimization with optimizer RS_2000 in experiment exp_1_RS_RS_2000_graph_2.3_20_seed_2

New good score found : -2.5643788422489466
New good score found : -2.723747704871248
New good score found : -2.7347436104041973
New good score found : -2.735718658950219
New good score found : -2.761158989078418

Iteration 0 for optimizer RS_2000
Current scores : [-2.56437884 -2.7237477  -2.73474361 -2.73571866 -2.76115899]
Mean score : -21.582459909359194, mean score among 20 best scores : -2.821407797414623
The current all time best score is -2.5643788422489466
Duration of the RS_2000 iteration = 2.45, duration of the scoring phase = 2.44
New good score found : -2.6850334598228436
New good score found : -2.7029023859810817
New good score found : -2.705119050864095
New good score found : -2.6475681986220874
New good score found : -2.6644497606152937
New good score found : -2.6947038577763704
New good score found : -2.6376296905271004
New good score found : -2.646120320486921
New good score found : -2.650464382603555
New good score found : -2.592355593124518
New good score found : -2.6328759699230413
New good score found : -2.6160637681800925
New good score found : -2.5785790841436835
Maximal running time reached for RS_2000
End of the run for optimizer RS_2000
CPU time passed: 30.5076, wall time passed: 125.174
Best score found : -2.5643788422489466 

