
-----
Starting optimization with optimizer RL_5_256_256_256_128_32_0.0003_500_False_0 in experiment exp_2_RL_layers_triangs_RL_5_256_256_256_128_32_0.0003_500_False_0_homology_bt_Harnack.10_2_10_seed_0


New homological profile found : 10 10


New homological profile found : 6 6


New homological profile found : 7 7


New homological profile found : 5 5


New homological profile found : 9 9


New homological profile found : 12 12


New homological profile found : 8 8


New homological profile found : 4 4


New homological profile found : 15 15


New homological profile found : 3 3


New homological profile found : 11 11


New homological profile found : 13 13


New homological profile found : 2 2


New homological profile found : 14 14

New good score found : 30
New good score found : 30
New good score found : 28
New good score found : 28
New good score found : 26

Iteration 0 for optimizer RL_5_256_256_256_128_32_0.0003_500_False_0
Current scores : [30 30 28 28 26]
Mean score : 13.864, mean score among 20 best scores : 25.0
The current all time best score is 30
Duration of the RL_5_256_256_256_128_32_0.0003_500_False_0 iteration = 31.4, duration of the scoring phase = 11.9

New homological profile found : 1 1

New good score found : 30
New good score found : 30

New homological profile found : 16 16

New good score found : 32
New good score found : 32
New good score found : 32

Iteration 10 for optimizer RL_5_256_256_256_128_32_0.0003_500_False_0
Current scores : [32 30 30 28 26]
Mean score : 14.328, mean score among 20 best scores : 25.8
The current all time best score is 32
Duration of the RL_5_256_256_256_128_32_0.0003_500_False_0 iteration = 1.42e+02, duration of the scoring phase = 15.6
New good score found : 32
New good score found : 32

New homological profile found : 18 18

New good score found : 36

Iteration 20 for optimizer RL_5_256_256_256_128_32_0.0003_500_False_0
Current scores : [30 30 28 28 28]
Mean score : 14.568, mean score among 20 best scores : 26.5
The current all time best score is 36
Duration of the RL_5_256_256_256_128_32_0.0003_500_False_0 iteration = 2.66e+02, duration of the scoring phase = 15.4

New homological profile found : 17 17

New good score found : 34
New good score found : 34
New good score found : 34
New good score found : 36

Iteration 30 for optimizer RL_5_256_256_256_128_32_0.0003_500_False_0
Current scores : [36 30 30 30 30]
Mean score : 14.868, mean score among 20 best scores : 27.3
The current all time best score is 36
Duration of the RL_5_256_256_256_128_32_0.0003_500_False_0 iteration = 3.25e+02, duration of the scoring phase = 15.4
New good score found : 36
New good score found : 36

Iteration 40 for optimizer RL_5_256_256_256_128_32_0.0003_500_False_0
Current scores : [34 32 30 28 28]
Mean score : 14.996, mean score among 20 best scores : 26.4
The current all time best score is 36
Duration of the RL_5_256_256_256_128_32_0.0003_500_False_0 iteration = 3.99e+02, duration of the scoring phase = 15.4
New good score found : 36

Iteration 50 for optimizer RL_5_256_256_256_128_32_0.0003_500_False_0
Current scores : [34 34 28 28 28]
Mean score : 14.82, mean score among 20 best scores : 26.7
The current all time best score is 36
Duration of the RL_5_256_256_256_128_32_0.0003_500_False_0 iteration = 4.27e+02, duration of the scoring phase = 15.2

New homological profile found : 19 19

New good score found : 38
New good score found : 38

Iteration 60 for optimizer RL_5_256_256_256_128_32_0.0003_500_False_0
Current scores : [30 28 28 28 28]
Mean score : 14.92, mean score among 20 best scores : 26.5
The current all time best score is 38
Duration of the RL_5_256_256_256_128_32_0.0003_500_False_0 iteration = 4.94e+02, duration of the scoring phase = 15.4
New good score found : 38

Iteration 70 for optimizer RL_5_256_256_256_128_32_0.0003_500_False_0
Current scores : [36 30 30 30 30]
Mean score : 15.096, mean score among 20 best scores : 27.5
The current all time best score is 38
Duration of the RL_5_256_256_256_128_32_0.0003_500_False_0 iteration = 5.94e+02, duration of the scoring phase = 15.5
New good score found : 38

Iteration 80 for optimizer RL_5_256_256_256_128_32_0.0003_500_False_0
Current scores : [32 28 28 28 28]
Mean score : 14.996, mean score among 20 best scores : 26.5
The current all time best score is 38
Duration of the RL_5_256_256_256_128_32_0.0003_500_False_0 iteration = 6.83e+02, duration of the scoring phase = 15.7

New homological profile found : 20 20

New good score found : 40

Iteration 90 for optimizer RL_5_256_256_256_128_32_0.0003_500_False_0
Current scores : [40 30 30 28 26]
Mean score : 14.924, mean score among 20 best scores : 26.2
The current all time best score is 40
Duration of the RL_5_256_256_256_128_32_0.0003_500_False_0 iteration = 5.44e+02, duration of the scoring phase = 15.6
Maximal running time reached for RL_5_256_256_256_128_32_0.0003_500_False_0
End of the run for optimizer RL_5_256_256_256_128_32_0.0003_500_False_0
CPU time passed: 36064.7, wall time passed: 16691.0
Best score found : 40 


-----
Starting optimization with optimizer RL_5_256_256_256_128_32_0.0003_500_False_0 in experiment exp_2_RL_layers_triangs_RL_5_256_256_256_128_32_0.0003_500_False_0_homology_bt_Harnack.10_2_10_seed_1


New homological profile found : 3 3


New homological profile found : 8 8


New homological profile found : 9 9


New homological profile found : 7 7


New homological profile found : 6 6


New homological profile found : 11 11


New homological profile found : 10 10


New homological profile found : 2 2


New homological profile found : 5 5


New homological profile found : 13 13


New homological profile found : 4 4


New homological profile found : 12 12


New homological profile found : 14 14

New good score found : 28
New good score found : 28
New good score found : 28
New good score found : 26
New good score found : 26

Iteration 0 for optimizer RL_5_256_256_256_128_32_0.0003_500_False_0
Current scores : [28 28 28 26 26]
Mean score : 13.988, mean score among 20 best scores : 25.0
The current all time best score is 28
Duration of the RL_5_256_256_256_128_32_0.0003_500_False_0 iteration = 36.6, duration of the scoring phase = 15.7
New good score found : 28
New good score found : 28

New homological profile found : 15 15

New good score found : 30
New good score found : 30
New good score found : 30

New homological profile found : 1 1

New good score found : 30
New good score found : 30

New homological profile found : 20 20


New homological profile found : 16 16

New good score found : 40
New good score found : 32
New good score found : 32
New good score found : 32

New homological profile found : 17 17

New good score found : 34

Iteration 10 for optimizer RL_5_256_256_256_128_32_0.0003_500_False_0
Current scores : [34 32 30 28 28]
Mean score : 14.376, mean score among 20 best scores : 26.6
The current all time best score is 40
Duration of the RL_5_256_256_256_128_32_0.0003_500_False_0 iteration = 1.48e+02, duration of the scoring phase = 15.5

New homological profile found : 18 18

New good score found : 36
New good score found : 36
New good score found : 34

New homological profile found : 19 19

New good score found : 38
New good score found : 36

Iteration 20 for optimizer RL_5_256_256_256_128_32_0.0003_500_False_0
Current scores : [36 30 28 28 28]
Mean score : 14.708, mean score among 20 best scores : 26.5
The current all time best score is 40
Duration of the RL_5_256_256_256_128_32_0.0003_500_False_0 iteration = 2.55e+02, duration of the scoring phase = 16.0
New good score found : 38

Iteration 30 for optimizer RL_5_256_256_256_128_32_0.0003_500_False_0
Current scores : [30 30 28 28 28]
Mean score : 14.444, mean score among 20 best scores : 26.2
The current all time best score is 40
Duration of the RL_5_256_256_256_128_32_0.0003_500_False_0 iteration = 3.18e+02, duration of the scoring phase = 12.2

New homological profile found : 22 22

New good score found : 44

Iteration 40 for optimizer RL_5_256_256_256_128_32_0.0003_500_False_0
Current scores : [44 30 28 28 28]
Mean score : 14.956, mean score among 20 best scores : 27.3
The current all time best score is 44
Duration of the RL_5_256_256_256_128_32_0.0003_500_False_0 iteration = 4.41e+02, duration of the scoring phase = 15.1
New good score found : 40

Iteration 50 for optimizer RL_5_256_256_256_128_32_0.0003_500_False_0
Current scores : [30 30 28 26 26]
Mean score : 14.952, mean score among 20 best scores : 25.6
The current all time best score is 44
Duration of the RL_5_256_256_256_128_32_0.0003_500_False_0 iteration = 4.31e+02, duration of the scoring phase = 15.5

Iteration 60 for optimizer RL_5_256_256_256_128_32_0.0003_500_False_0
Current scores : [30 30 28 28 26]
Mean score : 14.636, mean score among 20 best scores : 25.8
The current all time best score is 44
Duration of the RL_5_256_256_256_128_32_0.0003_500_False_0 iteration = 4.77e+02, duration of the scoring phase = 15.6
New good score found : 40

Iteration 70 for optimizer RL_5_256_256_256_128_32_0.0003_500_False_0
Current scores : [32 32 30 28 28]
Mean score : 15.076, mean score among 20 best scores : 27.2
The current all time best score is 44
Duration of the RL_5_256_256_256_128_32_0.0003_500_False_0 iteration = 5.62e+02, duration of the scoring phase = 15.6
New good score found : 40

Iteration 80 for optimizer RL_5_256_256_256_128_32_0.0003_500_False_0
Current scores : [34 30 30 30 28]
Mean score : 15.256, mean score among 20 best scores : 27.2
The current all time best score is 44
Duration of the RL_5_256_256_256_128_32_0.0003_500_False_0 iteration = 5.46e+02, duration of the scoring phase = 15.5

Iteration 90 for optimizer RL_5_256_256_256_128_32_0.0003_500_False_0
Current scores : [32 30 30 30 28]
Mean score : 15.408, mean score among 20 best scores : 26.8
The current all time best score is 44
Duration of the RL_5_256_256_256_128_32_0.0003_500_False_0 iteration = 5.92e+02, duration of the scoring phase = 15.6
Maximal running time reached for RL_5_256_256_256_128_32_0.0003_500_False_0
End of the run for optimizer RL_5_256_256_256_128_32_0.0003_500_False_0
CPU time passed: 36129.5, wall time passed: 16878.6
Best score found : 44 


-----
Starting optimization with optimizer RL_5_256_256_256_128_32_0.0003_500_False_0 in experiment exp_2_RL_layers_triangs_RL_5_256_256_256_128_32_0.0003_500_False_0_homology_bt_Harnack.10_2_10_seed_2


New homological profile found : 8 8


New homological profile found : 6 6


New homological profile found : 10 10


New homological profile found : 5 5


New homological profile found : 7 7


New homological profile found : 9 9


New homological profile found : 15 15


New homological profile found : 11 11


New homological profile found : 4 4


New homological profile found : 3 3


New homological profile found : 12 12


New homological profile found : 14 14


New homological profile found : 13 13


New homological profile found : 2 2

New good score found : 30
New good score found : 30
New good score found : 28
New good score found : 28
New good score found : 28

Iteration 0 for optimizer RL_5_256_256_256_128_32_0.0003_500_False_0
Current scores : [30 30 28 28 28]
Mean score : 14.284, mean score among 20 best scores : 25.5
The current all time best score is 30
Duration of the RL_5_256_256_256_128_32_0.0003_500_False_0 iteration = 31.4, duration of the scoring phase = 12.2

New homological profile found : 17 17

New good score found : 34
New good score found : 30

New homological profile found : 1 1

New good score found : 34

New homological profile found : 18 18

New good score found : 36
New good score found : 34

New homological profile found : 16 16

New good score found : 32

New homological profile found : 19 19

New good score found : 38

Iteration 10 for optimizer RL_5_256_256_256_128_32_0.0003_500_False_0
Current scores : [38 30 28 26 26]
Mean score : 14.136, mean score among 20 best scores : 25.4
The current all time best score is 38
Duration of the RL_5_256_256_256_128_32_0.0003_500_False_0 iteration = 1.48e+02, duration of the scoring phase = 15.6
New good score found : 38
New good score found : 36

Iteration 20 for optimizer RL_5_256_256_256_128_32_0.0003_500_False_0
Current scores : [34 30 28 28 28]
Mean score : 14.552, mean score among 20 best scores : 26.6
The current all time best score is 38
Duration of the RL_5_256_256_256_128_32_0.0003_500_False_0 iteration = 2.93e+02, duration of the scoring phase = 15.6
New good score found : 36

Iteration 30 for optimizer RL_5_256_256_256_128_32_0.0003_500_False_0
Current scores : [30 28 28 26 26]
Mean score : 14.688, mean score among 20 best scores : 25.2
The current all time best score is 38
Duration of the RL_5_256_256_256_128_32_0.0003_500_False_0 iteration = 3.14e+02, duration of the scoring phase = 12.7

Iteration 40 for optimizer RL_5_256_256_256_128_32_0.0003_500_False_0
Current scores : [34 34 28 28 28]
Mean score : 14.94, mean score among 20 best scores : 26.4
The current all time best score is 38
Duration of the RL_5_256_256_256_128_32_0.0003_500_False_0 iteration = 4.28e+02, duration of the scoring phase = 15.4
New good score found : 38

Iteration 50 for optimizer RL_5_256_256_256_128_32_0.0003_500_False_0
Current scores : [30 28 28 28 28]
Mean score : 14.892, mean score among 20 best scores : 26.8
The current all time best score is 38
Duration of the RL_5_256_256_256_128_32_0.0003_500_False_0 iteration = 4.39e+02, duration of the scoring phase = 15.6
New good score found : 38

Iteration 60 for optimizer RL_5_256_256_256_128_32_0.0003_500_False_0
Current scores : [34 32 32 30 30]
Mean score : 15.416, mean score among 20 best scores : 28.2
The current all time best score is 38
Duration of the RL_5_256_256_256_128_32_0.0003_500_False_0 iteration = 4.69e+02, duration of the scoring phase = 15.5

Iteration 70 for optimizer RL_5_256_256_256_128_32_0.0003_500_False_0
Current scores : [36 32 30 30 28]
Mean score : 15.644, mean score among 20 best scores : 28.3
The current all time best score is 38
Duration of the RL_5_256_256_256_128_32_0.0003_500_False_0 iteration = 6.21e+02, duration of the scoring phase = 15.8
New good score found : 38

New homological profile found : 20 20

New good score found : 40

Iteration 80 for optimizer RL_5_256_256_256_128_32_0.0003_500_False_0
Current scores : [32 30 30 30 30]
Mean score : 15.476, mean score among 20 best scores : 27.4
The current all time best score is 40
Duration of the RL_5_256_256_256_128_32_0.0003_500_False_0 iteration = 4.87e+02, duration of the scoring phase = 15.4

Iteration 90 for optimizer RL_5_256_256_256_128_32_0.0003_500_False_0
Current scores : [30 30 30 28 28]
Mean score : 15.368, mean score among 20 best scores : 27.0
The current all time best score is 40
Duration of the RL_5_256_256_256_128_32_0.0003_500_False_0 iteration = 5.52e+02, duration of the scoring phase = 15.6
Maximal running time reached for RL_5_256_256_256_128_32_0.0003_500_False_0
End of the run for optimizer RL_5_256_256_256_128_32_0.0003_500_False_0
CPU time passed: 36295.6, wall time passed: 16893.1
Best score found : 40 


-----
Starting optimization with optimizer RL_5_256_256_256_128_32_0.0003_500_False_0 in experiment exp_2_RL_layers_triangs_RL_5_256_256_256_128_32_0.0003_500_False_0_homology_bt_Harnack.10_2_10_seed_3


New homological profile found : 8 8


New homological profile found : 6 6


New homological profile found : 7 7


New homological profile found : 3 3


New homological profile found : 9 9


New homological profile found : 10 10


New homological profile found : 5 5


New homological profile found : 4 4


New homological profile found : 13 13


New homological profile found : 11 11


New homological profile found : 12 12


New homological profile found : 2 2


New homological profile found : 17 17


New homological profile found : 15 15


New homological profile found : 16 16

New good score found : 34
New good score found : 32
New good score found : 30
New good score found : 26
New good score found : 26

Iteration 0 for optimizer RL_5_256_256_256_128_32_0.0003_500_False_0
Current scores : [34 32 30 26 26]
Mean score : 14.06, mean score among 20 best scores : 25.5
The current all time best score is 34
Duration of the RL_5_256_256_256_128_32_0.0003_500_False_0 iteration = 36.5, duration of the scoring phase = 15.4

New homological profile found : 1 1


New homological profile found : 14 14

New good score found : 30
New good score found : 28
New good score found : 32
New good score found : 32
New good score found : 32

Iteration 10 for optimizer RL_5_256_256_256_128_32_0.0003_500_False_0
Current scores : [30 30 28 28 28]
Mean score : 14.196, mean score among 20 best scores : 25.8
The current all time best score is 34
Duration of the RL_5_256_256_256_128_32_0.0003_500_False_0 iteration = 1.39e+02, duration of the scoring phase = 15.7
New good score found : 34
New good score found : 34
New good score found : 34

Iteration 20 for optimizer RL_5_256_256_256_128_32_0.0003_500_False_0
Current scores : [30 30 28 28 28]
Mean score : 14.608, mean score among 20 best scores : 25.6
The current all time best score is 34
Duration of the RL_5_256_256_256_128_32_0.0003_500_False_0 iteration = 2.23e+02, duration of the scoring phase = 11.9

New homological profile found : 19 19

New good score found : 38

New homological profile found : 18 18

New good score found : 36
New good score found : 38

Iteration 30 for optimizer RL_5_256_256_256_128_32_0.0003_500_False_0
Current scores : [30 30 30 28 28]
Mean score : 14.616, mean score among 20 best scores : 26.6
The current all time best score is 38
Duration of the RL_5_256_256_256_128_32_0.0003_500_False_0 iteration = 3.31e+02, duration of the scoring phase = 15.7
New good score found : 38
New good score found : 36

Iteration 40 for optimizer RL_5_256_256_256_128_32_0.0003_500_False_0
Current scores : [30 28 28 28 28]
Mean score : 14.912, mean score among 20 best scores : 26.8
The current all time best score is 38
Duration of the RL_5_256_256_256_128_32_0.0003_500_False_0 iteration = 4.37e+02, duration of the scoring phase = 15.5

Iteration 50 for optimizer RL_5_256_256_256_128_32_0.0003_500_False_0
Current scores : [32 30 30 30 28]
Mean score : 14.864, mean score among 20 best scores : 27.0
The current all time best score is 38
Duration of the RL_5_256_256_256_128_32_0.0003_500_False_0 iteration = 4.43e+02, duration of the scoring phase = 15.5
New good score found : 38

Iteration 60 for optimizer RL_5_256_256_256_128_32_0.0003_500_False_0
Current scores : [32 32 32 32 30]
Mean score : 15.208, mean score among 20 best scores : 27.8
The current all time best score is 38
Duration of the RL_5_256_256_256_128_32_0.0003_500_False_0 iteration = 4.92e+02, duration of the scoring phase = 15.3

Iteration 70 for optimizer RL_5_256_256_256_128_32_0.0003_500_False_0
Current scores : [32 30 30 28 26]
Mean score : 15.028, mean score among 20 best scores : 26.8
The current all time best score is 38
Duration of the RL_5_256_256_256_128_32_0.0003_500_False_0 iteration = 5.92e+02, duration of the scoring phase = 15.5

Iteration 80 for optimizer RL_5_256_256_256_128_32_0.0003_500_False_0
Current scores : [34 34 30 30 28]
Mean score : 14.936, mean score among 20 best scores : 27.6
The current all time best score is 38
Duration of the RL_5_256_256_256_128_32_0.0003_500_False_0 iteration = 6.21e+02, duration of the scoring phase = 14.7

New homological profile found : 22 22

New good score found : 44

Iteration 90 for optimizer RL_5_256_256_256_128_32_0.0003_500_False_0
Current scores : [30 30 28 28 28]
Mean score : 15.48, mean score among 20 best scores : 27.0
The current all time best score is 44
Duration of the RL_5_256_256_256_128_32_0.0003_500_False_0 iteration = 5.33e+02, duration of the scoring phase = 15.7
Maximal running time reached for RL_5_256_256_256_128_32_0.0003_500_False_0
End of the run for optimizer RL_5_256_256_256_128_32_0.0003_500_False_0
CPU time passed: 36247.8, wall time passed: 16974.8
Best score found : 44 

