
New homological profile found : 4 64 4


New homological profile found : 1 58 1


New homological profile found : 2 62 2


New homological profile found : 3 64 3


New homological profile found : 1 60 1


New homological profile found : 1 66 1


New homological profile found : 3 62 3


New homological profile found : 2 54 2


New homological profile found : 2 68 2


New homological profile found : 2 60 2


New homological profile found : 5 60 5


New homological profile found : 5 68 5


New homological profile found : 4 66 4


New homological profile found : 4 58 4


New homological profile found : 4 72 4


New homological profile found : 3 70 3

Terminating...

-----
Starting optimization with optimizer TS_100_3000_3_25_50_False in experiment exp_1_TS_size_pop_triangs_TS_100_3000_3_25_50_False_homology_b0pab1_Dim.3.deg.6_3_6_seed_0

Traceback (most recent call last):
  File "/home/charles/Desktop/ML_RAG/Code/Discrete_optimization_exps/Exp_launcher.py", line 65, in <module>
    opti.optimize(exp_parameters["n_iter"], exp_parameters["dim"], exp_parameters["obj_function"][seed], initial_solutions = None, \
  File "/home/charles/Desktop/ML_RAG/Code/Discrete_Optimizers/Tabu_Search_Optimizer.py", line 213, in optimize
    self.population, self.current_scores = self.select_moves(possible_rewards, possible_moves)
  File "/home/charles/Desktop/ML_RAG/Code/Discrete_Optimizers/Tabu_Search_Optimizer.py", line 125, in select_moves
    index_best_move = np.argmax(set_of_rewards)
  File "<__array_function__ internals>", line 180, in argmax
  File "/home/charles/.local/lib/python3.10/site-packages/numpy/core/fromnumeric.py", line 1216, in argmax
    return _wrapfunc(a, 'argmax', axis=axis, out=out, **kwds)
  File "/home/charles/.local/lib/python3.10/site-packages/numpy/core/fromnumeric.py", line 54, in _wrapfunc
    return _wrapit(obj, method, *args, **kwds)
  File "/home/charles/.local/lib/python3.10/site-packages/numpy/core/fromnumeric.py", line 43, in _wrapit
    result = getattr(asarray(obj), method)(*args, **kwds)
ValueError: attempt to get argmax of an empty sequence
