
New homological profile found : 1 58 1


New homological profile found : 3 62 3


New homological profile found : 2 60 2


New homological profile found : 3 64 3


New homological profile found : 1 60 1


New homological profile found : 2 62 2


New homological profile found : 2 54 2


New homological profile found : 4 64 4


New homological profile found : 5 68 5


-----
Starting optimization with optimizer TS_30_3000_3_25_50_False in experiment exp_1_TS_size_pop_triangs_TS_30_3000_3_25_50_False_homology_b0pab1_Dim.3.deg.6_3_6_seed_0


New homological profile found : 1 66 1


New homological profile found : 5 66 5


New homological profile found : 4 66 4


New homological profile found : 5 60 5


New homological profile found : 4 58 4


New homological profile found : 3 56 3


New homological profile found : 6 62 6


New homological profile found : 4 72 4


New homological profile found : 6 68 6

New good score found : 12.8
New good score found : 12.2
New good score found : 11.8
New good score found : 11.600000000000001

Iteration 0 for optimizer TS_30_3000_3_25_50_False
Current scores : [12.8 12.2 11.8 11.6 11.6]
Mean score : 10.046666666666665, mean score among 20 best scores : 10.63
The current all time best score is 12.8
Duration of the TS_30_3000_3_25_50_False iteration = 5.48e+02, duration of the scoring phase = 5.48e+02
Terminating...
New good score found : 12.8
New good score found : 12.2
Terminating...
New good score found : 12.2
Terminating...
