
New homological profile found : 2 60 2


New homological profile found : 1 60 1


New homological profile found : 3 62 3


New homological profile found : 4 64 4


New homological profile found : 1 66 1


-----
Starting optimization with optimizer TS_10_3000_3_25_50_False in experiment exp_1_TS_size_pop_triangs_TS_10_3000_3_25_50_False_homology_b0pab1_Dim.3.deg.6_3_6_seed_0


New homological profile found : 1 58 1


New homological profile found : 2 54 2


New homological profile found : 2 68 2


New homological profile found : 2 62 2


New homological profile found : 3 64 3


New homological profile found : 5 66 5


New homological profile found : 6 68 6


New homological profile found : 4 72 4

New good score found : 12.8
New good score found : 11.600000000000001
New good score found : 11.600000000000001
New good score found : 11.2

Iteration 0 for optimizer TS_10_3000_3_25_50_False
Current scores : [12.8 11.6 11.6 11.2 10.4]
Mean score : 10.440000000000001, mean score among 20 best scores : 10.440000000000001
The current all time best score is 12.8
Duration of the TS_10_3000_3_25_50_False iteration = 1.49e+02, duration of the scoring phase = 1.49e+02

New homological profile found : 3 70 3


New homological profile found : 4 66 4


New homological profile found : 5 60 5


New homological profile found : 4 58 4


New homological profile found : 5 74 5


New homological profile found : 6 76 6


New homological profile found : 5 68 5


New homological profile found : 3 56 3


New homological profile found : 7 70 7

New good score found : 14.0
New good score found : 13.600000000000001
New good score found : 12.8

New homological profile found : 6 62 6


New homological profile found : 7 64 7


New homological profile found : 6 70 6

New good score found : 14.0
New good score found : 14.0
New good score found : 13.600000000000001
Terminating...
New good score found : 14.0
New good score found : 14.0

New homological profile found : 7 78 7


New homological profile found : 8 66 8

New good score found : 14.8
New good score found : 14.600000000000001
Terminating...
New good score found : 14.8
New good score found : 14.600000000000001
Terminating...
New good score found : 14.8
